"../../../CoopGame/Content/AdvancedAI/M_AI.uasset" 0
"../../../CoopGame/Content/AnimStarterPack/UE4_Mannequin/Mesh/UE4_Mannequin_Skeleton.uasset" 1
"../../../CoopGame/Content/AnimStarterPack/Aim_Space_Hip.uasset" 2
"../../../CoopGame/Content/AnimStarterPack/Aim_Space_Ironsights.uasset" 3
"../../../CoopGame/Content/AnimStarterPack/Crouch_to_Stand_Rifle_Hip.uasset" 4
"../../../CoopGame/Content/AnimStarterPack/Crouch_to_Stand_Rifle_Ironsights.uasset" 5
"../../../CoopGame/Content/AnimStarterPack/Crouch_Walk_Bwd_Rifle_Ironsights.uasset" 6
"../../../CoopGame/Content/AnimStarterPack/Crouch_Walk_Lt_Rifle_Ironsights.uasset" 7
"../../../CoopGame/Content/AnimStarterPack/Crouch_Walk_Rt_Rifle_Ironsights.uasset" 8
"../../../CoopGame/Content/AnimStarterPack/Death_2.uasset" 9
"../../../CoopGame/Content/AnimStarterPack/Death_3.uasset" 10
"../../../CoopGame/Content/AnimStarterPack/Death_Ironsights_1.uasset" 11
"../../../CoopGame/Content/AnimStarterPack/Death_Ironsights_2.uasset" 12
"../../../CoopGame/Content/AnimStarterPack/Equip_Rifle_Standing.uasset" 13
"../../../CoopGame/Content/AnimStarterPack/Fire_Rifle_Hip.uasset" 14
"../../../CoopGame/Content/AnimStarterPack/Fire_Shotgun_Hip.uasset" 15
"../../../CoopGame/Content/AnimStarterPack/Fire_Shotgun_Ironsights.uasset" 16
"../../../CoopGame/Content/AnimStarterPack/Hit_React_4.uasset" 17
"../../../CoopGame/Content/AnimStarterPack/Idle_Pistol.uasset" 18
"../../../CoopGame/Content/AnimStarterPack/Idle_Rifle_Ironsights.uasset" 19
"../../../CoopGame/Content/AnimStarterPack/Jump_From_Stand_Ironsights.uasset" 20
"../../../CoopGame/Content/AnimStarterPack/Prone_Death_1.uasset" 21
"../../../CoopGame/Content/AnimStarterPack/Prone_Death_2.uasset" 22
"../../../CoopGame/Content/AnimStarterPack/Prone_Fire_1.uasset" 23
"../../../CoopGame/Content/AnimStarterPack/Prone_Fire_2.uasset" 24
"../../../CoopGame/Content/AnimStarterPack/Prone_Idle.uasset" 25
"../../../CoopGame/Content/AnimStarterPack/Prone_Reload_Rifle.uasset" 26
"../../../CoopGame/Content/AnimStarterPack/Prone_Reload_Shotgun.uasset" 27
"../../../CoopGame/Content/AnimStarterPack/Prone_To_Stand.uasset" 28
"../../../CoopGame/Content/AnimStarterPack/Reload_Pistol.uasset" 29
"../../../CoopGame/Content/AnimStarterPack/Reload_Rifle_Ironsights.uasset" 30
"../../../CoopGame/Content/AnimStarterPack/Reload_Shotgun_Hip.uasset" 31
"../../../CoopGame/Content/AnimStarterPack/Reload_Shotgun_Ironsights.uasset" 32
"../../../CoopGame/Content/AnimStarterPack/Sprint_Fwd_Rifle.uasset" 33
"../../../CoopGame/Content/AnimStarterPack/Stand_to_Crouch_Rifle_Hip.uasset" 34
"../../../CoopGame/Content/AnimStarterPack/Stand_to_Crouch_Rifle_Ironsights.uasset" 35
"../../../CoopGame/Content/AnimStarterPack/Stand_To_Prone.uasset" 36
"../../../CoopGame/Content/AnimStarterPack/Crouch_Idle_Rifle_Hip.uasset" 37
"../../../CoopGame/Content/AnimStarterPack/Death_1.uasset" 38
"../../../CoopGame/Content/AnimStarterPack/Idle_Rifle_Hip.uasset" 39
"../../../CoopGame/Content/AnimStarterPack/Jump_From_Jog.uasset" 40
"../../../CoopGame/Content/AnimStarterPack/Jump_From_Stand.uasset" 41
"../../../CoopGame/Content/AnimStarterPack/Crouch_Walk_Bwd_Rifle_Hip.uasset" 42
"../../../CoopGame/Content/AnimStarterPack/Crouch_Walk_Fwd_Rifle_Hip.uasset" 43
"../../../CoopGame/Content/AnimStarterPack/Crouch_Walk_Lt_Rifle_Hip.uasset" 44
"../../../CoopGame/Content/AnimStarterPack/Crouch_Walk_Rt_Rifle_Hip.uasset" 45
"../../../CoopGame/Content/AnimStarterPack/BS_CrouchWalk.uasset" 46
"../../../CoopGame/Content/AnimStarterPack/Jog_Bwd_Rifle.uasset" 47
"../../../CoopGame/Content/AnimStarterPack/Jog_Fwd_Rifle.uasset" 48
"../../../CoopGame/Content/AnimStarterPack/Jog_Lt_Rifle.uasset" 49
"../../../CoopGame/Content/AnimStarterPack/Jog_Rt_Rifle.uasset" 50
"../../../CoopGame/Content/AnimStarterPack/BS_Jog.uasset" 51
"../../../CoopGame/Content/AnimStarterPack/UE4ASP_HeroTPP_AnimBlueprint.uasset" 52
"../../../Engine/Content/Functions/Engine_MaterialFunctions02/Utility/BlendAngleCorrectedNormals.uasset" 53
"../../../Engine/Content/Functions/MaterialLayerFunctions/MatLayerBlend_AO.uasset" 54
"../../../Engine/Content/Functions/MaterialLayerFunctions/MatLayerBlend_NormalBlend.uasset" 55
"../../../Engine/Content/Functions/MaterialLayerFunctions/MatLayerBlend_Simple.uasset" 56
"../../../CoopGame/Content/AnimStarterPack/UE4_Mannequin/Materials/MaterialLayers/T_ML_Rubber_Blue_01_D.uasset" 57
"../../../CoopGame/Content/AnimStarterPack/UE4_Mannequin/Materials/MaterialLayers/T_ML_Rubber_Blue_01_N.uasset" 58
"../../../CoopGame/Content/AnimStarterPack/UE4_Mannequin/Materials/MaterialLayers/ML_GlossyBlack_Latex_UE4.uasset" 59
"../../../CoopGame/Content/AnimStarterPack/UE4_Mannequin/Materials/MaterialLayers/ML_Plastic_Shiny_Beige.uasset" 60
"../../../CoopGame/Content/AnimStarterPack/UE4_Mannequin/Textures/UE4_LOGO_CARD.uasset" 61
"../../../CoopGame/Content/AnimStarterPack/UE4_Mannequin/Materials/MaterialLayers/ML_Plastic_Shiny_Beige_LOGO.uasset" 62
"../../../CoopGame/Content/AnimStarterPack/UE4_Mannequin/Materials/MaterialLayers/T_ML_Aluminum01.uasset" 63
"../../../CoopGame/Content/AnimStarterPack/UE4_Mannequin/Materials/MaterialLayers/T_ML_Aluminum01_N.uasset" 64
"../../../CoopGame/Content/AnimStarterPack/UE4_Mannequin/Materials/MaterialLayers/ML_SoftMetal_UE4.uasset" 65
"../../../CoopGame/Content/AnimStarterPack/UE4_Mannequin/Textures/UE4_Mannequin__normals.uasset" 66
"../../../CoopGame/Content/AnimStarterPack/UE4_Mannequin/Textures/UE4_Mannequin_MAT_MASKA.uasset" 67
"../../../CoopGame/Content/AnimStarterPack/UE4_Mannequin/Textures/UE4_Mannequin_occlusion_Mobile.uasset" 68
"../../../CoopGame/Content/AnimStarterPack/UE4_Mannequin/Materials/M_UE4Man_Body.uasset" 69
"../../../CoopGame/Content/AnimStarterPack/UE4_Mannequin/Textures/UE4Man_Logo_N.uasset" 70
"../../../CoopGame/Content/AnimStarterPack/UE4_Mannequin/Materials/M_UE4Man_ChestLogo.uasset" 71
"../../../CoopGame/Content/Core/PhysMat_FleshDefault.uasset" 72
"../../../CoopGame/Content/Core/PhysMat_FleshVulnerable.uasset" 73
"../../../CoopGame/Content/AnimStarterPack/UE4_Mannequin/Mesh/SK_Mannequin_PhysicsAsset.uasset" 74
"../../../CoopGame/Content/AnimStarterPack/UE4_Mannequin/Mesh/SK_Mannequin.uasset" 75
"../../../CoopGame/Content/AnimStarterPack/Ue4ASP_Character.uasset" 76
"../../../CoopGame/Content/AnimStarterPack/Walk_Bwd_Rifle_Ironsights.uasset" 77
"../../../CoopGame/Content/AnimStarterPack/Walk_Lt_Rifle_Ironsights.uasset" 78
"../../../CoopGame/Content/AnimStarterPack/Walk_Rt_Rifle_Ironsights.uasset" 79
"../../../CoopGame/Content/Blueprints/BP_EQSTestingPawn.uasset" 80
"../../../CoopGame/Content/Blueprints/BP_TargetDummy.uasset" 81
"../../../Engine/Content/Functions/Engine_MaterialFunctions01/Opacity/CameraDepthFade.uasset" 82
"../../../CoopGame/Content/GTFreeMaterials/Textures/Concrete_FlatSurface/Concrete_FlatSurface_2k_alb.uasset" 83
"../../../CoopGame/Content/GTFreeMaterials/Textures/Concrete_FlatSurface/Concrete_FlatSurface_2k_n.uasset" 84
"../../../CoopGame/Content/GTFreeMaterials/Textures/Concrete_Square/Concrete_Square_2k_ao.uasset" 85
"../../../CoopGame/Content/GTFreeMaterials/Textures/Concrete_Square/Concrete_Square_2k_h.uasset" 86
"../../../CoopGame/Content/GTFreeMaterials/Textures/T_MacroVariation2.uasset" 87
"../../../CoopGame/Content/GTFreeMaterials/Textures/wood_JFfantasyWoodPlanksNailedClean/wood_JFfantasyWoodPlanksNailedClean_2k_mask.uasset" 88
"../../../CoopGame/Content/GTFreeMaterials/Materials/MasterMaterial.uasset" 89
"../../../CoopGame/Content/GTFreeMaterials/Textures/Concrete_Square/Concrete_Square_2k_alb.uasset" 90
"../../../CoopGame/Content/GTFreeMaterials/Textures/Concrete_Square/Concrete_Square_2k_n.uasset" 91
"../../../CoopGame/Content/GTFreeMaterials/Materials/Concrete_Square.uasset" 92
"../../../CoopGame/Content/GTFreeMaterials/Textures/brick_ancientDiagonal/brick_ancientDiagonal_2k_ao.uasset" 93
"../../../CoopGame/Content/GTFreeMaterials/Textures/brick_ancientDiagonal/brick_ancientDiagonal_2k_d.uasset" 94
"../../../CoopGame/Content/GTFreeMaterials/Textures/brick_ancientDiagonal/brick_ancientDiagonal_2k_g.uasset" 95
"../../../CoopGame/Content/GTFreeMaterials/Textures/brick_ancientDiagonal/brick_ancientDiagonal_2k_h.uasset" 96
"../../../CoopGame/Content/GTFreeMaterials/Textures/brick_ancientDiagonal/brick_ancientDiagonal_2k_s.uasset" 97
"../../../CoopGame/Content/GTFreeMaterials/Textures/Brick_BathStone/Brick_BathStone_2k_d.uasset" 98
"../../../CoopGame/Content/GTFreeMaterials/Textures/Brick_BathStone/Brick_BathStone_2k_g.uasset" 99
"../../../CoopGame/Content/GTFreeMaterials/Textures/Brick_BathStone/Brick_BathStone_2k_h.uasset" 100
"../../../CoopGame/Content/GTFreeMaterials/Textures/Brick_BathStone/Brick_BathStone_2k_s.uasset" 101
"../../../CoopGame/Content/GTFreeMaterials/Textures/Brick_chicagoStyle/Brick_chicagoStyle_2k_d.uasset" 102
"../../../CoopGame/Content/GTFreeMaterials/Textures/Brick_chicagoStyle/Brick_chicagoStyle_2k_g.uasset" 103
"../../../CoopGame/Content/GTFreeMaterials/Textures/Brick_chicagoStyle/Brick_chicagoStyle_2k_s.uasset" 104
"../../../CoopGame/Content/GTFreeMaterials/Textures/Brick_GuiBigCastleWall/Brick_GuiBigCastleWall_2k_ao.uasset" 105
"../../../CoopGame/Content/GTFreeMaterials/Textures/Brick_GuiBigCastleWall/Brick_GuiBigCastleWall_2k_d.uasset" 106
"../../../CoopGame/Content/GTFreeMaterials/Textures/Brick_GuiBigCastleWall/Brick_GuiBigCastleWall_2k_g.uasset" 107
"../../../CoopGame/Content/GTFreeMaterials/Textures/Brick_GuiBigCastleWall/Brick_GuiBigCastleWall_2k_mask.uasset" 108
"../../../CoopGame/Content/GTFreeMaterials/Textures/brick_guiGen/brick_guiGen_2k_alb.uasset" 109
"../../../CoopGame/Content/GTFreeMaterials/Textures/brick_guiGen/brick_guiGen_2k_g.uasset" 110
"../../../CoopGame/Content/GTFreeMaterials/Textures/brick_guiGen/brick_guiGen_2k_h.uasset" 111
"../../../CoopGame/Content/GTFreeMaterials/Textures/Concrete_FlatSurface/Concrete_FlatSurface_2k_g.uasset" 112
"../../../CoopGame/Content/GTFreeMaterials/Textures/Concrete_FlatSurface/Concrete_FlatSurface_2k_s.uasset" 113
"../../../CoopGame/Content/GTFreeMaterials/Textures/Concrete_Square/Concrete_Square_2k_d.uasset" 114
"../../../CoopGame/Content/GTFreeMaterials/Textures/Concrete_Square/Concrete_Square_2k_g.uasset" 115
"../../../CoopGame/Content/GTFreeMaterials/Textures/Concrete_Square/Concrete_Square_2k_s.uasset" 116
"../../../CoopGame/Content/GTFreeMaterials/Textures/Ground_ClumpySnow/Ground_ClumpySnow_2k_alb.uasset" 117
"../../../CoopGame/Content/GTFreeMaterials/Textures/Ground_ClumpySnow/Ground_ClumpySnow_2k_ao.uasset" 118
"../../../CoopGame/Content/GTFreeMaterials/Textures/Ground_ClumpySnow/Ground_ClumpySnow_2k_d.uasset" 119
"../../../CoopGame/Content/GTFreeMaterials/Textures/Ground_ClumpySnow/Ground_ClumpySnow_2k_g.uasset" 120
"../../../CoopGame/Content/GTFreeMaterials/Textures/Ground_ClumpySnow/Ground_ClumpySnow_2k_h.uasset" 121
"../../../CoopGame/Content/GTFreeMaterials/Textures/Ground_ClumpySnow/Ground_ClumpySnow_2k_n.uasset" 122
"../../../CoopGame/Content/GTFreeMaterials/Textures/Ground_ClumpySnow/Ground_ClumpySnow_2k_s.uasset" 123
"../../../CoopGame/Content/GTFreeMaterials/Textures/Ground_Dirt/Ground_Dirt_2k_g.uasset" 124
"../../../CoopGame/Content/GTFreeMaterials/Textures/Ground_DirtBrownTan/Ground_DirtBrownTan_2k_ao.uasset" 125
"../../../CoopGame/Content/GTFreeMaterials/Textures/Ground_DirtBrownTan/Ground_DirtBrownTan_2k_s.uasset" 126
"../../../CoopGame/Content/GTFreeMaterials/Textures/Ground_GrassThickGreen/Ground_GrassThickGreen_2k_ao.uasset" 127
"../../../CoopGame/Content/GTFreeMaterials/Textures/Ground_GrassThickGreen/Ground_GrassThickGreen_2k_s.uasset" 128
"../../../CoopGame/Content/GTFreeMaterials/Textures/Ground_guiFloodedMud/Ground_guiFloodedMud_2k_ao.uasset" 129
"../../../CoopGame/Content/GTFreeMaterials/Textures/Ground_guiFloodedMud/Ground_guiFloodedMud_2k_s.uasset" 130
"../../../CoopGame/Content/GTFreeMaterials/Textures/Ground_MuddyGrass/Ground_MuddyGrass_2k_ao.uasset" 131
"../../../CoopGame/Content/GTFreeMaterials/Textures/Ground_MuddyGrass/Ground_MuddyGrass_2k_g.uasset" 132
"../../../CoopGame/Content/GTFreeMaterials/Textures/Ground_MuddyGrass/Ground_MuddyGrass_2k_h.uasset" 133
"../../../CoopGame/Content/GTFreeMaterials/Textures/Metal_BrushedCopper/Metal_BrushedCopper_2k_alb.uasset" 134
"../../../CoopGame/Content/GTFreeMaterials/Textures/Metal_BrushedSteel/Metal_BrushedSteel_2k_alb.uasset" 135
"../../../CoopGame/Content/GTFreeMaterials/Textures/Metal_DiamondPlateSciFi/Metal_DiamondPlateSciFi_2k_ao.uasset" 136
"../../../CoopGame/Content/GTFreeMaterials/Textures/Metal_Gold/Metal_Gold_2k_alb.uasset" 137
"../../../CoopGame/Content/GTFreeMaterials/Textures/Metal_Gold/Metal_Gold_2k_n.uasset" 138
"../../../CoopGame/Content/GTFreeMaterials/Textures/Metal_LeadRough/Metal_LeadRough_2k_h.uasset" 139
"../../../CoopGame/Content/GTFreeMaterials/Textures/Metal_RustedSolid/Metal_RustedSolid_2k_alb.uasset" 140
"../../../CoopGame/Content/GTFreeMaterials/Textures/Metal_sciFiCurveyWall/Metal_sciFiCurveyWall_2k_alb.uasset" 141
"../../../CoopGame/Content/GTFreeMaterials/Textures/Metal_sciFiCurveyWall/Metal_sciFiCurveyWall_2k_d.uasset" 142
"../../../CoopGame/Content/GTFreeMaterials/Textures/Metal_sciFiCurveyWall/Metal_sciFiCurveyWall_2k_h.uasset" 143
"../../../CoopGame/Content/GTFreeMaterials/Textures/Metal_SciFiMetalWalkWayPowered/Metal_SciFiMetalWalkWayPowered_2k_alb.uasset" 144
"../../../CoopGame/Content/GTFreeMaterials/Textures/Metal_SciFiMetalWalkWayPowered/Metal_SciFiMetalWalkWayPowered_2k_ao.uasset" 145
"../../../CoopGame/Content/GTFreeMaterials/Textures/Metal_SciFiMetalWalkWayPowered/Metal_SciFiMetalWalkWayPowered_2k_g.uasset" 146
"../../../CoopGame/Content/GTFreeMaterials/Textures/Metal_SciFiMetalWalkWayPowered/Metal_SciFiMetalWalkWayPowered_2k_h.uasset" 147
"../../../CoopGame/Content/GTFreeMaterials/Textures/Metal_SciFiMetalWalkWayPowered/Metal_SciFiMetalWalkWayPowered_2k_mask.uasset" 148
"../../../CoopGame/Content/GTFreeMaterials/Textures/Metal_SciFiMetalWalkWayPowered/Metal_SciFiMetalWalkWayPowered_2k_n.uasset" 149
"../../../CoopGame/Content/GTFreeMaterials/Textures/Metal_SciFiMetalWalkWayPowered/Metal_SciFiMetalWalkWayPowered_2k_s.uasset" 150
"../../../CoopGame/Content/GTFreeMaterials/Textures/Rock_JaggedCaveWall/Rock_JaggedCaveWall_2k_ao.uasset" 151
"../../../CoopGame/Content/GTFreeMaterials/Textures/Rock_JaggedCaveWall/Rock_JaggedCaveWall_2k_s.uasset" 152
"../../../CoopGame/Content/GTFreeMaterials/Textures/Tile_WoodAndTileOffsetPattern/Tile_WoodAndTileOffsetPattern_2k_ao.uasset" 153
"../../../CoopGame/Content/GTFreeMaterials/Textures/Wood_GeofwoodenPlankClean/Wood_GeofwoodenPlankClean_2k_g.uasset" 154
"../../../CoopGame/Content/GTFreeMaterials/Textures/Wood_GeofwoodenPlankClean/Wood_GeofwoodenPlankClean_2k_h.uasset" 155
"../../../CoopGame/Content/GTFreeMaterials/Textures/Wood_GeofwoodenPlankClean/Wood_GeofwoodenPlankClean_2k_s.uasset" 156
"../../../CoopGame/Content/GTFreeMaterials/Textures/Wood_InterlockingFloor/Wood_InterlockingFloor_2k_s.uasset" 157
"../../../CoopGame/Content/GTFreeMaterials/Textures/wood_JFfantasyWoodPlanksNailedClean/wood_JFfantasyWoodPlanksNailedClean_2k_d.uasset" 158
"../../../CoopGame/Content/GTFreeMaterials/Textures/wood_JFfantasyWoodPlanksNailedClean/wood_JFfantasyWoodPlanksNailedClean_2k_g.uasset" 159
"../../../CoopGame/Content/Powerups/Materials/Material.uasset" 160
"../../../CoopGame/Content/Powerups/Materials/T_CircleMask.uasset" 161
"../../../CoopGame/Content/Powerups/Materials/T_CircleMask2.uasset" 162
"../../../CoopGame/Content/Powerups/Meshes/Material.uasset" 163
"../../../CoopGame/Content/Powerups/Powerups/Effects/clouds_dust_detail_01.uasset" 164
"../../../CoopGame/Content/Powerups/Powerups/Effects/Coin2.uasset" 165
"../../../CoopGame/Content/Powerups/Powerups/Effects/gold_ore_circle2.uasset" 166
"../../../CoopGame/Content/Powerups/Powerups/Effects/gold_ore_effect.uasset" 167
"../../../CoopGame/Content/Powerups/Powerups/Effects/m_flare_03.uasset" 168
"../../../CoopGame/Content/Powerups/Powerups/Effects/M_single_ray_01.uasset" 169
"../../../CoopGame/Content/Powerups/Powerups/Effects/M_Volumetric_Streaks.uasset" 170
"../../../CoopGame/Content/Powerups/Powerups/Effects/M_wind_swirl_02.uasset" 171
"../../../CoopGame/Content/Powerups/Powerups/Effects/P_gold_ore_appearance.uasset" 172
"../../../CoopGame/Content/Powerups/Powerups/Effects/P_gold_ore_aura.uasset" 173
"../../../CoopGame/Content/Powerups/Powerups/Effects/P_gold_ore_lost.uasset" 174
"../../../Engine/Content/EngineMaterials/T_Default_Material_Grid_M.uasset" 175
"../../../Engine/Content/EngineMaterials/T_Default_Material_Grid_N.uasset" 176
"../../../Engine/Content/EngineMaterials/WorldGridMaterial.uasset" 177
"../../../CoopGame/Content/Powerups/Powerups/Effects/P_gold_ore_received.uasset" 178
"../../../CoopGame/Content/Powerups/Powerups/Effects/round_mask.uasset" 179
"../../../CoopGame/Content/Powerups/Powerups/Effects/SM_plane_pivot_down.uasset" 180
"../../../CoopGame/Content/Powerups/Powerups/Effects/sunflare.uasset" 181
"../../../CoopGame/Content/Powerups/Powerups/Effects/S_SandSwirl.uasset" 182
"../../../CoopGame/Content/Powerups/Powerups/Effects/T_Fire_tile.uasset" 183
"../../../CoopGame/Content/Powerups/Powerups/Effects/T_Flame_Tile.uasset" 184
"../../../CoopGame/Content/Powerups/Powerups/Effects/T_MeshFire_Mask.uasset" 185
"../../../CoopGame/Content/Powerups/Powerups/Effects/T_Smoke2_Tile.uasset" 186
"../../../CoopGame/Content/Powerups/Sound/Pickup_ammo.uasset" 187
"../../../CoopGame/Content/Powerups/Sound/Pickup_powerup.uasset" 188
"../../../CoopGame/Content/Powerups/Sound/Pickup_weapon.uasset" 189
"../../../CoopGame/Content/Powerups/Sound/powerdown_01.uasset" 190
"../../../CoopGame/Content/Powerups/Sound/powerdown_02.uasset" 191
"../../../CoopGame/Content/Powerups/Sound/powerup_loop_01.uasset" 192
"../../../CoopGame/Content/Powerups/Sound/powerup_loop_02.uasset" 193
"../../../CoopGame/Content/Powerups/Sound/respawn_01.uasset" 194
"../../../CoopGame/Content/TrackerBot/Sound/ball_roll_01g.uasset" 195
"../../../CoopGame/Content/TrackerBot/Sound/ball_roll_02_loop.uasset" 196
"../../../CoopGame/Content/TrackerBot/Sound/ball_roll_04_loop.uasset" 197
"../../../CoopGame/Content/TrackerBot/Sound/DroneTracker_idle.uasset" 198
"../../../CoopGame/Content/TrackerBot/Sound/DroneTracker_spotted.uasset" 199
"../../../CoopGame/Content/WeaponEffects/ShellEject/M_ShellEjectMetal.uasset" 200
"../../../CoopGame/Content/WeaponEffects/ShellEject/SM_ShellEject.uasset" 201
"../../../CoopGame/Content/WeaponEffects/ShellEject/P_Rifle_ShellEject.uasset" 202
"../../../CoopGame/Content/Weapons/MagGun_01_N.uasset" 203
"../../../CoopGame/Content/Weapons/M_Weapon01.uasset" 204
"../../../CoopGame/Content/Weapons/Launcher_01_N.uasset" 205
"../../../CoopGame/Content/Weapons/MI_Launcher01.uasset" 206
"../../../CoopGame/Content/Weapons/Launcher_02_N.uasset" 207
"../../../CoopGame/Content/Weapons/MI_Launcher02.uasset" 208
"../../../CoopGame/Content/Weapons/Launcher_Skeleton.uasset" 209
"../../../CoopGame/Content/Weapons/Launcher.uasset" 210
"../../../Engine/Content/EngineMaterials/DefaultMaterial.uasset" 211
"../../../Engine/Content/BasicShapes/Cone.uasset" 212
"../../../Engine/Content/BasicShapes/Cylinder.uasset" 213
"../../../Engine/Content/BasicShapes/Plane.uasset" 214
"../../../Engine/Content/BasicShapes/Sphere.uasset" 215
"../../../Engine/Content/EditorLandscapeResources/DataLayer.uasset" 216
"../../../Engine/Content/EditorMaterials/GizmoMaterial.uasset" 217
"../../../Engine/Content/EditorMaterials/MAT_Groups_Toggle.uasset" 218
"../../../Engine/Content/EditorMaterials/MAT_Groups_Visibility.uasset" 219
"../../../Engine/Content/EditorMaterials/PreviewShadowIndicator.uasset" 220
"../../../Engine/Content/EditorMaterials/PreviewShadowIndicatorMaterial.uasset" 221
"../../../Engine/Content/EditorMaterials/AssetViewer/EpicQuadPanorama_CC+EV1.uasset" 222
"../../../Engine/Content/EditorMaterials/MatineeGroups/MAT_ColorTrack.uasset" 223
"../../../Engine/Content/EditorMaterials/MatineeGroups/MAT_Groups_Anim.uasset" 224
"../../../Engine/Content/EditorMaterials/MatineeGroups/MAT_Groups_AudioMaster.uasset" 225
"../../../Engine/Content/EditorMaterials/MatineeGroups/MAT_Groups_Director.uasset" 226
"../../../Engine/Content/EditorMaterials/MatineeGroups/MAT_Groups_Event.uasset" 227
"../../../Engine/Content/EditorMaterials/MatineeGroups/MAT_Groups_Fade.uasset" 228
"../../../Engine/Content/EditorMaterials/MatineeGroups/MAT_Groups_Float.uasset" 229
"../../../Engine/Content/EditorMaterials/MatineeGroups/MAT_Groups_Move.uasset" 230
"../../../Engine/Content/EditorMaterials/MatineeGroups/MAT_Groups_Slomo.uasset" 231
"../../../Engine/Content/EditorMaterials/MatineeGroups/MAT_Groups_Sound.uasset" 232
"../../../Engine/Content/EditorMaterials/MatineeGroups/MAT_Groups_Vector.uasset" 233
"../../../Engine/Content/EditorMaterials/ParticleSystems/PSysThumbnail_NoImage.uasset" 234
"../../../Engine/Content/EditorMaterials/ParticleSystems/PSysThumbnail_OOD.uasset" 235
"../../../Engine/Content/EditorMaterials/Camera/CineMat.uasset" 236
"../../../Engine/Content/EditorMaterials/Camera/MI_CineMat_Rig.uasset" 237
"../../../Engine/Content/EditorMeshes/Camera/SM_CraneRig_Arm.uasset" 238
"../../../Engine/Content/EditorMeshes/Camera/SM_CraneRig_Base.uasset" 239
"../../../Engine/Content/EditorMeshes/Camera/SM_CraneRig_Body.uasset" 240
"../../../Engine/Content/EditorMeshes/Camera/SM_CraneRig_Mount.uasset" 241
"../../../Engine/Content/EditorMeshes/Camera/SM_RailRig_Mount.uasset" 242
"../../../Engine/Content/EditorMeshes/Camera/SM_RailRig_Track.uasset" 243
"../../../Engine/Content/EditorResources/BSPVertex.uasset" 244
"../../../Engine/Content/EditorResources/EmptyActor.uasset" 245
"../../../Engine/Content/EditorResources/S_Actor.uasset" 246
"../../../Engine/Content/EditorResources/S_Trigger.uasset" 247
"../../../Engine/Content/EditorResources/LightIcons/S_LightError.uasset" 248
"../../../Engine/Content/EditorResources/SequenceRecorder/Countdown.uasset" 249
"../../../Engine/Content/EditorResources/SequenceRecorder/RecordingIndicator.uasset" 250
"../../../Engine/Content/EditorSounds/Notifications/CompileFailed.uasset" 251
"../../../Engine/Content/EditorSounds/Notifications/CompileFailed_Cue.uasset" 252
"../../../Engine/Content/EditorSounds/Notifications/CompileSuccess.uasset" 253
"../../../Engine/Content/EditorSounds/Notifications/CompileStart_Cue.uasset" 254
"../../../Engine/Content/EditorSounds/Notifications/CompileSuccess_Cue.uasset" 255
"../../../Engine/Content/EngineDamageTypes/DmgTypeBP_Environmental.uasset" 256
"../../../Engine/Content/EngineDebugMaterials/HeatmapGradient.uasset" 257
"../../../Engine/Content/EngineDebugMaterials/BoneWeightMaterial.uasset" 258
"../../../Engine/Content/EngineDebugMaterials/ClothMaterial.uasset" 259
"../../../Engine/Content/EngineDebugMaterials/ClothMaterial_WF.uasset" 260
"../../../Engine/Content/EngineDebugMaterials/DebugEditorMaterial.uasset" 261
"../../../Engine/Content/EngineDebugMaterials/DebugMeshMaterial.uasset" 262
"../../../Engine/Content/EngineDebugMaterials/GeomMaterial.uasset" 263
"../../../Engine/Content/EngineFonts/Faces/RobotoBold.uasset" 264
"../../../Engine/Content/EngineFonts/Faces/RobotoBoldItalic.uasset" 265
"../../../Engine/Content/EngineFonts/Faces/RobotoItalic.uasset" 266
"../../../Engine/Content/EngineFonts/Faces/RobotoLight.uasset" 267
"../../../Engine/Content/EngineFonts/Faces/RobotoRegular.uasset" 268
"../../../Engine/Content/EngineFonts/Roboto.uasset" 269
"../../../Engine/Content/EngineFonts/Faces/RobotoTiny.uasset" 270
"../../../Engine/Content/EngineFonts/RobotoTiny.uasset" 271
"../../../Engine/Content/EngineMaterials/DefaultBloomKernel.uasset" 272
"../../../Engine/Content/EngineMaterials/DefaultBokeh.uasset" 273
"../../../Engine/Content/EngineMaterials/DefaultDiffuse.uasset" 274
"../../../Engine/Content/EngineMaterials/DefaultDeferredDecalMaterial.uasset" 275
"../../../Engine/Content/EngineMaterials/DefaultLightFunctionMaterial.uasset" 276
"../../../Engine/Content/EngineMaterials/DefaultPhysicalMaterial.uasset" 277
"../../../Engine/Content/Functions/Engine_MaterialFunctions02/Utility/BreakOutFloat2Components.uasset" 278
"../../../Engine/Content/EngineMaterials/DefaultPostProcessMaterial.uasset" 279
"../../../Engine/Content/EngineFonts/RobotoDistanceField.uasset" 280
"../../../Engine/Content/EngineMaterials/DefaultTextMaterialOpaque.uasset" 281
"../../../Engine/Content/EngineMaterials/DefaultWhiteGrid.uasset" 282
"../../../Engine/Content/EngineMaterials/EditorBrushMaterial.uasset" 283
"../../../Engine/Content/EngineMaterials/Good64x64TilingNoiseHighFreq.uasset" 284
"../../../Engine/Content/EngineMaterials/MiniFont.uasset" 285
"../../../Engine/Content/EngineMaterials/InvalidLightmapSettings.uasset" 286
"../../../Engine/Content/EngineMaterials/M_InvalidLightmapSettings.uasset" 287
"../../../Engine/Content/EngineMaterials/PhAT_JointLimitMaterial.uasset" 288
"../../../Engine/Content/EngineMaterials/PreintegratedSkinBRDF.uasset" 289
"../../../Engine/Content/EngineMaterials/RemoveSurfaceMaterial.uasset" 290
"../../../Engine/Content/EngineMaterials/WeightMapPlaceholderTexture.uasset" 291
"../../../Engine/Content/EngineResources/WhiteSquareTexture.uasset" 292
"../../../Engine/Content/EngineMaterials/Widget3DPassThrough.uasset" 293
"../../../Engine/Content/EngineMaterials/Widget3DPassThrough_Masked.uasset" 294
"../../../Engine/Content/EngineMaterials/Widget3DPassThrough_Opaque.uasset" 295
"../../../Engine/Content/EngineMaterials/Widget3DPassThrough_Masked_OneSided.uasset" 296
"../../../Engine/Content/EngineMaterials/Widget3DPassThrough_Opaque_OneSided.uasset" 297
"../../../Engine/Content/EngineMaterials/Widget3DPassThrough_Translucent.uasset" 298
"../../../Engine/Content/EngineMaterials/Widget3DPassThrough_Translucent_OneSided.uasset" 299
"../../../Engine/Content/EngineMeshes/Cube.uasset" 300
"../../../Engine/Content/EngineMeshes/Cylinder.uasset" 301
"../../../Engine/Content/EngineMeshes/Sphere.uasset" 302
"../../../Engine/Content/EngineResources/Black.uasset" 303
"../../../Engine/Content/EngineResources/DefaultTexture.uasset" 304
"../../../Engine/Content/EngineResources/DefaultTextureCube.uasset" 305
"../../../Engine/Content/EngineResources/GradientTexture0.uasset" 306
"../../../Engine/Content/EngineSounds/Master.uasset" 307
"../../../Engine/Content/Functions/Engine_MaterialFunctions01/Shading/ConvertFromDiffSpec.uasset" 308
"../../../Engine/Content/Functions/Engine_MaterialFunctions01/Shading/PowerToRoughness.uasset" 309
"../../../Engine/Content/Maps/Templates/Thumbnails/Default.uasset" 310
"../../../Engine/Content/Maps/Templates/Thumbnails/VR-Basic.uasset" 311
"../../../Engine/Content/MobileResources/T_MobileControls_texture.uasset" 312
"../../../Engine/Content/MobileResources/T_MobileMenu2.uasset" 313
"../../../Engine/Content/MobileResources/HUD/AnalogHat.uasset" 314
"../../../Engine/Content/MobileResources/HUD/VirtualJoystick_Background.uasset" 315
"../../../Engine/Content/MobileResources/HUD/VirtualJoystick_Thumb.uasset" 316
"../../../Engine/Content/MobileResources/HUD/DefaultVirtualJoysticks.uasset" 317
"../../../Engine/Content/MobileResources/HUD/LeftVirtualJoystickOnly.uasset" 318
"../../../Engine/Content/MobileResources/HUD/MobileHUDButton1_off.uasset" 319
"../../../Engine/Content/MobileResources/HUD/MobileHUDButton1_on.uasset" 320
"../../../Engine/Content/MobileResources/HUD/MobileHUDButton2_off.uasset" 321
"../../../Engine/Content/MobileResources/HUD/MobileHUDButton2_on.uasset" 322
"../../../Engine/Content/MobileResources/HUD/MobileHUDButton3.uasset" 323
"../../../Engine/Content/MobileResources/HUD/MobileHUDButtonFire.uasset" 324
"../../../Engine/Content/MobileResources/HUD/MobileHUDDirectionPad.uasset" 325
"../../../Engine/Content/MobileResources/HUD/MobileHUDDirectionPad2.uasset" 326
"../../../Engine/Content/MobileResources/HUD/MobileHUDDirectionPad3.uasset" 327
"../../../Engine/Content/MobileResources/HUD/MobileHUDDirectionStick.uasset" 328
"../../../Engine/Content/MobileResources/HUD/T_Castle_ThumbstickInner.uasset" 329
"../../../Engine/Content/MobileResources/HUD/T_Castle_ThumbstickOutter.uasset" 330
"../../../Engine/Content/Tutorial/ContentIntroCurve.uasset" 331
"../../../Engine/Content/Tutorial/Basics/TutorialAssets/icon_tab_Levels_40x.uasset" 332
"../../../Engine/Content/Tutorial/BlueprintTutorials/TutorialAssets/BlueprintInterface_64x.uasset" 333
"../../../Engine/Content/Tutorial/BlueprintTutorials/TutorialAssets/BlueprintMacroLibrary_64x.uasset" 334
"../../../Engine/Content/Tutorial/BlueprintTutorials/TutorialAssets/Blueprint_64x.uasset" 335
"../../../Engine/Content/Tutorial/BlueprintTutorials/TutorialAssets/Tutorial_BP_Interface.uasset" 336
"../../../Engine/Content/Tutorial/Foliage/TutorialAssets/Foliage.uasset" 337
"../../../Engine/Content/Tutorial/Landscape/TutorialAssets/Landscape.uasset" 338
"../../../Engine/Content/Tutorial/Paper2D/TutorialAssets/Paper2DFlipbook_TutorialIcon.uasset" 339
"../../../Engine/Content/Tutorial/Paper2D/TutorialAssets/Paper2DSprite_TutorialIcon.uasset" 340
"../../../Engine/Content/Tutorial/SubEditors/TutorialAssets/icon_Editor_Preferences_General_40x.uasset" 341
"../../../Engine/Content/Tutorial/SubEditors/TutorialAssets/icon_ShowSkeletalMeshes_40x.uasset" 342
"../../../Engine/Content/Tutorial/SubEditors/TutorialAssets/TutorialMaterial.uasset" 343
"../../../Engine/Content/Tutorial/SubEditors/TutorialAssets/T_SmokeSubUV_8X8.uasset" 344
"../../../Engine/Content/Tutorial/SubEditors/TutorialAssets/T_soft_smoke.uasset" 345
"../../../Engine/Content/Tutorial/SubEditors/TutorialAssets/M_smoke_subUV_blackbody.uasset" 346
"../../../Engine/Content/Tutorial/SubEditors/TutorialAssets/TutorialParticleSystem.uasset" 347
"../../../Engine/Content/EditorMeshes/EditorCube.uasset" 348
"../../../Engine/Content/Tutorial/SubEditors/TutorialAssets/Tutorial_DM.uasset" 349
"../../../Engine/Content/VREditor/Devices/Generic/GenericHMDMaterial.uasset" 350
"../../../Engine/Content/VREditor/Devices/Generic/GenericHMD.uasset" 351
"../../../Engine/Content/VREditor/FloatingText/LineMaterial.uasset" 352
"../../../Engine/Content/VREditor/FloatingText/JointSphere.uasset" 353
"../../../Engine/Content/VREditor/FloatingText/LineSegmentCylinder.uasset" 354
"../../../Engine/Content/VREditor/Fonts/VRText_RobotoLarge.uasset" 355
"../../../Engine/Content/VREditor/Fonts/VRTextMaterial.uasset" 356
"../../../Engine/Content/VREditor/Fonts/TranslucentVRTextMaterial.uasset" 357
"../../../Engine/Content/VREditor/LaserPointer/CursorPointer.uasset" 358
"../../../Engine/Content/VREditor/LaserPointer/VR_LaserPower_01.uasset" 359
"../../../Engine/Content/VREditor/TransformGizmo/TransformGizmoMaterial.uasset" 360
"../../../Engine/Content/VREditor/LaserPointer/HoverMaterial.uasset" 361
"../../../Engine/Content/VREditor/TransformGizmo/TranslucentTransformGizmoMaterial.uasset" 362
"../../../Engine/Content/VREditor/LaserPointer/TranslucentHoverMaterial.uasset" 363
"../../../Engine/Content/VREditor/LaserPointer/HoverMesh.uasset" 364
"../../../Engine/Content/VREditor/LaserPointer/LaserPointerMaterial.uasset" 365
"../../../Engine/Content/VREditor/LaserPointer/LaserPointerMaterialInst.uasset" 366
"../../../Engine/Content/VREditor/LaserPointer/TranslucentLaserPointerMaterialInst.uasset" 367
"../../../Engine/Content/VREditor/LaserPointer/LaserPointerMesh.uasset" 368
"../../../Engine/Content/VREditor/LaserPointer/LaserPointerMesh_End.uasset" 369
"../../../Engine/Content/VREditor/LaserPointer/LaserPointerMesh_Start.uasset" 370
"../../../Engine/Content/Functions/Engine_MaterialFunctions02/Utility/BreakOutFloat3Components.uasset" 371
"../../../Engine/Content/Functions/Engine_MaterialFunctions02/Math/Transform3x3Matrix.uasset" 372
"../../../Engine/Content/Functions/Engine_MaterialFunctions02/SplitComponents.uasset" 373
"../../../Engine/Content/Functions/Engine_MaterialFunctions02/Utility/MakeFloat3.uasset" 374
"../../../Engine/Content/VREditor/SnapGrid/SnapGridMaterial.uasset" 375
"../../../Engine/Content/VREditor/SnapGrid/SnapGridPlaneMesh.uasset" 376
"../../../Engine/Content/VREditor/Sounds/VR_teleport.uasset" 377
"../../../Engine/Content/VREditor/Sounds/UI/Click_on_Button_Cue.uasset" 378
"../../../Engine/Content/VREditor/Sounds/UI/Dockable_Window_Close.uasset" 379
"../../../Engine/Content/VREditor/Sounds/UI/Dockable_Window_Drop.uasset" 380
"../../../Engine/Content/VREditor/Sounds/UI/Dockable_Window_Open.uasset" 381
"../../../Engine/Content/VREditor/Sounds/UI/Dockable_Window_Pick_Up.uasset" 382
"../../../Engine/Content/VREditor/Sounds/UI/Drop_Item_From_ContentBrowser.uasset" 383
"../../../Engine/Content/VREditor/Sounds/UI/Floating_UI_Open-001.uasset" 384
"../../../Engine/Content/VREditor/Sounds/UI/Gizmo_Handle_Clicked.uasset" 385
"../../../Engine/Content/VREditor/Sounds/UI/Object_PickUp.uasset" 386
"../../../Engine/Content/VREditor/Sounds/UI/Object_Snaps_To_Another_Actor.uasset" 387
"../../../Engine/Content/VREditor/Sounds/UI/Object_Snaps_To_Grid.uasset" 388
"../../../Engine/Content/VREditor/Sounds/UI/Radial_Menu_FadeOut.uasset" 389
"../../../Engine/Content/VREditor/Sounds/UI/Scaling_Down.uasset" 390
"../../../Engine/Content/VREditor/Sounds/UI/Scaling_Up.uasset" 391
"../../../Engine/Content/VREditor/Sounds/UI/Selection_Changes.uasset" 392
"../../../Engine/Content/VREditor/Sounds/UI/Teleport_Mode_Entered.uasset" 393
"../../../Engine/Content/VREditor/Teleport/TeleportDirectionMaterial.uasset" 394
"../../../Engine/Content/VREditor/Teleport/TeleportDirectionMaterial_Inst.uasset" 395
"../../../Engine/Content/VREditor/Teleport/TeleportDirectionMesh.uasset" 396
"../../../Engine/Content/VREditor/TransformGizmo/BoundingBoxCorner.uasset" 397
"../../../Engine/Content/VREditor/TransformGizmo/BoundingBoxEdge.uasset" 398
"../../../Engine/Content/VREditor/TransformGizmo/PlaneTranslationHandle.uasset" 399
"../../../Engine/Content/VREditor/TransformGizmo/RotationHandleFull.uasset" 400
"../../../Engine/Content/VREditor/TransformGizmo/RotationHandleIndicator.uasset" 401
"../../../Engine/Content/VREditor/TransformGizmo/RotationHandleQuarter.uasset" 402
"../../../Engine/Content/VREditor/TransformGizmo/Main.uasset" 403
"../../../Engine/Content/VREditor/TransformGizmo/Xray.uasset" 404
"../../../Engine/Content/VREditor/TransformGizmo/SM_Dialog_Close.uasset" 405
"../../../Engine/Content/VREditor/TransformGizmo/SM_Dialog_Move.uasset" 406
"../../../Engine/Content/VREditor/TransformGizmo/SM_Sequencer_Key.uasset" 407
"../../../Engine/Content/VREditor/TransformGizmo/StartRotationHandleIndicator.uasset" 408
"../../../Engine/Content/VREditor/TransformGizmo/TranslucentTransformGizmoMaterial_Inst.uasset" 409
"../../../Engine/Content/VREditor/TransformGizmo/TransformGizmoFreeRotation.uasset" 410
"../../../Engine/Content/VREditor/TransformGizmo/TransformGizmoMaterial_Inst.uasset" 411
"../../../Engine/Content/VREditor/TransformGizmo/TranslateArrowHandle.uasset" 412
"../../../Engine/Content/VREditor/TransformGizmo/UniformScaleHandle.uasset" 413
"../../../Engine/Content/VREditor/UI/KeyDiskMaterial.uasset" 414
"../../../Engine/Content/VREditor/UI/DiscMaterial.uasset" 415
"../../../Engine/Content/VREditor/UI/SM_Radial_Disk.uasset" 416
"../../../Engine/Content/Functions/Engine_MaterialFunctions01/Gradient/RadialGradient.uasset" 417
"../../../Engine/Content/VREditor/WorldMovementGrid/SimpleGrid.uasset" 418
"../../../Engine/Content/VREditor/WorldMovementGrid/GridMaterial.uasset" 419
"../../../Engine/Content/Functions/Engine_MaterialFunctions01/Density/ExponentialDensity.uasset" 420
"../../../Engine/Content/VREditor/WorldMovementGrid/GridPostProcess.uasset" 421
"../../../Engine/Content/EditorLandscapeResources/FlattenHeightMat.uasset" 422
"../../../Engine/Content/VREditor/WorldMovementGrid/PlaneMesh.uasset" 423
"../../../Engine/Plugins/2D/Paper2D/Content/PlaceholderTextures/DummySpriteTexture.uasset" 424
"../../../Engine/Plugins/2D/Paper2D/Content/DummySprite.uasset" 425
"../../../Engine/Plugins/2D/Paper2D/Content/DefaultPaperTerrainMaterial.uasset" 426
"../../../Engine/Plugins/2D/Paper2D/Content/DefaultSpriteMaterial.uasset" 427
"../../../Engine/Plugins/2D/Paper2D/Content/MaskedUnlitSpriteMaterial.uasset" 428
"../../../Engine/Plugins/2D/Paper2D/Content/OpaqueUnlitSpriteMaterial.uasset" 429
"../../../Engine/Plugins/Runtime/Oculus/OculusVR/Content/Textures/GearVRController_AO.uasset" 430
"../../../Engine/Plugins/Runtime/Oculus/OculusVR/Content/Textures/GearVRController_Color.uasset" 431
"../../../Engine/Plugins/Runtime/Oculus/OculusVR/Content/Textures/GearVRController_Normal.uasset" 432
"../../../Engine/Plugins/Runtime/Oculus/OculusVR/Content/Materials/GearVRControllerMaterial.uasset" 433
"../../../Engine/Plugins/Runtime/Oculus/OculusVR/Content/Meshes/GearVrController.uasset" 434
"../../../Engine/Content/EditorBlueprintResources/StandardMacros.uasset" 435
"../../../Engine/Content/EngineSky/C_Sky_Cloud_Color.uasset" 436
"../../../Engine/Content/EngineSky/C_Sky_Horizon_Color.uasset" 437
"../../../Engine/Content/EngineSky/C_Sky_Zenith_Color.uasset" 438
"../../../Engine/Content/EngineSky/T_Sky_Blue.uasset" 439
"../../../Engine/Content/EngineSky/T_Sky_Clouds_M.uasset" 440
"../../../Engine/Content/EngineSky/T_Sky_Stars.uasset" 441
"../../../Engine/Content/EngineSky/M_Sky_Panning_Clouds2.uasset" 442
"../../../Engine/Content/EngineSky/SM_SkySphere.uasset" 443
"../../../Engine/Content/EngineSky/BP_Sky_Sphere.uasset" 444
"../../../Engine/Content/Functions/Engine_MaterialFunctions02/Utility/Sine_Remapped.uasset" 445
"../../../CoopGame/Content/Powerups/Materials/M_PowerupLight.uasset" 446
"../../../CoopGame/Content/Powerups/BP_PowerupBase.uasset" 447
"../../../CoopGame/Content/Powerups/Materials/M_Powerup.uasset" 448
"../../../CoopGame/Content/Powerups/Materials/MI_Powerup_Speed.uasset" 449
"../../../CoopGame/Content/Powerups/Meshes/SpeedIcon.uasset" 450
"../../../CoopGame/Content/Powerups/Powerup_SuperSpeed.uasset" 451
"../../../CoopGame/Content/Powerups/Materials/T_CircleMask3.uasset" 452
"../../../CoopGame/Content/Powerups/Materials/M_PowerupDecal.uasset" 453
"../../../CoopGame/Content/Powerups/BP_TestPickup.uasset" 454
"../../../CoopGame/Content/Powerups/Materials/MI_Powerup_Health.uasset" 455
"../../../CoopGame/Content/Powerups/Meshes/HealthIcon.uasset" 456
"../../../CoopGame/Content/Powerups/Powerup_HealthRegen.uasset" 457
"../../../CoopGame/Content/Maps/Blockout_P_BuiltData.uasset" 458
"../../../CoopGame/Content/Environment/M_BasicBox.uasset" 459
"../../../CoopGame/Content/Environment/MF_WorldUVs.uasset" 460
"../../../Engine/Content/VREditor/BasicMeshes/T_CleanFloorGrunge_01_D.uasset" 461
"../../../CoopGame/Content/Environment/M_BlockoutSimple.uasset" 462
"../../../CoopGame/Content/Environment/MI_BlockoutSimple_Inst.uasset" 463
"../../../Engine/Content/BasicShapes/Cube.uasset" 464
"../../../CoopGame/Content/Maps/Blockout_P.umap" 465
"../../../CoopGame/Content/AdvancedAI/EnvQueryContext_TargetActor.uasset" 466
"../../../CoopGame/Content/AdvancedAI/BB_AdvancedAI.uasset" 467
"../../../CoopGame/Content/AdvancedAI/Decorator_DistanceTo.uasset" 468
"../../../CoopGame/Content/AdvancedAI/Service_SelectTargetActor.uasset" 469
"../../../CoopGame/Content/AdvancedAI/Task_AttackTarget.uasset" 470
"../../../CoopGame/Content/AdvancedAI/EQS_FindMoveTo.uasset" 471
"../../../CoopGame/Content/Blueprints/CamShake_RIfleFire.uasset" 472
"../../../CoopGame/Content/WeaponEffects/BasicTracer/Beam.uasset" 473
"../../../CoopGame/Content/WeaponEffects/BasicTracer/M_Beam.uasset" 474
"../../../CoopGame/Content/WeaponEffects/BasicTracer/P_SmokeTrail.uasset" 475
"../../../CoopGame/Content/WeaponEffects/BloodImpact/clouds_dust_detail_01.uasset" 476
"../../../CoopGame/Content/WeaponEffects/BloodImpact/M_blood_cloud_01.uasset" 477
"../../../CoopGame/Content/WeaponEffects/BloodImpact/T_BloodSplatter_Frames01.uasset" 478
"../../../CoopGame/Content/WeaponEffects/BloodImpact/M_blood_splash_01.uasset" 479
"../../../CoopGame/Content/WeaponEffects/BloodImpact/T_BloodSplat_03_SubUV.uasset" 480
"../../../CoopGame/Content/WeaponEffects/BloodImpact/M_blood_splash_03.uasset" 481
"../../../CoopGame/Content/WeaponEffects/BloodImpact/P_blood_splash_02.uasset" 482
"../../../CoopGame/Content/WeaponEffects/GenericImpact/Flare_02.uasset" 483
"../../../CoopGame/Content/WeaponEffects/GenericImpact/M_LensFlare_02.uasset" 484
"../../../CoopGame/Content/WeaponEffects/GenericImpact/T_SparkCore_2X2.uasset" 485
"../../../CoopGame/Content/WeaponEffects/GenericImpact/M_spark_subUV.uasset" 486
"../../../CoopGame/Content/WeaponEffects/GenericImpact/P_RifleImpact.uasset" 487
"../../../CoopGame/Content/WeaponEffects/Muzzle/MuzzleSmokeOne_1024_11x11.uasset" 488
"../../../CoopGame/Content/WeaponEffects/Muzzle/MuzzleFlash_Master.uasset" 489
"../../../CoopGame/Content/WeaponEffects/Muzzle/MuzzleFlash_Master_Inst.uasset" 490
"../../../CoopGame/Content/WeaponEffects/Muzzle/MuzzleTwo_2048_6x6.uasset" 491
"../../../CoopGame/Content/WeaponEffects/Muzzle/MuzzleFlash_Master_Inst_2.uasset" 492
"../../../CoopGame/Content/WeaponEffects/Muzzle/P_Muzzle_Large.uasset" 493
"../../../CoopGame/Content/Weapons/Crosshairs/T_Crosshair_Horizontal_M.uasset" 494
"../../../CoopGame/Content/Weapons/Crosshairs/T_Crosshair_Scanline_M.uasset" 495
"../../../CoopGame/Content/Weapons/Crosshairs/M_Crosshairs_MultiHolo_Scanline.uasset" 496
"../../../CoopGame/Content/Weapons/MI_Rifle01.uasset" 497
"../../../CoopGame/Content/Weapons/MagGun_02_N.uasset" 498
"../../../CoopGame/Content/Weapons/MI_Rifle02.uasset" 499
"../../../CoopGame/Content/Weapons/SK_Rifle_Skeleton.uasset" 500
"../../../CoopGame/Content/Weapons/SK_Rifle.uasset" 501
"../../../CoopGame/Content/Blueprints/BP_Rifle.uasset" 502
"../../../CoopGame/Content/AnimStarterPack/UE4_Mannequin/Materials/M_UE4Man_Body_Friendly.uasset" 503
"../../../CoopGame/Content/AnimStarterPack/UE4_Mannequin/Mesh/SK_Mannequin_Friendly.uasset" 504
"../../../CoopGame/Content/UI/WBP_Crosshair.uasset" 505
"../../../CoopGame/Content/UI/T_HealthMask.uasset" 506
"../../../CoopGame/Content/UI/M_HealthIndicator.uasset" 507
"../../../CoopGame/Content/UI/WBP_HealthIndicator.uasset" 508
"../../../CoopGame/Content/Blueprints/PlayerPawn.uasset" 509
"../../../CoopGame/Content/AdvancedAI/EQS_FindNearestPlayer.uasset" 510
"../../../CoopGame/Content/AdvancedAI/BT_AdvancedAI.uasset" 511
"../../../CoopGame/Content/AdvancedAI/BP_Rifle_AI.uasset" 512
"../../../CoopGame/Content/AnimStarterPack/UE4_Mannequin/Materials/M_UE4Man_Body_Enemy.uasset" 513
"../../../CoopGame/Content/AnimStarterPack/UE4_Mannequin/Mesh/SK_Mannequin_Enemy.uasset" 514
"../../../CoopGame/Content/AdvancedAI/BP_AdvancedAI.uasset" 515
"../../../CoopGame/Content/Blueprints/BP_GameState.uasset" 516
"../../../CoopGame/Content/TrackerBot/M_TrackerBot.uasset" 517
"../../../CoopGame/Content/TrackerBot/SM_TrackerBot.uasset" 518
"../../../CoopGame/Content/TrackerBot/Sound/ball_roll_03_loop.uasset" 519
"../../../CoopGame/Content/TrackerBot/Sound/ball_roll_03_loop_Cue.uasset" 520
"../../../CoopGame/Content/TrackerBot/Sound/DroneTracker_explodewarning.uasset" 521
"../../../CoopGame/Content/TrackerBot/Sound/TrackerBotAttenuation.uasset" 522
"../../../CoopGame/Content/TrackerBot/Sound/DroneTracker_explodewarning_Cue.uasset" 523
"../../../CoopGame/Content/TrackerBot/Sound/Explosion01.uasset" 524
"../../../CoopGame/Content/TrackerBot/Sound/Explosion01_Cue.uasset" 525
"../../../CoopGame/Content/WeaponEffects/Explosion/T_Burst_M.uasset" 526
"../../../CoopGame/Content/WeaponEffects/Explosion/M_Burst.uasset" 527
"../../../CoopGame/Content/WeaponEffects/Explosion/T_Explosion_SubUV.uasset" 528
"../../../CoopGame/Content/WeaponEffects/Explosion/M_explosion_subUV.uasset" 529
"../../../CoopGame/Content/WeaponEffects/Explosion/m_flare_01.uasset" 530
"../../../CoopGame/Content/WeaponEffects/Explosion/M_radial_ramp.uasset" 531
"../../../CoopGame/Content/WeaponEffects/Explosion/T_Smoke_SubUV.uasset" 532
"../../../CoopGame/Content/WeaponEffects/Explosion/T_Smoke_Tiled_D.uasset" 533
"../../../CoopGame/Content/WeaponEffects/Explosion/M_smoke_subUV.uasset" 534
"../../../CoopGame/Content/WeaponEffects/Explosion/P_Explosion.uasset" 535
"../../../CoopGame/Content/TrackerBot/BP_TrackerBot.uasset" 536
"../../../CoopGame/Content/Blueprints/EnvQueryContext_AllPlayers.uasset" 537
"../../../CoopGame/Content/Blueprints/EnvQueryContext_BotSpawns.uasset" 538
"../../../CoopGame/Content/AdvancedAI/EQS_FindSpawnLocation.uasset" 539
"../../../CoopGame/Content/Blueprints/BP_TestGameMode.uasset" 540
"../../../CoopGame/Content/Maps/TestMap_BuiltData.uasset" 541
"../../../Engine/Content/BasicShapes/BasicShapeMaterial.uasset" 542
"../../../CoopGame/Content/GTFreeMaterials/Textures/Ground_Dirt/Ground_Dirt_2k_alb.uasset" 543
"../../../CoopGame/Content/GTFreeMaterials/Textures/Ground_Dirt/Ground_Dirt_2k_n.uasset" 544
"../../../CoopGame/Content/GTFreeMaterials/Textures/Ground_Dirt/Ground_Dirt_2k_s.uasset" 545
"../../../CoopGame/Content/GTFreeMaterials/Materials/Ground_Dirt.uasset" 546
"../../../Engine/Content/MapTemplates/SM_Template_Map_Floor.uasset" 547
"../../../CoopGame/Content/Maps/TestMap.umap" 548
"../../../CoopGame/Content/AnimStarterPack/Crouch_Idle_Rifle_Ironsights.uasset" 549
"../../../CoopGame/Content/AnimStarterPack/Crouch_Walk_Fwd_Rifle_Ironsights.uasset" 550
"../../../CoopGame/Content/AnimStarterPack/Equip_Pistol_Standing.uasset" 551
"../../../CoopGame/Content/AnimStarterPack/Fire_Rifle_Ironsights.uasset" 552
"../../../CoopGame/Content/AnimStarterPack/Hit_React_1.uasset" 553
"../../../CoopGame/Content/AnimStarterPack/Hit_React_2.uasset" 554
"../../../CoopGame/Content/AnimStarterPack/Hit_React_3.uasset" 555
"../../../CoopGame/Content/AnimStarterPack/Idle_Rifle_Hip_Break1.uasset" 556
"../../../CoopGame/Content/AnimStarterPack/Idle_Rifle_Hip_Break2.uasset" 557
"../../../CoopGame/Content/AnimStarterPack/Reload_Rifle_Hip.uasset" 558
"../../../CoopGame/Content/AnimStarterPack/Walk_Fwd_Rifle_Ironsights.uasset" 559
"../../../Engine/Content/TemplateResources/M_Template_Master.uasset" 560
"../../../Engine/Content/TemplateResources/MI_Template_BaseGray_03_Metal.uasset" 561
"../../../CoopGame/Content/AnimStarterPack/Showcase.umap" 562
"../../../CoopGame/Content/GTFreeMaterials/Showcase_BuiltData.uasset" 563
"../../../Engine/Content/EditorMaterials/Cascade/CASC_Cross.uasset" 564
"../../../Engine/Content/EditorMaterials/Cascade/CASC_None.uasset" 565
"../../../Engine/Content/Functions/Engine_MaterialFunctions03/Blends/Blend_Overlay.uasset" 566
"../../../CoopGame/Content/GTFreeMaterials/Textures/brick_ancientDiagonal/brick_ancientDiagonal_2k_alb.uasset" 567
"../../../CoopGame/Content/GTFreeMaterials/Textures/brick_ancientDiagonal/brick_ancientDiagonal_2k_n.uasset" 568
"../../../CoopGame/Content/GTFreeMaterials/Materials/brick_ancientDiagonal.uasset" 569
"../../../CoopGame/Content/GTFreeMaterials/Textures/Brick_BathStone/Brick_BathStone_2k_alb.uasset" 570
"../../../CoopGame/Content/GTFreeMaterials/Textures/Brick_BathStone/Brick_BathStone_2k_ao.uasset" 571
"../../../CoopGame/Content/GTFreeMaterials/Textures/Brick_BathStone/Brick_BathStone_2k_n.uasset" 572
"../../../CoopGame/Content/GTFreeMaterials/Materials/Brick_BathStone.uasset" 573
"../../../CoopGame/Content/GTFreeMaterials/Textures/Brick_GuiBigCastleWall/Brick_GuiBigCastleWall_2k_alb.uasset" 574
"../../../CoopGame/Content/GTFreeMaterials/Textures/Brick_GuiBigCastleWall/Brick_GuiBigCastleWall_2k_h.uasset" 575
"../../../CoopGame/Content/GTFreeMaterials/Textures/Brick_GuiBigCastleWall/Brick_GuiBigCastleWall_2k_n.uasset" 576
"../../../CoopGame/Content/GTFreeMaterials/Textures/Brick_GuiBigCastleWall/Brick_GuiBigCastleWall_2k_s.uasset" 577
"../../../CoopGame/Content/GTFreeMaterials/Materials/Brick_GuiBigCastleWall.uasset" 578
"../../../CoopGame/Content/GTFreeMaterials/Textures/brick_guiGen/brick_guiGen_2k_d.uasset" 579
"../../../CoopGame/Content/GTFreeMaterials/Textures/brick_guiGen/brick_guiGen_2k_n.uasset" 580
"../../../CoopGame/Content/GTFreeMaterials/Textures/brick_guiGen/brick_guiGen_2k_s.uasset" 581
"../../../CoopGame/Content/GTFreeMaterials/Materials/brick_guiGen.uasset" 582
"../../../CoopGame/Content/GTFreeMaterials/Textures/Ground_DirtBrownTan/Ground_DirtBrownTan_2k_alb.uasset" 583
"../../../CoopGame/Content/GTFreeMaterials/Textures/Ground_DirtBrownTan/Ground_DirtBrownTan_2k_g.uasset" 584
"../../../CoopGame/Content/GTFreeMaterials/Textures/Ground_DirtBrownTan/Ground_DirtBrownTan_2k_n.uasset" 585
"../../../CoopGame/Content/GTFreeMaterials/Materials/Ground_DirtBrownTan.uasset" 586
"../../../CoopGame/Content/GTFreeMaterials/Textures/Ground_GrassThickGreen/Ground_GrassThickGreen_2k_alb.uasset" 587
"../../../CoopGame/Content/GTFreeMaterials/Textures/Ground_GrassThickGreen/Ground_GrassThickGreen_2k_g.uasset" 588
"../../../CoopGame/Content/GTFreeMaterials/Textures/Ground_GrassThickGreen/Ground_GrassThickGreen_2k_h1.uasset" 589
"../../../CoopGame/Content/GTFreeMaterials/Textures/Ground_GrassThickGreen/Ground_GrassThickGreen_2k_n.uasset" 590
"../../../CoopGame/Content/GTFreeMaterials/Materials/Ground_GrassThickGreen.uasset" 591
"../../../CoopGame/Content/GTFreeMaterials/Textures/Ground_guiFloodedMud/Ground_guiFloodedMud_2k_alb.uasset" 592
"../../../CoopGame/Content/GTFreeMaterials/Textures/Ground_guiFloodedMud/Ground_guiFloodedMud_2k_g.uasset" 593
"../../../CoopGame/Content/GTFreeMaterials/Textures/Ground_guiFloodedMud/Ground_guiFloodedMud_2k_mask.uasset" 594
"../../../CoopGame/Content/GTFreeMaterials/Textures/Ground_guiFloodedMud/Ground_guiFloodedMud_2k_n.uasset" 595
"../../../CoopGame/Content/GTFreeMaterials/Materials/Ground_guiFloodedMud.uasset" 596
"../../../CoopGame/Content/GTFreeMaterials/Textures/Ground_MuddyGrass/Ground_MuddyGrass_2k_alb.uasset" 597
"../../../CoopGame/Content/GTFreeMaterials/Textures/Ground_MuddyGrass/Ground_MuddyGrass_2k_mask.uasset" 598
"../../../CoopGame/Content/GTFreeMaterials/Textures/Ground_MuddyGrass/Ground_MuddyGrass_2k_n.uasset" 599
"../../../CoopGame/Content/GTFreeMaterials/Textures/Ground_MuddyGrass/Ground_MuddyGrass_2k_s.uasset" 600
"../../../CoopGame/Content/GTFreeMaterials/Materials/Ground_MuddyGrass_DRY.uasset" 601
"../../../CoopGame/Content/GTFreeMaterials/Materials/Ground_MuddyGrass_WET.uasset" 602
"../../../CoopGame/Content/GTFreeMaterials/Textures/Metal_BrushedCopper/Metal_BrushedCopper_2k_g.uasset" 603
"../../../CoopGame/Content/GTFreeMaterials/Textures/Metal_BrushedCopper/Metal_BrushedCopper_2k_n.uasset" 604
"../../../CoopGame/Content/GTFreeMaterials/Textures/Metal_BrushedCopper/Metal_BrushedCopper_2k_s.uasset" 605
"../../../CoopGame/Content/GTFreeMaterials/Materials/Metal_BrushedCopper.uasset" 606
"../../../CoopGame/Content/GTFreeMaterials/Textures/Metal_BrushedSteel/Metal_BrushedSteel_2k_g.uasset" 607
"../../../CoopGame/Content/GTFreeMaterials/Textures/Metal_BrushedSteel/Metal_BrushedSteel_2k_n.uasset" 608
"../../../CoopGame/Content/GTFreeMaterials/Textures/Metal_BrushedSteel/Metal_BrushedSteel_2k_s.uasset" 609
"../../../CoopGame/Content/GTFreeMaterials/Materials/Metal_BrushedSteel.uasset" 610
"../../../CoopGame/Content/GTFreeMaterials/Textures/Metal_CyberCube/Metal_CyberCube_2k_ao.uasset" 611
"../../../CoopGame/Content/GTFreeMaterials/Textures/Metal_CyberCube/Metal_CyberCube_2k_g.uasset" 612
"../../../CoopGame/Content/GTFreeMaterials/Textures/Metal_CyberCube/Metal_CyberCube_2k_n.uasset" 613
"../../../CoopGame/Content/GTFreeMaterials/Textures/Metal_CyberCube/Metal_CyberCube_2k_s.uasset" 614
"../../../CoopGame/Content/GTFreeMaterials/Textures/Metal_CyberCube/Metal_CyberCube_2k_t.uasset" 615
"../../../CoopGame/Content/GTFreeMaterials/Materials/Metal_CyberCube.uasset" 616
"../../../CoopGame/Content/GTFreeMaterials/Textures/Metal_DiamondPlateSciFi/Metal_DiamondPlateSciFi_2k_alb.uasset" 617
"../../../CoopGame/Content/GTFreeMaterials/Textures/Metal_DiamondPlateSciFi/Metal_DiamondPlateSciFi_2k_g.uasset" 618
"../../../CoopGame/Content/GTFreeMaterials/Textures/Metal_DiamondPlateSciFi/Metal_DiamondPlateSciFi_2k_mask.uasset" 619
"../../../CoopGame/Content/GTFreeMaterials/Textures/Metal_DiamondPlateSciFi/Metal_DiamondPlateSciFi_2k_n.uasset" 620
"../../../CoopGame/Content/GTFreeMaterials/Textures/Metal_DiamondPlateSciFi/Metal_DiamondPlateSciFi_2k_s.uasset" 621
"../../../CoopGame/Content/GTFreeMaterials/Materials/Metal_DiamondPlateSciFi.uasset" 622
"../../../CoopGame/Content/GTFreeMaterials/Textures/Metal_Gold/Metal_Gold_2k_g.uasset" 623
"../../../CoopGame/Content/GTFreeMaterials/Textures/Metal_Gold/Metal_Gold_2k_s.uasset" 624
"../../../CoopGame/Content/GTFreeMaterials/Materials/Metal_Gold.uasset" 625
"../../../CoopGame/Content/GTFreeMaterials/Textures/Metal_LeadRough/Metal_LeadRough_2k_alb.uasset" 626
"../../../CoopGame/Content/GTFreeMaterials/Textures/Metal_LeadRough/Metal_LeadRough_2k_g.uasset" 627
"../../../CoopGame/Content/GTFreeMaterials/Textures/Metal_LeadRough/Metal_LeadRough_2k_n.uasset" 628
"../../../CoopGame/Content/GTFreeMaterials/Textures/Metal_LeadRough/Metal_LeadRough_2k_s.uasset" 629
"../../../CoopGame/Content/GTFreeMaterials/Materials/Metal_LeadRough.uasset" 630
"../../../CoopGame/Content/GTFreeMaterials/Textures/4ChannelGrunge.uasset" 631
"../../../CoopGame/Content/GTFreeMaterials/Textures/Metal_ReinforcedGridWall/Metal_ReinforcedGridWall_2k_ao.uasset" 632
"../../../CoopGame/Content/GTFreeMaterials/Textures/Metal_ReinforcedGridWall/Metal_ReinforcedGridWall_2k_g.uasset" 633
"../../../CoopGame/Content/GTFreeMaterials/Textures/Metal_ReinforcedGridWall/Metal_ReinforcedGridWall_2k_mask.uasset" 634
"../../../CoopGame/Content/GTFreeMaterials/Textures/Metal_ReinforcedGridWall/Metal_ReinforcedGridWall_2k_n.uasset" 635
"../../../CoopGame/Content/GTFreeMaterials/Textures/Metal_ReinforcedGridWall/Metal_ReinforcedGridWall_2k_s.uasset" 636
"../../../CoopGame/Content/GTFreeMaterials/Materials/Metal_ReinforcedGridWall.uasset" 637
"../../../CoopGame/Content/GTFreeMaterials/Textures/Metal_RustedSolid/Metal_RustedSolid_2k_g.uasset" 638
"../../../CoopGame/Content/GTFreeMaterials/Textures/Metal_RustedSolid/Metal_RustedSolid_2k_n.uasset" 639
"../../../CoopGame/Content/GTFreeMaterials/Textures/Metal_RustedSolid/Metal_RustedSolid_2k_s.uasset" 640
"../../../CoopGame/Content/GTFreeMaterials/Materials/Metal_RustedSolid.uasset" 641
"../../../CoopGame/Content/GTFreeMaterials/Textures/Metal_sciFiCurveyWall/Metal_sciFiCurveyWall_2k_ao.uasset" 642
"../../../CoopGame/Content/GTFreeMaterials/Textures/Metal_sciFiCurveyWall/Metal_sciFiCurveyWall_2k_g.uasset" 643
"../../../CoopGame/Content/GTFreeMaterials/Textures/Metal_sciFiCurveyWall/Metal_sciFiCurveyWall_2k_mask.uasset" 644
"../../../CoopGame/Content/GTFreeMaterials/Textures/Metal_sciFiCurveyWall/Metal_sciFiCurveyWall_2k_n.uasset" 645
"../../../CoopGame/Content/GTFreeMaterials/Textures/Metal_sciFiCurveyWall/Metal_sciFiCurveyWall_2k_s.uasset" 646
"../../../CoopGame/Content/GTFreeMaterials/Materials/Metal_sciFiCurveyWall.uasset" 647
"../../../CoopGame/Content/GTFreeMaterials/Textures/misc_WoodenCrate/misc_WoodenCrate_2k_alb2.uasset" 648
"../../../CoopGame/Content/GTFreeMaterials/Textures/misc_WoodenCrate/misc_WoodenCrate_2k_ao.uasset" 649
"../../../CoopGame/Content/GTFreeMaterials/Textures/misc_WoodenCrate/misc_WoodenCrate_2k_g.uasset" 650
"../../../CoopGame/Content/GTFreeMaterials/Textures/misc_WoodenCrate/misc_WoodenCrate_2k_h.uasset" 651
"../../../CoopGame/Content/GTFreeMaterials/Textures/misc_WoodenCrate/misc_WoodenCrate_2k_mask.uasset" 652
"../../../CoopGame/Content/GTFreeMaterials/Textures/misc_WoodenCrate/misc_WoodenCrate_2k_n.uasset" 653
"../../../CoopGame/Content/GTFreeMaterials/Materials/misc_WoodenCrate.uasset" 654
"../../../CoopGame/Content/GTFreeMaterials/Textures/Rock_HoleyWall/Rock_HoleyWall_2k_alb2.uasset" 655
"../../../CoopGame/Content/GTFreeMaterials/Textures/Rock_HoleyWall/Rock_HoleyWall_2k_ao.uasset" 656
"../../../CoopGame/Content/GTFreeMaterials/Textures/Rock_HoleyWall/Rock_HoleyWall_2k_g.uasset" 657
"../../../CoopGame/Content/GTFreeMaterials/Textures/Rock_HoleyWall/Rock_HoleyWall_2k_h.uasset" 658
"../../../CoopGame/Content/GTFreeMaterials/Textures/Rock_HoleyWall/Rock_HoleyWall_2k_n.uasset" 659
"../../../CoopGame/Content/GTFreeMaterials/Materials/Rock_HoleyWall.uasset" 660
"../../../CoopGame/Content/GTFreeMaterials/Textures/Rock_JaggedCaveWall/Rock_JaggedCaveWall_2k_alb.uasset" 661
"../../../CoopGame/Content/GTFreeMaterials/Textures/Rock_JaggedCaveWall/Rock_JaggedCaveWall_2k_g.uasset" 662
"../../../CoopGame/Content/GTFreeMaterials/Textures/Rock_JaggedCaveWall/Rock_JaggedCaveWall_2k_h.uasset" 663
"../../../CoopGame/Content/GTFreeMaterials/Textures/Rock_JaggedCaveWall/Rock_JaggedCaveWall_2k_n.uasset" 664
"../../../CoopGame/Content/GTFreeMaterials/Materials/Rock_JaggedCaveWall.uasset" 665
"../../../CoopGame/Content/GTFreeMaterials/Textures/Tile_Coloredtiles/Tile_ColoredTiles_2k_alb1.uasset" 666
"../../../CoopGame/Content/GTFreeMaterials/Textures/Tile_Coloredtiles/Tile_ColoredTiles_2k_g.uasset" 667
"../../../CoopGame/Content/GTFreeMaterials/Textures/Tile_Coloredtiles/Tile_ColoredTiles_2k_mask.uasset" 668
"../../../CoopGame/Content/GTFreeMaterials/Textures/Tile_Coloredtiles/Tile_ColoredTiles_2k_n.uasset" 669
"../../../CoopGame/Content/GTFreeMaterials/Materials/Tile_Coloredtiles.uasset" 670
"../../../CoopGame/Content/GTFreeMaterials/Textures/Tile_WoodAndTileOffsetPattern/Tile_WoodAndTileOffsetPattern_2k_alb.uasset" 671
"../../../CoopGame/Content/GTFreeMaterials/Textures/Tile_WoodAndTileOffsetPattern/Tile_WoodAndTileOffsetPattern_2k_mask.uasset" 672
"../../../CoopGame/Content/GTFreeMaterials/Textures/Tile_WoodAndTileOffsetPattern/Tile_WoodAndTileOffsetPattern_2k_n.uasset" 673
"../../../CoopGame/Content/GTFreeMaterials/Textures/Tile_WoodAndTileOffsetPattern/Tile_WoodAndTileOffsetPattern_2k_s.uasset" 674
"../../../CoopGame/Content/GTFreeMaterials/Materials/Tile_WoodAndTileOffsetPattern.uasset" 675
"../../../CoopGame/Content/GTFreeMaterials/Textures/Wood_GeofwoodenPlankClean/Wood_GeofwoodenPlankClean_2k_ao.uasset" 676
"../../../CoopGame/Content/GTFreeMaterials/Textures/Wood_GeofwoodenPlankClean/Wood_GeofwoodenPlankClean_2k_d.uasset" 677
"../../../CoopGame/Content/GTFreeMaterials/Textures/Wood_GeofwoodenPlankClean/Wood_GeofwoodenPlankClean_2k_n.uasset" 678
"../../../CoopGame/Content/GTFreeMaterials/Materials/Wood_GeofwoodenPlankClean.uasset" 679
"../../../CoopGame/Content/GTFreeMaterials/Textures/Wood_InterlockingFloor/Wood_InterlockingFloor_2k_alb1.uasset" 680
"../../../CoopGame/Content/GTFreeMaterials/Textures/Wood_InterlockingFloor/Wood_InterlockingFloor_2k_ao.uasset" 681
"../../../CoopGame/Content/GTFreeMaterials/Textures/Wood_InterlockingFloor/Wood_InterlockingFloor_2k_g.uasset" 682
"../../../CoopGame/Content/GTFreeMaterials/Textures/Wood_InterlockingFloor/Wood_InterlockingFloor_2k_n.uasset" 683
"../../../CoopGame/Content/GTFreeMaterials/Materials/Wood_InterlockingFloor.uasset" 684
"../../../CoopGame/Content/GTFreeMaterials/Textures/Brick_chicagoStyle/Brick_chicagoStyle_2k_alb.uasset" 685
"../../../CoopGame/Content/GTFreeMaterials/Textures/Brick_chicagoStyle/Brick_chicagoStyle_2k_ao.uasset" 686
"../../../CoopGame/Content/GTFreeMaterials/Textures/Brick_chicagoStyle/Brick_chicagoStyle_2k_h.uasset" 687
"../../../CoopGame/Content/GTFreeMaterials/Textures/Brick_chicagoStyle/Brick_chicagoStyle_2k_n.uasset" 688
"../../../CoopGame/Content/GTFreeMaterials/Materials/Brick_chicagoStyle.uasset" 689
"../../../CoopGame/Content/GTFreeMaterials/Materials/Concrete_FlatSurface.uasset" 690
"../../../CoopGame/Content/GTFreeMaterials/Textures/wood_JFfantasyWoodPlanksNailedClean/wood_JFfantasyWoodPlanksNailedClean_2k_alb.uasset" 691
"../../../CoopGame/Content/GTFreeMaterials/Textures/wood_JFfantasyWoodPlanksNailedClean/wood_JFfantasyWoodPlanksNailedClean_2k_h.uasset" 692
"../../../CoopGame/Content/GTFreeMaterials/Textures/wood_JFfantasyWoodPlanksNailedClean/wood_JFfantasyWoodPlanksNailedClean_2k_n.uasset" 693
"../../../CoopGame/Content/GTFreeMaterials/Materials/wood_JFfantasyWoodPlanksNailedClean.uasset" 694
"../../../Engine/Content/EditorMeshes/EditorSphere.uasset" 695
"../../../CoopGame/Content/GTFreeMaterials/Showcase.umap" 696
"../../../Engine/Content/Maps/Entry.umap" 697
