Log file open, 06/12/19 23:36:53
LogWindows: Failed to load 'aqProf.dll' (GetLastError=126)
LogWindows: File 'aqProf.dll' does not exist
LogWindows: Failed to load 'VSPerf140.dll' (GetLastError=126)
LogWindows: File 'VSPerf140.dll' does not exist
LogWindows: Failed to load 'VtuneApi.dll' (GetLastError=126)
LogWindows: File 'VtuneApi.dll' does not exist
LogWindows: Failed to load 'VtuneApi32e.dll' (GetLastError=126)
LogWindows: File 'VtuneApi32e.dll' does not exist
LogInit: Display: Running engine for game: CoopGame
LogPlatformFile: Not using cached read wrapper
LogInit: Display: RandInit(-393956736) SRandInit(-393956736).
LogTaskGraph: Started task graph with 5 named threads and 14 total threads with 3 sets of task threads.
LogStats: Stats thread started at 0.156274
LogD3D11RHI: Aftermath initialized
LogPluginManager: Mounting plugin Paper2D
LogPluginManager: Mounting plugin LightPropagationVolume
LogPluginManager: Mounting plugin CodeLiteSourceCodeAccess
LogPluginManager: Mounting plugin GitSourceControl
LogPluginManager: Mounting plugin KDevelopSourceCodeAccess
LogPluginManager: Mounting plugin NullSourceCodeAccess
LogPluginManager: Mounting plugin PerforceSourceControl
LogPluginManager: Mounting plugin SubversionSourceControl
LogPluginManager: Mounting plugin UObjectPlugin
LogPluginManager: Mounting plugin VisualStudioSourceCodeAccess
LogPluginManager: Mounting plugin XCodeSourceCodeAccess
LogPluginManager: Mounting plugin AssetManagerEditor
LogPluginManager: Mounting plugin AudioCapture
LogPluginManager: Mounting plugin FacialAnimation
LogPluginManager: Mounting plugin GameplayTagsEditor
LogPluginManager: Mounting plugin MobileLauncherProfileWizard
LogPluginManager: Mounting plugin PluginBrowser
LogPluginManager: Mounting plugin SpeedTreeImporter
LogPluginManager: Mounting plugin AlembicImporter
LogPluginManager: Mounting plugin CharacterAI
LogPluginManager: Mounting plugin HTML5Networking
LogPluginManager: Mounting plugin AndroidMedia
LogPluginManager: Mounting plugin AvfMedia
LogPluginManager: Mounting plugin MediaPlayerEditor
LogPluginManager: Mounting plugin WmfMedia
LogPluginManager: Mounting plugin TcpMessaging
LogPluginManager: Mounting plugin UdpMessaging
LogPluginManager: Mounting plugin LevelSequenceEditor
LogPluginManager: Mounting plugin MatineeToLevelSequence
LogPluginManager: Mounting plugin OnlineSubsystemGooglePlay
LogPluginManager: Mounting plugin OnlineSubsystemIOS
LogPluginManager: Mounting plugin OnlineSubsystem
LogPluginManager: Mounting plugin OnlineSubsystemNull
LogPluginManager: Mounting plugin OnlineSubsystemUtils
LogPluginManager: Mounting plugin AndroidDeviceProfileSelector
LogPluginManager: Mounting plugin AndroidMoviePlayer
LogPluginManager: Mounting plugin AndroidPermission
LogPluginManager: Mounting plugin AppleMoviePlayer
LogPluginManager: Mounting plugin ArchVisCharacter
LogPluginManager: Mounting plugin CableComponent
LogPluginManager: Mounting plugin CustomMeshComponent
LogPluginManager: Mounting plugin ExampleDeviceProfileSelector
LogPluginManager: Mounting plugin GoogleCloudMessaging
LogPluginManager: Mounting plugin ImmediatePhysics
LogPluginManager: Mounting plugin IOSDeviceProfileSelector
LogPluginManager: Mounting plugin LinuxDeviceProfileSelector
LogPluginManager: Mounting plugin LocationServicesBPLibrary
LogPluginManager: Mounting plugin MobilePatchingUtils
LogPluginManager: Mounting plugin OculusVR
LogPluginManager: Mounting plugin PhysXVehicles
LogPluginManager: Mounting plugin ProceduralMeshComponent
LogPluginManager: Mounting plugin RuntimePhysXCooking
LogPluginManager: Mounting plugin SteamVR
LogPluginManager: Mounting plugin WindowsMoviePlayer
LogInit: Warning: Incompatible or missing module: UE4Editor-CoopGame.dll
Running D:/Unreal Engine/UE_4.17/Engine/Binaries/DotNET/UnrealBuildTool.exe CoopGame Development Win64 -project="D:/GitHub/UE4/CoopGame/CoopGame.uproject" -editorrecompile -progress -NoHotReloadFromIDE
Creating makefile for CoopGame (no existing makefile)
Performing full C++ include scan (no include cache file)
@progress push 5%
Parsing headers for CoopGameEditor
  Running UnrealHeaderTool "D:\GitHub\UE4\CoopGame\CoopGame.uproject" "D:\GitHub\UE4\CoopGame\Intermediate\Build\Win64\CoopGameEditor\Development\CoopGameEditor.uhtmanifest" -LogCmds="loginit warning, logexit warning, logdatabase error" -Unattended -WarningsAsErrors -installed
Reflection code generated for CoopGameEditor in 7.4030491 seconds
@progress pop
Performing 25 actions (4 in parallel)
[2/25] Resource PCLaunch.rc
[3/25] Resource ModuleVersionResource.rc.inl
SharedPCH.Engine.cpp
SPlayerState.gen.cpp
SPickupActor.gen.cpp
SPowerupActor.gen.cpp
CoopGame.init.gen.cpp
SHealthComponent.gen.cpp
SGameMode.gen.cpp
SGameState.gen.cpp
SCharacter.gen.cpp
SHealthComponent.cpp
STrackerBot.cpp
SWeapon.cpp
SPowerupActor.cpp
SPlayerState.cpp
SPickupActor.cpp
SGameState.cpp
SGameMode.cpp
SCharacter.cpp
CoopGame.cpp
STrackerBot.gen.cpp
SWeapon.gen.cpp
[24/25] Link UE4Editor-CoopGame.dll
[25/25] Link UE4Editor-CoopGame.lib
   Bibliothek "D:\GitHub\UE4\CoopGame\Intermediate\Build\Win64\UE4Editor\Development\UE4Editor-CoopGame.lib" und Objekt "D:\GitHub\UE4\CoopGame\Intermediate\Build\Win64\UE4Editor\Development\UE4Editor-CoopGame.exp" werden erstellt.
   Bibliothek "D:\GitHub\UE4\CoopGame\Intermediate\Build\Win64\UE4Editor\Development\UE4Editor-CoopGame.suppressed.lib" und Objekt "D:\GitHub\UE4\CoopGame\Intermediate\Build\Win64\UE4Editor\Development\UE4Editor-CoopGame.suppressed.exp" werden erstellt.
Total build time: 37.13 seconds (Local executor: 25.91 seconds)
LogInit: Using libcurl 7.47.1
LogInit:  - built for x86_64-pc-win32
LogInit:  - supports SSL with OpenSSL/1.0.2g
LogInit:  - supports HTTP deflate (compression) using libz 1.2.8
LogInit:  - other features:
LogInit:      CURL_VERSION_SSL
LogInit:      CURL_VERSION_LIBZ
LogInit:      CURL_VERSION_IPV6
LogInit:      CURL_VERSION_ASYNCHDNS
LogInit:      CURL_VERSION_LARGEFILE
LogInit:      CURL_VERSION_IDN
LogInit:  CurlRequestOptions (configurable via config and command line):
LogInit:  - bVerifyPeer = false  - Libcurl will NOT verify peer certificate
LogInit:  - bUseHttpProxy = false  - Libcurl will NOT use HTTP proxy
LogInit:  - bDontReuseConnections = false  - Libcurl will reuse connections
LogInit:  - CertBundlePath = nullptr  - Libcurl will use whatever was configured at build time.
LogInit: Build: ++UE4+Release-4.17-CL-3658906
LogInit: Engine Version: 4.17.2-3658906+++UE4+Release-4.17
LogInit: Compatible Engine Version: 4.17.0-3573198+++UE4+Release-4.17
LogInit: Net CL: 3573198
LogDevObjectVersion: Number of dev versions registered: 16
LogDevObjectVersion:   Dev-Blueprints (B0D832E4-1F89-4F0D-ACCF-7EB736FD4AA2): 10
LogDevObjectVersion:   Dev-Build (E1C64328-A22C-4D53-A36C-8E866417BD8C): 0
LogDevObjectVersion:   Dev-Core (375EC13C-06E4-48FB-B500-84F0262A717E): 2
LogDevObjectVersion:   Dev-Editor (E4B068ED-F494-42E9-A231-DA0B2E46BB41): 20
LogDevObjectVersion:   Dev-Framework (CFFC743F-43B0-4480-9391-14DF171D2073): 28
LogDevObjectVersion:   Dev-Mobile (B02B49B5-BB20-44E9-A304-32B752E40360): 0
LogDevObjectVersion:   Dev-Networking (A4E4105C-59A1-49B5-A7C5-40C4547EDFEE): 0
LogDevObjectVersion:   Dev-Online (39C831C9-5AE6-47DC-9A44-9C173E1C8E7C): 0
LogDevObjectVersion:   Dev-Physics (78F01B33-EBEA-4F98-B9B4-84EACCB95AA2): 0
LogDevObjectVersion:   Dev-Platform (6631380F-2D4D-43E0-8009-CF276956A95A): 0
LogDevObjectVersion:   Dev-Rendering (12F88B9F-8875-4AFC-A67C-D90C383ABD29): 19
LogDevObjectVersion:   Dev-Sequencer (7B5AE74C-D270-4C10-A958-57980B212A5A): 4
LogDevObjectVersion:   Dev-VR (D7296918-1DD6-4BDD-9DE2-64A83CC13884): 0
LogDevObjectVersion:   Dev-LoadTimes (C2A15278-BFE7-4AFE-6C17-90FF531DF755): 1
LogDevObjectVersion:   Private-Geometry (6EACA3D4-40EC-4CC1-B786-8BED09428FC5): 1
LogDevObjectVersion:   Dev-AnimPhys (29E575DD-E0A3-4627-9D10-D276232CDCEA): 7
LogInit: Compiled (64-bit): Sep 22 2017 13:47:16
LogInit: Compiled with Visual C++: 19.00.24215.01
LogInit: Build Configuration: Development
LogInit: Branch Name: ++UE4+Release-4.17
LogInit: Command line: -EpicPortal  -epicusername="Beastlike3773" -epicuserid=80014870ffd24abd9568300cf322012d -epiclocale=en-US
LogInit: Base directory: D:/Unreal Engine/UE_4.17/Engine/Binaries/Win64/
LogInit: Installed Engine Build: 1
LogInit: Presizing for max 8388607 objects, including 0 objects not considered by GC, pre-allocating 0 bytes for permanent pool.
LogInit: Object subsystem initialized
[2019.06.12-21.37.38:181][  0]LogInit: Selected Device Profile: [Windows]
[2019.06.12-21.37.38:181][  0]LogInit: Applying CVar settings loaded from the selected device profile: [Windows]
[2019.06.12-21.37.38:189][  0]LogInit: Computer: DESKTOP-BM310M7
[2019.06.12-21.37.38:189][  0]LogInit: User: manue
[2019.06.12-21.37.38:189][  0]LogInit: CPU Page size=4096, Cores=4
[2019.06.12-21.37.38:189][  0]LogInit: High frequency timer resolution =10.000000 MHz
[2019.06.12-21.37.38:189][  0]LogMemory: Memory total: Physical=31.9GB (32GB approx)
[2019.06.12-21.37.38:189][  0]LogMemory: Platform Memory Stats for Windows
[2019.06.12-21.37.38:189][  0]LogMemory: Process Physical Memory: 282.40 MB used, 282.41 MB peak
[2019.06.12-21.37.38:189][  0]LogMemory: Process Virtual Memory: 274.87 MB used, 274.87 MB peak
[2019.06.12-21.37.38:189][  0]LogMemory: Physical Memory: 12804.68 MB used,  19900.64 MB free, 32705.32 MB total
[2019.06.12-21.37.38:189][  0]LogMemory: Virtual Memory: 4854.15 MB used,  19900.64 MB free, 134217728.00 MB total
[2019.06.12-21.37.38:294][  0]LogInit: Using OS detected language (de-DE).
[2019.06.12-21.37.38:294][  0]LogInit: Using OS detected locale (de-CH).
[2019.06.12-21.37.38:296][  0]LogTextLocalizationManager: No localization for 'de-DE' exists, so 'en' will be used for the language.
[2019.06.12-21.37.38:297][  0]LogTextLocalizationManager: No localization for 'de-CH' exists, so 'en' will be used for the locale.
[2019.06.12-21.37.38:883][  0]LogD3D11RHI: D3D11 adapters:
[2019.06.12-21.37.38:943][  0]LogD3D11RHI:    0. 'NVIDIA GeForce GTX 1080 Ti' (Feature Level 11_0)
[2019.06.12-21.37.38:943][  0]LogD3D11RHI:       11127/0/16352 MB DedicatedVideo/DedicatedSystem/SharedSystem, Outputs:2, VendorId:0x10de
[2019.06.12-21.37.38:945][  0]LogD3D11RHI:    1. 'Microsoft Basic Render Driver' (Feature Level 11_0)
[2019.06.12-21.37.38:945][  0]LogD3D11RHI:       0/0/16352 MB DedicatedVideo/DedicatedSystem/SharedSystem, Outputs:0, VendorId:0x1414
[2019.06.12-21.37.38:945][  0]LogD3D11RHI: Chosen D3D11 Adapter: 0
[2019.06.12-21.37.38:953][  0]LogD3D11RHI: Creating new Direct3DDevice
[2019.06.12-21.37.38:953][  0]LogD3D11RHI:     GPU DeviceId: 0x1b06 (for the marketing name, search the web for "GPU Device Id")
[2019.06.12-21.37.38:953][  0]LogWindows: EnumDisplayDevices:
[2019.06.12-21.37.38:954][  0]LogWindows:    0. 'NVIDIA GeForce GTX 1080 Ti' (P:1 D:1)
[2019.06.12-21.37.38:954][  0]LogWindows:    1. 'NVIDIA GeForce GTX 1080 Ti' (P:0 D:1)
[2019.06.12-21.37.38:954][  0]LogWindows:    2. 'NVIDIA GeForce GTX 1080 Ti' (P:0 D:0)
[2019.06.12-21.37.38:954][  0]LogWindows:    3. 'NVIDIA GeForce GTX 1080 Ti' (P:0 D:0)
[2019.06.12-21.37.38:954][  0]LogWindows: DebugString: GetVideoDriverDetailsInvalid PrimaryIsNotTheChoosenAdapter GetVideoDriverDetailsInvalid PrimaryIsNotTheChoosenAdapter GetVideoDriverDetailsInvalid PrimaryIsNotTheChoosenAdapter GetVideoDriverDetailsInvalid PrimaryIsNotTheChoosenAdapter FoundDriverCount:0 
[2019.06.12-21.37.38:954][  0]LogD3D11RHI:     Adapter Name: NVIDIA GeForce GTX 1080 Ti
[2019.06.12-21.37.38:954][  0]LogD3D11RHI:   Driver Version: Unknown (internal:Unknown, unified:Unknown)
[2019.06.12-21.37.38:954][  0]LogD3D11RHI:      Driver Date: Unknown
[2019.06.12-21.37.38:954][  0]LogRHI: Texture pool is 1361 MB (70% of 1945 MB)
[2019.06.12-21.37.38:995][  0]LogD3D11RHI: Async texture creation enabled
[2019.06.12-21.37.39:018][  0]LogD3D11RHI: GPU Timing Frequency: 1000.000000 (Debug: 2 2)
[2019.06.12-21.37.39:114][  0]LogShaderCompilers: Guid format shader working directory is 11 characters bigger than the processId version (../../../../../GitHub/UE4/CoopGame/Intermediate/Shaders/WorkingDirectory/15284/).
[2019.06.12-21.37.39:114][  0]LogShaderCompilers: Cleaned the shader compiler working directory 'C:/Users/manue/AppData/Local/Temp/UnrealShaderWorkingDir/894356CA4143CFE19D5FD88FA7AF6EE7/'.
[2019.06.12-21.37.39:114][  0]LogShaderCompilers: Display: Using Local Shader Compiler.
[2019.06.12-21.37.39:819][  0]LogTemp: Display: Loaded TP AllDesktopTargetPlatform
[2019.06.12-21.37.39:854][  0]LogTemp: Display: Loaded TP MacClientTargetPlatform
[2019.06.12-21.37.39:890][  0]LogTemp: Display: Loaded TP MacNoEditorTargetPlatform
[2019.06.12-21.37.39:924][  0]LogTemp: Display: Loaded TP MacServerTargetPlatform
[2019.06.12-21.37.39:956][  0]LogTemp: Display: Loaded TP MacTargetPlatform
[2019.06.12-21.37.39:988][  0]LogTemp: Display: Loaded TP WindowsClientTargetPlatform
[2019.06.12-21.37.40:022][  0]LogTemp: Display: Loaded TP WindowsNoEditorTargetPlatform
[2019.06.12-21.37.40:054][  0]LogTemp: Display: Loaded TP WindowsServerTargetPlatform
[2019.06.12-21.37.40:084][  0]LogTemp: Display: Loaded TP WindowsTargetPlatform
[2019.06.12-21.37.40:120][  0]LogTemp: Display: Loaded TP AndroidTargetPlatform
[2019.06.12-21.37.40:156][  0]LogTemp: Display: Loaded TP Android_ASTCTargetPlatform
[2019.06.12-21.37.40:189][  0]LogTemp: Display: Loaded TP Android_ATCTargetPlatform
[2019.06.12-21.37.40:232][  0]LogTemp: Display: Loaded TP Android_DXTTargetPlatform
[2019.06.12-21.37.40:268][  0]LogTemp: Display: Loaded TP Android_ETC1TargetPlatform
[2019.06.12-21.37.40:305][  0]LogTemp: Display: Loaded TP Android_ETC2TargetPlatform
[2019.06.12-21.37.40:370][  0]LogTemp: Display: Loaded TP Android_MultiTargetPlatform
[2019.06.12-21.37.40:370][  0]LogTemp: Display: Loaded TP Android_PVRTCTargetPlatform
[2019.06.12-21.37.40:398][  0]LogTemp: Display: Loaded TP HTML5TargetPlatform
[2019.06.12-21.37.40:468][  0]LogTemp: Display: Loaded TP IOSTargetPlatform
[2019.06.12-21.37.40:487][  0]LogTemp: Display: Loaded TP TVOSTargetPlatform
[2019.06.12-21.37.40:522][  0]LogTemp: Display: Loaded TP LinuxClientTargetPlatform
[2019.06.12-21.37.40:559][  0]LogTemp: Display: Loaded TP LinuxNoEditorTargetPlatform
[2019.06.12-21.37.40:599][  0]LogTemp: Display: Loaded TP LinuxServerTargetPlatform
[2019.06.12-21.37.40:635][  0]LogTemp: Display: Loaded TP LinuxTargetPlatform
[2019.06.12-21.37.40:635][  0]LogTargetPlatformManager: Display: Building Assets For Windows
[2019.06.12-21.37.40:935][  0]LogDerivedDataCache: Display: Max Cache Size: 512 MB
[2019.06.12-21.37.40:997][  0]LogDerivedDataCache: Loaded boot cache 0.06s 93MB C:/Users/manue/AppData/Local/UnrealEngine/4.17/DerivedDataCache/Boot.ddc.
[2019.06.12-21.37.40:997][  0]LogDerivedDataCache: Display: Loaded Boot cache: C:/Users/manue/AppData/Local/UnrealEngine/4.17/DerivedDataCache/Boot.ddc
[2019.06.12-21.37.40:997][  0]LogDerivedDataCache: FDerivedDataBackendGraph:  Pak pak cache file ../../../../../GitHub/UE4/CoopGame/DerivedDataCache/DDC.ddp not found, will not use a pak cache.
[2019.06.12-21.37.40:997][  0]LogDerivedDataCache: Unable to find inner node Pak for hierarchical cache Hierarchy.
[2019.06.12-21.37.40:997][  0]LogDerivedDataCache: FDerivedDataBackendGraph:  CompressedPak pak cache file ../../../../../GitHub/UE4/CoopGame/DerivedDataCache/Compressed.ddp not found, will not use a pak cache.
[2019.06.12-21.37.40:997][  0]LogDerivedDataCache: Unable to find inner node CompressedPak for hierarchical cache Hierarchy.
[2019.06.12-21.37.41:012][  0]LogDerivedDataCache: Display: Pak cache opened for reading ../../../Engine/DerivedDataCache/Compressed.ddp.
[2019.06.12-21.37.41:024][  0]LogDerivedDataCache: Using Local data cache path C:/Users/manue/AppData/Local/UnrealEngine/Common/DerivedDataCache: Writable
[2019.06.12-21.37.41:032][  0]LogMaterial: Verifying Global Shaders for PCD3D_SM5
[2019.06.12-21.37.41:032][  0]LogSlate: Using Freetype 2.6.0
[2019.06.12-21.37.41:032][  0]LogSlate: SlateFontCache - WITH_FREETYPE: 1, WITH_HARFBUZZ: 1
[2019.06.12-21.37.41:032][  0]LogSlate: SlateFontCache - WITH_FREETYPE: 1, WITH_HARFBUZZ: 1
[2019.06.12-21.37.41:235][  0]LogAssetRegistry: FAssetRegistry took 0.0247 seconds to start up
[2019.06.12-21.37.41:327][  0]LogInit: Selected Device Profile: [Windows]
[2019.06.12-21.37.41:421][  0]LogContentStreaming: Texture pool size is 0.00 MB
[2019.06.12-21.37.41:662][  0]LogSimplygon: Simplygon DLL not present - disabling.
[2019.06.12-21.37.41:691][  0]LogMeshReduction: Using SimplygonSwarm for distributed automatic mesh merging
[2019.06.12-21.37.41:691][  0]LogMeshReduction: Using QuadricMeshReduction for automatic static mesh reduction
[2019.06.12-21.37.41:691][  0]LogMeshReduction: No automatic skeletal mesh reduction module available
[2019.06.12-21.37.41:691][  0]LogMeshReduction: No automatic mesh merging module available
[2019.06.12-21.37.41:691][  0]LogMeshMerging: No automatic mesh merging module available
[2019.06.12-21.37.41:956][  0]LogNetVersion: CoopGame , NetCL: 3573198, EngineNetVer: 2, GameNetVer: 0 (Checksum: 471078940)
[2019.06.12-21.37.42:094][  0]LogPackageLocalizationCache: Processed 5 localized package path(s) for 1 prioritized culture(s) in 0.013883 seconds
[2019.06.12-21.37.42:099][  0]LogUObjectArray: 35825 objects as part of root set at end of initial load.
[2019.06.12-21.37.42:099][  0]LogUObjectAllocator: 7529112 out of 0 bytes used by permanent object pool.
[2019.06.12-21.37.42:099][  0]LogUObjectArray: CloseDisregardForGC: 0/0 objects in disregard for GC pool
[2019.06.12-21.37.42:142][  0]LogInit: WinSock: version 1.1 (2.2), MaxSocks=32767, MaxUdp=65467
[2019.06.12-21.37.43:982][  0]LogTcpMessaging: Initializing TcpMessaging bridge
[2019.06.12-21.37.44:017][  0]LogUdpMessaging: Initializing bridge on interface 0.0.0.0:0 to multicast group 230.0.0.1:6666.
[2019.06.12-21.37.44:470][  0]LogMaterial: Uniform references updated for custom material expression Custom.
[2019.06.12-21.37.44:755][  0]SourceControl: Source control is disabled
[2019.06.12-21.37.44:755][  0]SourceControl: Source control is disabled
[2019.06.12-21.37.44:786][  0]SourceControl: Source control is disabled
[2019.06.12-21.37.44:813][  0]SourceControl: Source control is disabled
[2019.06.12-21.37.45:152][  0]LogAndroidPermission: UAndroidPermissionCallbackProxy::GetInstance
[2019.06.12-21.37.45:297][  0]LogOcInput: OculusInput pre-init called
[2019.06.12-21.37.45:460][  0]LogEngine: Initializing Engine...
[2019.06.12-21.37.45:462][  0]LogHMD: Failed to initialize OpenVR with code 110
[2019.06.12-21.37.45:634][  0]LogStats: UGameplayTagsManager::ConstructGameplayTagTree: Construct from data asset -  0.000 s
[2019.06.12-21.37.45:634][  0]LogStats: UGameplayTagsManager::ConstructGameplayTagTree: GameplayTagTreeChangedEvent.Broadcast -  0.000 s
[2019.06.12-21.37.45:721][  0]LogAIModule: Creating AISystem for world Untitled
[2019.06.12-21.37.45:754][  0]LogInit: XAudio2 using 'Speakers (KAVE XTD Headset)' : 6 channels at 48 kHz using 16 bits per sample (channel mask 0x3f)
[2019.06.12-21.37.45:771][  0]LogInit: FAudioDevice initialized.
[2019.06.12-21.37.45:881][  0]LogDerivedDataCache: Saved boot cache 0.11s 93MB C:/Users/manue/AppData/Local/UnrealEngine/4.17/DerivedDataCache/Boot.ddc.
[2019.06.12-21.37.45:888][  0]LogInit: Texture streaming: Enabled
[2019.06.12-21.37.45:960][  0]LogEngineSessionManager: EngineSessionManager initialized
[2019.06.12-21.37.46:115][  0]LogInit: Transaction tracking system initialized
[2019.06.12-21.37.46:301][  0]BlueprintLog: New page: Editor Load
[2019.06.12-21.37.46:863][  0]LocalizationService: Localization service is disabled
[2019.06.12-21.37.47:328][  0]LogConsoleResponse: Display: 
[2019.06.12-21.37.47:453][  0]LogCook: Display: Max memory allowance for cook 16384mb min free memory 0mb
[2019.06.12-21.37.47:453][  0]LogCook: Display: Mobile HDR setting 1
[2019.06.12-21.37.47:453][  0]LogGameplayTags: Display: UGameplayTagsManager::DoneAddingNativeTags. DelegateIsBound: 0
[2019.06.12-21.37.47:628][  0]LogFileCache: Scanning file cache for directory 'D:/GitHub/UE4/CoopGame/Content/' took 0.01s
[2019.06.12-21.37.48:133][  0]SourceControl: Source control is disabled
[2019.06.12-21.37.48:133][  0]Cmd: MAP LOAD FILE="../../../../../GitHub/UE4/CoopGame/Content/Maps/Blockout_P.umap" TEMPLATE=0 SHOWPROGRESS=1 FEATURELEVEL=3
[2019.06.12-21.37.48:133][  0]LightingResults: New page: Lighting Build
[2019.06.12-21.37.48:162][  0]MapCheck: New page: Map Check
[2019.06.12-21.37.48:162][  0]LightingResults: New page: Lighting Build
[2019.06.12-21.37.48:477][  0]LogAIModule: Creating AISystem for world Blockout_P
[2019.06.12-21.37.48:487][  0]LogEditorServer: Finished looking for orphan Actors (0.000 secs)
[2019.06.12-21.37.48:496][  0]Cmd: MAP CHECKDEP NOCLEARLOG
[2019.06.12-21.37.48:524][  0]MapCheck: Map check complete: 0 Error(s), 0 Warning(s), took 27.734ms to complete.
[2019.06.12-21.37.48:524][  0]LogFileHelpers: Loading map 'Blockout_P' took 0.392
[2019.06.12-21.37.48:657][  0]LogCollectionManager: Loaded 0 collections in 0.000684 seconds
[2019.06.12-21.37.48:722][  0]LogFileCache: Scanning file cache for directory 'D:/GitHub/UE4/CoopGame/Saved/Collections/' took 0.01s
[2019.06.12-21.37.48:722][  0]LogFileCache: Scanning file cache for directory 'D:/GitHub/UE4/CoopGame/Content/Developers/manue/Collections/' took 0.01s
[2019.06.12-21.37.48:722][  0]LogFileCache: Scanning file cache for directory 'D:/GitHub/UE4/CoopGame/Content/Collections/' took 0.01s
[2019.06.12-21.37.48:722][  0]LogCollectionManager: Rebuilt the GUID cache for 0 collections in 0.000000 seconds
[2019.06.12-21.37.48:732][  0]LogContentBrowser: Native class hierarchy populated in 0.0094 seconds. Added 2395 classes and 505 folders.
[2019.06.12-21.37.48:771][  0]LogContentBrowser: Native class hierarchy updated for 'WidgetCarousel' in 0.0024 seconds. Added 0 classes and 0 folders.
[2019.06.12-21.37.48:801][  0]LogContentBrowser: Native class hierarchy updated for 'AddContentDialog' in 0.0025 seconds. Added 0 classes and 0 folders.
[2019.06.12-21.37.48:835][  0]LogContentBrowser: Native class hierarchy updated for 'SceneOutliner' in 0.0034 seconds. Added 1 classes and 2 folders.
[2019.06.12-21.37.48:898][  0]LogSlate: Took 0.000279 seconds to synchronously load lazily loaded font '../../../Engine/Content/Slate/Fonts/Roboto-Regular.ttf' (155K)
[2019.06.12-21.37.48:900][  0]LogSlate: Took 0.000164 seconds to synchronously load lazily loaded font '../../../Engine/Content/Slate/Fonts/Roboto-Bold.ttf' (160K)
[2019.06.12-21.37.48:905][  0]LogSlate: Took 0.000138 seconds to synchronously load lazily loaded font '../../../Engine/Content/Editor/Slate/Fonts/FontAwesome.ttf' (139K)
[2019.06.12-21.37.48:906][  0]LogSlate: Took 0.000087 seconds to synchronously load lazily loaded font '../../../Engine/Content/Editor/Slate/Fonts/DroidSansMono.ttf' (77K)
[2019.06.12-21.37.48:997][  0]LogRenderer: Reallocating scene render targets to support 1208x576 Format 10 NumSamples 1 (Frame:1).
[2019.06.12-21.37.49:119][  0]LogContentBrowser: Native class hierarchy updated for 'HierarchicalLODOutliner' in 0.0032 seconds. Added 1 classes and 2 folders.
[2019.06.12-21.37.49:119][  0]LogLoad: (Engine Initialization) Total time: 56.79 seconds
[2019.06.12-21.37.49:119][  0]LogLoad: (Engine Initialization) Total Blueprint compile time: 0.00 seconds
[2019.06.12-21.37.49:120][  0]LogExternalProfiler: No external profilers were discovered.  External profiling features will not be available.
[2019.06.12-21.37.49:164][  0]LogAssetRegistry: Asset discovery search completed in 7.9507 seconds
[2019.06.12-21.37.49:166][  0]LogCollectionManager: Rebuilt the object cache for 0 collections in 0.000000 seconds (found 0 objects)
[2019.06.12-21.37.49:166][  0]LogCollectionManager: Fixed up redirectors for 0 collections in 0.000145 seconds (updated 0 objects)
[2019.06.12-21.37.49:168][  0]LogContentStreaming: Texture pool size now 1000 MB
[2019.06.12-21.37.49:199][  1]LogFileCache: Retrieving MD5 hashes for directory 'D:/GitHub/UE4/CoopGame/Content/' took 0.07s
[2019.06.12-21.37.58:320][463]LogVSAccessor: Warning: Couldn't access Visual Studio
[2019.06.12-21.37.58:326][463]Candidate modules for hot reload:
[2019.06.12-21.37.58:327][463]  CoopGame
[2019.06.12-21.37.58:327][463]Launching UnrealBuildTool... [D:/Unreal Engine/UE_4.17/Engine/Binaries/DotNET/UnrealBuildTool.exe CoopGame -ModuleWithSuffix CoopGame 1422 Win64 Development -editorrecompile -canskiplink "D:/GitHub/UE4/CoopGame/CoopGame.uproject" ]
[2019.06.12-21.37.58:328][463]Warning: Starting HotReload took  0.0s.
[2019.06.12-21.38.01:860][881]CompilerResultsLog: New page: Compilation - Jun 13, 2019, 1:38:01 AM
[2019.06.12-21.38.01:860][881]CompilerResultsLog: Compiling game modules for hot reload
[2019.06.12-21.38.01:860][881]CompilerResultsLog: Target is up to date
[2019.06.12-21.38.01:860][881]CompilerResultsLog: Total build time: 3.36 seconds (NoActionsToExecute executor: 0.00 seconds)
[2019.06.12-21.38.01:860][881]LogMainFrame: MainFrame: Module compiling took 3.540 seconds
[2019.06.12-21.38.01:883][881]LogContentBrowser: Native class hierarchy populated in 0.0110 seconds. Added 2397 classes and 509 folders.
[2019.06.12-21.38.01:884][881]Display: HotReload took  3.6s.
[2019.06.12-21.38.06:806][472]LogTemp: Repeating last play command: Selected Viewport
[2019.06.12-21.38.06:885][472]LogPlayLevel: PlayLevel: No blueprints needed recompiling
[2019.06.12-21.38.06:885][472]PIE: New page: PIE session: Blockout_P (Jun 13, 2019, 1:38:06 AM)
[2019.06.12-21.38.06:885][472]LogPlayLevel: Creating play world package: /Game/Maps/UEDPIE_0_Blockout_P
[2019.06.12-21.38.06:918][472]LogPlayLevel: PIE: StaticDuplicateObject took: (0.032838s)
[2019.06.12-21.38.06:919][472]LogAIModule: Creating AISystem for world Blockout_P
[2019.06.12-21.38.06:919][472]LogPlayLevel: PIE: World Init took: (0.000705s)
[2019.06.12-21.38.06:919][472]LogPlayLevel: PIE: Created PIE world by copying editor world from /Game/Maps/Blockout_P.Blockout_P to /Game/Maps/UEDPIE_0_Blockout_P.Blockout_P (0.034055s)
[2019.06.12-21.38.06:952][472]LogInit: XAudio2 using 'Speakers (KAVE XTD Headset)' : 6 channels at 48 kHz using 16 bits per sample (channel mask 0x3f)
[2019.06.12-21.38.06:963][472]LogInit: FAudioDevice initialized.
[2019.06.12-21.38.07:027][472]LogLinker: Error: HOTRELOADED_SCharacter_3 has an inappropriate outermost, it was probably saved with a deprecated outer (file: ../../../../../GitHub/UE4/CoopGame/Content/AnimStarterPack/UE4ASP_HeroTPP_AnimBlueprint.uasset)
[2019.06.12-21.38.07:027][472]LogLinker: Error: HOTRELOADED_SCharacter_3 has an inappropriate outermost, it was probably saved with a deprecated outer (file: ../../../../../GitHub/UE4/CoopGame/Content/AnimStarterPack/UE4ASP_HeroTPP_AnimBlueprint.uasset)
[2019.06.12-21.38.07:036][472]LogLinker: Error: HOTRELOADED_SCharacter_3 has an inappropriate outermost, it was probably saved with a deprecated outer (file: ../../../../../GitHub/UE4/CoopGame/Content/AnimStarterPack/UE4ASP_HeroTPP_AnimBlueprint.uasset)
[2019.06.12-21.38.07:036][472]LogLinker: Error: HOTRELOADED_SCharacter_3 has an inappropriate outermost, it was probably saved with a deprecated outer (file: ../../../../../GitHub/UE4/CoopGame/Content/AnimStarterPack/UE4ASP_HeroTPP_AnimBlueprint.uasset)
[2019.06.12-21.38.07:088][472]LogLinker: Warning: Can't find file '/Script/EnvironmentQueryEditor'
[2019.06.12-21.38.07:088][472]LogLinker: Warning: Can't find file for asset '/Script/EnvironmentQueryEditor' while loading ../../../../../GitHub/UE4/CoopGame/Content/AdvancedAI/EQS_FindMoveTo.uasset.
[2019.06.12-21.38.07:088][472]LoadErrors: Error: /Game/AdvancedAI/EQS_FindMoveTo : Can't find file for asset. /Script/EnvironmentQueryEditor
[2019.06.12-21.38.07:088][472]LogLinker: Warning: Can't find file '/Script/EnvironmentQueryEditor'
[2019.06.12-21.38.07:089][472]LogLinker: Warning: Can't find file for asset '/Script/EnvironmentQueryEditor' while loading ../../../../../GitHub/UE4/CoopGame/Content/AdvancedAI/EQS_FindMoveTo.uasset.
[2019.06.12-21.38.07:089][472]LogLinker: Warning: Can't find file '/Script/EnvironmentQueryEditor'
[2019.06.12-21.38.07:089][472]LogLinker: Warning: Can't find file for asset '/Script/EnvironmentQueryEditor' while loading ../../../../../GitHub/UE4/CoopGame/Content/AdvancedAI/EQS_FindMoveTo.uasset.
[2019.06.12-21.38.07:089][472]LogLinker: Warning: Can't find file '/Script/EnvironmentQueryEditor'
[2019.06.12-21.38.07:089][472]LogLinker: Warning: Can't find file for asset '/Script/EnvironmentQueryEditor' while loading ../../../../../GitHub/UE4/CoopGame/Content/AdvancedAI/EQS_FindMoveTo.uasset.
[2019.06.12-21.38.07:089][472]LogLinker: Warning: Can't find file '/Script/EnvironmentQueryEditor'
[2019.06.12-21.38.07:090][472]LogLinker: Warning: Can't find file for asset '/Script/EnvironmentQueryEditor' while loading ../../../../../GitHub/UE4/CoopGame/Content/AdvancedAI/EQS_FindMoveTo.uasset.
[2019.06.12-21.38.07:090][472]LogLinker: Warning: Can't find file '/Script/EnvironmentQueryEditor'
[2019.06.12-21.38.07:090][472]LogLinker: Warning: Can't find file for asset '/Script/EnvironmentQueryEditor' while loading ../../../../../GitHub/UE4/CoopGame/Content/AdvancedAI/BT_AdvancedAI.uasset.
[2019.06.12-21.38.07:090][472]LoadErrors: Error: /Game/AdvancedAI/BT_AdvancedAI : Can't find file for asset. /Script/EnvironmentQueryEditor
[2019.06.12-21.38.07:090][472]LogLinker: Warning: Can't find file '/Script/EnvironmentQueryEditor'
[2019.06.12-21.38.07:091][472]LogLinker: Warning: Can't find file for asset '/Script/EnvironmentQueryEditor' while loading ../../../../../GitHub/UE4/CoopGame/Content/AdvancedAI/BT_AdvancedAI.uasset.
[2019.06.12-21.38.07:091][472]LogLinker: Warning: Can't find file '/Script/EnvironmentQueryEditor'
[2019.06.12-21.38.07:091][472]LogLinker: Warning: Can't find file for asset '/Script/EnvironmentQueryEditor' while loading ../../../../../GitHub/UE4/CoopGame/Content/AdvancedAI/BT_AdvancedAI.uasset.
[2019.06.12-21.38.07:091][472]LogLinker: Warning: Can't find file '/Script/EnvironmentQueryEditor'
[2019.06.12-21.38.07:091][472]LogLinker: Warning: Can't find file for asset '/Script/EnvironmentQueryEditor' while loading ../../../../../GitHub/UE4/CoopGame/Content/AdvancedAI/BT_AdvancedAI.uasset.
[2019.06.12-21.38.07:092][472]LogLinker: Warning: Can't find file '/Script/EnvironmentQueryEditor'
[2019.06.12-21.38.07:092][472]LogLinker: Warning: Can't find file for asset '/Script/EnvironmentQueryEditor' while loading ../../../../../GitHub/UE4/CoopGame/Content/AdvancedAI/BT_AdvancedAI.uasset.
[2019.06.12-21.38.07:092][472]LogLinker: Warning: Can't find file '/Script/EnvironmentQueryEditor'
[2019.06.12-21.38.07:092][472]LogLinker: Warning: Can't find file for asset '/Script/EnvironmentQueryEditor' while loading ../../../../../GitHub/UE4/CoopGame/Content/AdvancedAI/BT_AdvancedAI.uasset.
[2019.06.12-21.38.07:092][472]LogLinker: Warning: Can't find file '/Script/EnvironmentQueryEditor'
[2019.06.12-21.38.07:092][472]LogLinker: Warning: Can't find file for asset '/Script/EnvironmentQueryEditor' while loading ../../../../../GitHub/UE4/CoopGame/Content/AdvancedAI/BT_AdvancedAI.uasset.
[2019.06.12-21.38.07:093][472]LogLinker: Warning: Can't find file '/Script/EnvironmentQueryEditor'
[2019.06.12-21.38.07:093][472]LogLinker: Warning: Can't find file for asset '/Script/EnvironmentQueryEditor' while loading ../../../../../GitHub/UE4/CoopGame/Content/AdvancedAI/BT_AdvancedAI.uasset.
[2019.06.12-21.38.07:093][472]LogLinker: Warning: Can't find file '/Script/EnvironmentQueryEditor'
[2019.06.12-21.38.07:093][472]LogLinker: Warning: Can't find file for asset '/Script/EnvironmentQueryEditor' while loading ../../../../../GitHub/UE4/CoopGame/Content/AdvancedAI/BT_AdvancedAI.uasset.
[2019.06.12-21.38.07:093][472]LogLinker: Warning: Can't find file '/Script/EnvironmentQueryEditor'
[2019.06.12-21.38.07:094][472]LogLinker: Warning: Can't find file for asset '/Script/EnvironmentQueryEditor' while loading ../../../../../GitHub/UE4/CoopGame/Content/AdvancedAI/BT_AdvancedAI.uasset.
[2019.06.12-21.38.07:094][472]LogLinker: Warning: Can't find file '/Script/EnvironmentQueryEditor'
[2019.06.12-21.38.07:094][472]LogLinker: Warning: Can't find file for asset '/Script/EnvironmentQueryEditor' while loading ../../../../../GitHub/UE4/CoopGame/Content/AdvancedAI/BT_AdvancedAI.uasset.
[2019.06.12-21.38.07:094][472]LogLinker: Warning: Can't find file '/Script/EnvironmentQueryEditor'
[2019.06.12-21.38.07:095][472]LogLinker: Warning: Can't find file for asset '/Script/EnvironmentQueryEditor' while loading ../../../../../GitHub/UE4/CoopGame/Content/AdvancedAI/BT_AdvancedAI.uasset.
[2019.06.12-21.38.07:095][472]LogLinker: Warning: Can't find file '/Script/EnvironmentQueryEditor'
[2019.06.12-21.38.07:095][472]LogLinker: Warning: Can't find file for asset '/Script/EnvironmentQueryEditor' while loading ../../../../../GitHub/UE4/CoopGame/Content/AdvancedAI/BT_AdvancedAI.uasset.
[2019.06.12-21.38.07:095][472]LogLinker: Warning: Can't find file '/Script/EnvironmentQueryEditor'
[2019.06.12-21.38.07:095][472]LogLinker: Warning: Can't find file for asset '/Script/EnvironmentQueryEditor' while loading ../../../../../GitHub/UE4/CoopGame/Content/AdvancedAI/BT_AdvancedAI.uasset.
[2019.06.12-21.38.07:197][472]LogLinker: Warning: Can't find file '/Script/EnvironmentQueryEditor'
[2019.06.12-21.38.07:197][472]LogLinker: Warning: Can't find file for asset '/Script/EnvironmentQueryEditor' while loading ../../../../../GitHub/UE4/CoopGame/Content/AdvancedAI/EQS_FindNearestPlayer.uasset.
[2019.06.12-21.38.07:197][472]LoadErrors: Error: /Game/AdvancedAI/EQS_FindNearestPlayer : Can't find file for asset. /Script/EnvironmentQueryEditor
[2019.06.12-21.38.07:198][472]LogLinker: Warning: Can't find file '/Script/EnvironmentQueryEditor'
[2019.06.12-21.38.07:198][472]LogLinker: Warning: Can't find file for asset '/Script/EnvironmentQueryEditor' while loading ../../../../../GitHub/UE4/CoopGame/Content/AdvancedAI/EQS_FindNearestPlayer.uasset.
[2019.06.12-21.38.07:198][472]LogLinker: Warning: Can't find file '/Script/EnvironmentQueryEditor'
[2019.06.12-21.38.07:198][472]LogLinker: Warning: Can't find file for asset '/Script/EnvironmentQueryEditor' while loading ../../../../../GitHub/UE4/CoopGame/Content/AdvancedAI/EQS_FindNearestPlayer.uasset.
[2019.06.12-21.38.07:198][472]LogLinker: Warning: Can't find file '/Script/EnvironmentQueryEditor'
[2019.06.12-21.38.07:198][472]LogLinker: Warning: Can't find file for asset '/Script/EnvironmentQueryEditor' while loading ../../../../../GitHub/UE4/CoopGame/Content/AdvancedAI/EQS_FindNearestPlayer.uasset.
[2019.06.12-21.38.07:199][472]LogLinker: Warning: Can't find file '/Script/EnvironmentQueryEditor'
[2019.06.12-21.38.07:199][472]LogLinker: Warning: Can't find file for asset '/Script/EnvironmentQueryEditor' while loading ../../../../../GitHub/UE4/CoopGame/Content/AdvancedAI/EQS_FindNearestPlayer.uasset.
[2019.06.12-21.38.07:199][472]LogLinker: Warning: Can't find file '/Script/EnvironmentQueryEditor'
[2019.06.12-21.38.07:199][472]LogLinker: Warning: Can't find file for asset '/Script/EnvironmentQueryEditor' while loading ../../../../../GitHub/UE4/CoopGame/Content/AdvancedAI/BT_AdvancedAI.uasset.
[2019.06.12-21.38.07:199][472]LogLinker: Warning: Can't find file '/Script/EnvironmentQueryEditor'
[2019.06.12-21.38.07:199][472]LogLinker: Warning: Can't find file for asset '/Script/EnvironmentQueryEditor' while loading ../../../../../GitHub/UE4/CoopGame/Content/AdvancedAI/BT_AdvancedAI.uasset.
[2019.06.12-21.38.07:199][472]LogLinker: Warning: Can't find file '/Script/EnvironmentQueryEditor'
[2019.06.12-21.38.07:199][472]LogLinker: Warning: Can't find file for asset '/Script/EnvironmentQueryEditor' while loading ../../../../../GitHub/UE4/CoopGame/Content/AdvancedAI/BT_AdvancedAI.uasset.
[2019.06.12-21.38.07:200][472]LogLinker: Warning: Can't find file '/Script/EnvironmentQueryEditor'
[2019.06.12-21.38.07:200][472]LogLinker: Warning: Can't find file for asset '/Script/EnvironmentQueryEditor' while loading ../../../../../GitHub/UE4/CoopGame/Content/AdvancedAI/BT_AdvancedAI.uasset.
[2019.06.12-21.38.07:200][472]LogLinker: Warning: Can't find file '/Script/EnvironmentQueryEditor'
[2019.06.12-21.38.07:200][472]LogLinker: Warning: Can't find file for asset '/Script/EnvironmentQueryEditor' while loading ../../../../../GitHub/UE4/CoopGame/Content/AdvancedAI/BT_AdvancedAI.uasset.
[2019.06.12-21.38.07:200][472]LogLinker: Warning: Can't find file '/Script/EnvironmentQueryEditor'
[2019.06.12-21.38.07:200][472]LogLinker: Warning: Can't find file for asset '/Script/EnvironmentQueryEditor' while loading ../../../../../GitHub/UE4/CoopGame/Content/AdvancedAI/BT_AdvancedAI.uasset.
[2019.06.12-21.38.07:200][472]LogLinker: Warning: Can't find file '/Script/EnvironmentQueryEditor'
[2019.06.12-21.38.07:201][472]LogLinker: Warning: Can't find file for asset '/Script/EnvironmentQueryEditor' while loading ../../../../../GitHub/UE4/CoopGame/Content/AdvancedAI/BT_AdvancedAI.uasset.
[2019.06.12-21.38.07:201][472]LogLinker: Warning: Can't find file '/Script/EnvironmentQueryEditor'
[2019.06.12-21.38.07:201][472]LogLinker: Warning: Can't find file for asset '/Script/EnvironmentQueryEditor' while loading ../../../../../GitHub/UE4/CoopGame/Content/AdvancedAI/BT_AdvancedAI.uasset.
[2019.06.12-21.38.07:262][472]LogLinker: Warning: Can't find file '/Script/EnvironmentQueryEditor'
[2019.06.12-21.38.07:263][472]LogLinker: Warning: Can't find file for asset '/Script/EnvironmentQueryEditor' while loading ../../../../../GitHub/UE4/CoopGame/Content/AdvancedAI/EQS_FindSpawnLocation.uasset.
[2019.06.12-21.38.07:263][472]LoadErrors: Error: /Game/AdvancedAI/EQS_FindSpawnLocation : Can't find file for asset. /Script/EnvironmentQueryEditor
[2019.06.12-21.38.07:263][472]LogLinker: Warning: Can't find file '/Script/EnvironmentQueryEditor'
[2019.06.12-21.38.07:263][472]LogLinker: Warning: Can't find file for asset '/Script/EnvironmentQueryEditor' while loading ../../../../../GitHub/UE4/CoopGame/Content/AdvancedAI/EQS_FindSpawnLocation.uasset.
[2019.06.12-21.38.07:264][472]LogLinker: Warning: Can't find file '/Script/EnvironmentQueryEditor'
[2019.06.12-21.38.07:264][472]LogLinker: Warning: Can't find file for asset '/Script/EnvironmentQueryEditor' while loading ../../../../../GitHub/UE4/CoopGame/Content/AdvancedAI/EQS_FindSpawnLocation.uasset.
[2019.06.12-21.38.07:264][472]LogLinker: Warning: Can't find file '/Script/EnvironmentQueryEditor'
[2019.06.12-21.38.07:264][472]LogLinker: Warning: Can't find file for asset '/Script/EnvironmentQueryEditor' while loading ../../../../../GitHub/UE4/CoopGame/Content/AdvancedAI/EQS_FindSpawnLocation.uasset.
[2019.06.12-21.38.07:265][472]LogLinker: Warning: Can't find file '/Script/EnvironmentQueryEditor'
[2019.06.12-21.38.07:265][472]LogLinker: Warning: Can't find file for asset '/Script/EnvironmentQueryEditor' while loading ../../../../../GitHub/UE4/CoopGame/Content/AdvancedAI/EQS_FindSpawnLocation.uasset.
[2019.06.12-21.38.07:265][472]LogLinker: Warning: Can't find file '/Script/EnvironmentQueryEditor'
[2019.06.12-21.38.07:266][472]LogLinker: Warning: Can't find file for asset '/Script/EnvironmentQueryEditor' while loading ../../../../../GitHub/UE4/CoopGame/Content/Blueprints/BP_TestGameMode.uasset.
[2019.06.12-21.38.07:266][472]LoadErrors: Error: /Game/Blueprints/BP_TestGameMode : Can't find file for asset. /Script/EnvironmentQueryEditor
[2019.06.12-21.38.07:266][472]LogLinker: Warning: Can't find file '/Script/EnvironmentQueryEditor'
[2019.06.12-21.38.07:266][472]LogLinker: Warning: Can't find file for asset '/Script/EnvironmentQueryEditor' while loading ../../../../../GitHub/UE4/CoopGame/Content/Blueprints/BP_TestGameMode.uasset.
[2019.06.12-21.38.07:266][472]LogLinker: Warning: Can't find file '/Script/EnvironmentQueryEditor'
[2019.06.12-21.38.07:267][472]LogLinker: Warning: Can't find file for asset '/Script/EnvironmentQueryEditor' while loading ../../../../../GitHub/UE4/CoopGame/Content/Blueprints/BP_TestGameMode.uasset.
[2019.06.12-21.38.07:267][472]LogLinker: Warning: Can't find file '/Script/EnvironmentQueryEditor'
[2019.06.12-21.38.07:267][472]LogLinker: Warning: Can't find file for asset '/Script/EnvironmentQueryEditor' while loading ../../../../../GitHub/UE4/CoopGame/Content/Blueprints/BP_TestGameMode.uasset.
[2019.06.12-21.38.07:267][472]LogLinker: Warning: Can't find file '/Script/EnvironmentQueryEditor'
[2019.06.12-21.38.07:267][472]LogLinker: Warning: Can't find file for asset '/Script/EnvironmentQueryEditor' while loading ../../../../../GitHub/UE4/CoopGame/Content/Blueprints/BP_TestGameMode.uasset.
[2019.06.12-21.38.07:267][472]LogLinker: Warning: Can't find file '/Script/EnvironmentQueryEditor'
[2019.06.12-21.38.07:267][472]LogLinker: Warning: Can't find file for asset '/Script/EnvironmentQueryEditor' while loading ../../../../../GitHub/UE4/CoopGame/Content/Blueprints/BP_TestGameMode.uasset.
[2019.06.12-21.38.07:268][472]LogLinker: Warning: Can't find file '/Script/EnvironmentQueryEditor'
[2019.06.12-21.38.07:268][472]LogLinker: Warning: Can't find file for asset '/Script/EnvironmentQueryEditor' while loading ../../../../../GitHub/UE4/CoopGame/Content/Blueprints/BP_TestGameMode.uasset.
[2019.06.12-21.38.07:268][472]LogLinker: Warning: Can't find file '/Script/EnvironmentQueryEditor'
[2019.06.12-21.38.07:268][472]LogLinker: Warning: Can't find file for asset '/Script/EnvironmentQueryEditor' while loading ../../../../../GitHub/UE4/CoopGame/Content/Blueprints/BP_TestGameMode.uasset.
[2019.06.12-21.38.07:285][472]LogLinker: Warning: Can't find file '/Script/EnvironmentQueryEditor'
[2019.06.12-21.38.07:285][472]LogLinker: Warning: Can't find file for asset '/Script/EnvironmentQueryEditor' while loading NULL.
[2019.06.12-21.38.07:285][472]LogLinker: Warning: Can't find file '/Script/EnvironmentQueryEditor'
[2019.06.12-21.38.07:285][472]LoadErrors: Failed to load /Script/EnvironmentQueryEditor.EnvironmentQueryGraph Referenced by EQS_FindMoveTo
[2019.06.12-21.38.07:285][472]LogLinker: Warning: Can't find file for asset '/Script/EnvironmentQueryEditor' while loading NULL.
[2019.06.12-21.38.07:285][472]LogLinker: Warning: Can't find file '/Script/EnvironmentQueryEditor'
[2019.06.12-21.38.07:285][472]LogLinker: Warning: Can't find file for asset '/Script/EnvironmentQueryEditor' while loading NULL.
[2019.06.12-21.38.07:286][472]LogLinker: Warning: Can't find file '/Script/EnvironmentQueryEditor'
[2019.06.12-21.38.07:286][472]LoadErrors: Failed to load /Script/EnvironmentQueryEditor.EnvironmentQueryGraphNode_Root Referenced by PackageMetaData
[2019.06.12-21.38.07:286][472]LogLinker: Warning: Can't find file for asset '/Script/EnvironmentQueryEditor' while loading NULL.
[2019.06.12-21.38.07:289][472]LogLinker: Warning: Can't find file '/Script/EnvironmentQueryEditor'
[2019.06.12-21.38.07:289][472]LogLinker: Warning: Can't find file for asset '/Script/EnvironmentQueryEditor' while loading NULL.
[2019.06.12-21.38.07:289][472]LogLinker: Warning: Can't find file '/Script/EnvironmentQueryEditor'
[2019.06.12-21.38.07:289][472]LoadErrors: Failed to load /Script/EnvironmentQueryEditor.EnvironmentQueryGraph Referenced by EQS_FindNearestPlayer
[2019.06.12-21.38.07:289][472]LogLinker: Warning: Can't find file for asset '/Script/EnvironmentQueryEditor' while loading NULL.
[2019.06.12-21.38.07:289][472]LogLinker: Warning: Can't find file '/Script/EnvironmentQueryEditor'
[2019.06.12-21.38.07:289][472]LogLinker: Warning: Can't find file for asset '/Script/EnvironmentQueryEditor' while loading NULL.
[2019.06.12-21.38.07:289][472]LogLinker: Warning: Can't find file '/Script/EnvironmentQueryEditor'
[2019.06.12-21.38.07:290][472]LogLinker: Warning: Can't find file for asset '/Script/EnvironmentQueryEditor' while loading NULL.
[2019.06.12-21.38.07:333][472]LogLinker: Warning: Can't find file '/Script/EnvironmentQueryEditor'
[2019.06.12-21.38.07:334][472]LogLinker: Warning: Can't find file for asset '/Script/EnvironmentQueryEditor' while loading NULL.
[2019.06.12-21.38.07:334][472]LogLinker: Warning: Can't find file '/Script/EnvironmentQueryEditor'
[2019.06.12-21.38.07:334][472]LoadErrors: Failed to load /Script/EnvironmentQueryEditor.EnvironmentQueryGraph Referenced by EQS_FindSpawnLocation
[2019.06.12-21.38.07:334][472]LogLinker: Warning: Can't find file for asset '/Script/EnvironmentQueryEditor' while loading NULL.
[2019.06.12-21.38.07:334][472]LogLinker: Warning: Can't find file '/Script/EnvironmentQueryEditor'
[2019.06.12-21.38.07:334][472]LogLinker: Warning: Can't find file for asset '/Script/EnvironmentQueryEditor' while loading NULL.
[2019.06.12-21.38.07:334][472]LogLinker: Warning: Can't find file '/Script/EnvironmentQueryEditor'
[2019.06.12-21.38.07:335][472]LogLinker: Warning: Can't find file for asset '/Script/EnvironmentQueryEditor' while loading NULL.
[2019.06.12-21.38.07:467][472]LogLoad: Game class is 'BP_TestGameMode_C'
[2019.06.12-21.38.07:471][472]LogWorld: Bringing World /Game/Maps/UEDPIE_0_Blockout_P.Blockout_P up for play (max tick rate 0) at 2019.06.12-23.38.07
[2019.06.12-21.38.07:472][472]LogWorld: Bringing up level for play took: 0.003153
[2019.06.12-21.38.07:512][472]LogContentBrowser: Native class hierarchy updated for 'MovieSceneCapture' in 0.0029 seconds. Added 11 classes and 0 folders.
[2019.06.12-21.38.07:516][472]PIE: Play in editor start time for /Game/Maps/UEDPIE_0_Blockout_P 0.324
[2019.06.12-21.38.15:270][392]LogTemp: Health Changed: 60.0
[2019.06.12-21.38.15:462][415]LogTemp: Health Changed: 50.0
[2019.06.12-21.38.15:736][448]LogTemp: Health Changed: 80.0
[2019.06.12-21.38.15:836][460]LogTemp: Health Changed: 60.0
[2019.06.12-21.38.16:137][496]LogTemp: Health Changed: 40.0
[2019.06.12-21.38.16:729][567]LogTemp: Health Changed: 20.0
[2019.06.12-21.38.16:937][592]LogTemp: Health Changed: 80.0
[2019.06.12-21.38.16:970][596]LogTemp: Health Changed: 0.0
[2019.06.12-21.38.16:990][596]PIE: Warning: Invalid Simulate Options: Body (BP_TrackerBot_C_0.MeshComp SM_TrackerBot) is set to simulate physics but Collision Enabled is incompatible
[2019.06.12-21.38.16:990][596]PIE: Warning: Invalid Simulate Options: Body (BP_TrackerBot_C_0.MeshComp SM_TrackerBot) is set to simulate physics but Collision Enabled is incompatible
[2019.06.12-21.38.16:990][596]LogTemp: Health Changed: 0.0
[2019.06.12-21.38.16:990][596]LogScript: Warning: Accessed None trying to read property K2Node_CustomEvent_KillerController
	BP_TestGameMode_C /Game/Maps/UEDPIE_0_Blockout_P.Blockout_P:PersistentLevel.BP_TestGameMode_C_0
	Function /Game/Blueprints/BP_TestGameMode.BP_TestGameMode_C:ExecuteUbergraph_BP_TestGameMode:0711
[2019.06.12-21.38.16:991][596]PIE: Error: Blueprint Runtime Error: Accessed None trying to read property K2Node_CustomEvent_KillerController from function: 'ExecuteUbergraph_BP_TestGameMode' from node: Cast To SPlayerState in graph: EventGraph in object: BP_TestGameMode with description: Accessed None trying to read property K2Node_CustomEvent_KillerController
[2019.06.12-21.38.16:991][596]LogScript: Warning: Accessed None trying to read property CallFunc_K2_GetPawn_ReturnValue
	BP_TestGameMode_C /Game/Maps/UEDPIE_0_Blockout_P.Blockout_P:PersistentLevel.BP_TestGameMode_C_0
	Function /Game/Blueprints/BP_TestGameMode.BP_TestGameMode_C:ExecuteUbergraph_BP_TestGameMode:074D
[2019.06.12-21.38.16:991][596]PIE: Error: Blueprint Runtime Error: Accessed None trying to read property CallFunc_K2_GetPawn_ReturnValue from function: 'ExecuteUbergraph_BP_TestGameMode' from node: Cast To SPlayerState in graph: EventGraph in object: BP_TestGameMode with description: Accessed None trying to read property CallFunc_K2_GetPawn_ReturnValue
[2019.06.12-21.38.16:991][596]LogScript: Warning: Accessed None trying to read property K2Node_CustomEvent_KillerController
	BP_TestGameMode_C /Game/Maps/UEDPIE_0_Blockout_P.Blockout_P:PersistentLevel.BP_TestGameMode_C_0
	Function /Game/Blueprints/BP_TestGameMode.BP_TestGameMode_C:ExecuteUbergraph_BP_TestGameMode:0711
[2019.06.12-21.38.16:992][596]PIE: Error: Blueprint Runtime Error: Accessed None trying to read property K2Node_CustomEvent_KillerController from function: 'ExecuteUbergraph_BP_TestGameMode' from node: Cast To SPlayerState in graph: EventGraph in object: BP_TestGameMode with description: Accessed None trying to read property K2Node_CustomEvent_KillerController
[2019.06.12-21.38.16:992][596]LogScript: Warning: Accessed None trying to read property CallFunc_K2_GetPawn_ReturnValue
	BP_TestGameMode_C /Game/Maps/UEDPIE_0_Blockout_P.Blockout_P:PersistentLevel.BP_TestGameMode_C_0
	Function /Game/Blueprints/BP_TestGameMode.BP_TestGameMode_C:ExecuteUbergraph_BP_TestGameMode:074D
[2019.06.12-21.38.16:992][596]PIE: Error: Blueprint Runtime Error: Accessed None trying to read property CallFunc_K2_GetPawn_ReturnValue from function: 'ExecuteUbergraph_BP_TestGameMode' from node: Cast To SPlayerState in graph: EventGraph in object: BP_TestGameMode with description: Accessed None trying to read property CallFunc_K2_GetPawn_ReturnValue
[2019.06.12-21.38.17:002][597]LogTemp: GAME OVER! Players Died.
[2019.06.12-21.38.17:011][598]LogTemp: GAME OVER! Players Died.
[2019.06.12-21.38.17:019][599]LogTemp: GAME OVER! Players Died.
[2019.06.12-21.38.17:027][600]LogTemp: GAME OVER! Players Died.
[2019.06.12-21.38.17:035][601]LogTemp: GAME OVER! Players Died.
[2019.06.12-21.38.17:044][602]LogTemp: GAME OVER! Players Died.
[2019.06.12-21.38.17:052][603]LogTemp: GAME OVER! Players Died.
[2019.06.12-21.38.17:061][604]LogTemp: GAME OVER! Players Died.
[2019.06.12-21.38.17:069][605]LogTemp: GAME OVER! Players Died.
[2019.06.12-21.38.17:077][606]LogTemp: GAME OVER! Players Died.
[2019.06.12-21.38.17:085][607]LogTemp: GAME OVER! Players Died.
[2019.06.12-21.38.17:094][608]LogTemp: GAME OVER! Players Died.
[2019.06.12-21.38.17:102][609]LogTemp: GAME OVER! Players Died.
[2019.06.12-21.38.17:111][610]LogTemp: GAME OVER! Players Died.
[2019.06.12-21.38.17:119][611]LogTemp: GAME OVER! Players Died.
[2019.06.12-21.38.17:127][612]LogTemp: GAME OVER! Players Died.
[2019.06.12-21.38.17:136][613]LogTemp: GAME OVER! Players Died.
[2019.06.12-21.38.17:144][614]LogTemp: GAME OVER! Players Died.
[2019.06.12-21.38.17:153][615]LogTemp: GAME OVER! Players Died.
[2019.06.12-21.38.17:161][616]LogTemp: GAME OVER! Players Died.
[2019.06.12-21.38.17:169][617]LogTemp: GAME OVER! Players Died.
[2019.06.12-21.38.17:178][618]LogTemp: GAME OVER! Players Died.
[2019.06.12-21.38.17:185][619]LogTemp: GAME OVER! Players Died.
[2019.06.12-21.38.17:193][620]LogTemp: GAME OVER! Players Died.
[2019.06.12-21.38.17:201][621]LogTemp: GAME OVER! Players Died.
[2019.06.12-21.38.17:210][622]LogTemp: GAME OVER! Players Died.
[2019.06.12-21.38.17:218][623]LogTemp: GAME OVER! Players Died.
[2019.06.12-21.38.17:227][624]LogTemp: GAME OVER! Players Died.
[2019.06.12-21.38.17:235][625]LogTemp: GAME OVER! Players Died.
[2019.06.12-21.38.17:243][626]LogTemp: GAME OVER! Players Died.
[2019.06.12-21.38.17:252][627]LogTemp: GAME OVER! Players Died.
[2019.06.12-21.38.17:260][628]LogTemp: GAME OVER! Players Died.
[2019.06.12-21.38.17:268][629]LogTemp: GAME OVER! Players Died.
[2019.06.12-21.38.17:277][630]LogTemp: GAME OVER! Players Died.
[2019.06.12-21.38.17:285][631]LogTemp: GAME OVER! Players Died.
[2019.06.12-21.38.17:293][632]LogTemp: GAME OVER! Players Died.
[2019.06.12-21.38.17:302][633]LogTemp: GAME OVER! Players Died.
[2019.06.12-21.38.17:311][634]LogTemp: GAME OVER! Players Died.
[2019.06.12-21.38.17:319][635]LogTemp: GAME OVER! Players Died.
[2019.06.12-21.38.17:327][636]LogTemp: GAME OVER! Players Died.
[2019.06.12-21.38.17:335][637]LogTemp: GAME OVER! Players Died.
[2019.06.12-21.38.17:344][638]LogTemp: GAME OVER! Players Died.
[2019.06.12-21.38.17:352][639]LogTemp: GAME OVER! Players Died.
[2019.06.12-21.38.17:361][640]LogTemp: GAME OVER! Players Died.
[2019.06.12-21.38.17:369][641]LogTemp: GAME OVER! Players Died.
[2019.06.12-21.38.17:377][642]LogTemp: GAME OVER! Players Died.
[2019.06.12-21.38.17:385][643]LogTemp: GAME OVER! Players Died.
[2019.06.12-21.38.17:394][644]LogTemp: GAME OVER! Players Died.
[2019.06.12-21.38.17:402][645]LogTemp: GAME OVER! Players Died.
[2019.06.12-21.38.17:411][646]LogTemp: GAME OVER! Players Died.
[2019.06.12-21.38.17:419][647]LogTemp: GAME OVER! Players Died.
[2019.06.12-21.38.17:427][648]LogTemp: GAME OVER! Players Died.
[2019.06.12-21.38.17:435][649]LogTemp: GAME OVER! Players Died.
[2019.06.12-21.38.17:444][650]LogTemp: GAME OVER! Players Died.
[2019.06.12-21.38.17:452][651]LogTemp: GAME OVER! Players Died.
[2019.06.12-21.38.17:461][652]LogTemp: GAME OVER! Players Died.
[2019.06.12-21.38.17:469][653]LogTemp: GAME OVER! Players Died.
[2019.06.12-21.38.17:477][654]LogTemp: GAME OVER! Players Died.
[2019.06.12-21.38.17:485][655]LogTemp: GAME OVER! Players Died.
[2019.06.12-21.38.17:494][656]LogTemp: GAME OVER! Players Died.
[2019.06.12-21.38.17:502][657]LogTemp: GAME OVER! Players Died.
[2019.06.12-21.38.17:511][658]LogTemp: GAME OVER! Players Died.
[2019.06.12-21.38.17:519][659]LogTemp: GAME OVER! Players Died.
[2019.06.12-21.38.17:527][660]LogTemp: GAME OVER! Players Died.
[2019.06.12-21.38.17:536][661]LogTemp: GAME OVER! Players Died.
[2019.06.12-21.38.17:544][662]LogTemp: GAME OVER! Players Died.
[2019.06.12-21.38.17:553][663]LogTemp: GAME OVER! Players Died.
[2019.06.12-21.38.17:560][664]LogTemp: GAME OVER! Players Died.
[2019.06.12-21.38.17:568][665]LogTemp: GAME OVER! Players Died.
[2019.06.12-21.38.17:577][666]LogTemp: GAME OVER! Players Died.
[2019.06.12-21.38.17:585][667]LogTemp: GAME OVER! Players Died.
[2019.06.12-21.38.17:593][668]LogTemp: GAME OVER! Players Died.
[2019.06.12-21.38.17:602][669]LogTemp: GAME OVER! Players Died.
[2019.06.12-21.38.17:610][670]LogTemp: GAME OVER! Players Died.
[2019.06.12-21.38.17:618][671]LogTemp: GAME OVER! Players Died.
[2019.06.12-21.38.17:627][672]LogTemp: GAME OVER! Players Died.
[2019.06.12-21.38.17:635][673]LogTemp: GAME OVER! Players Died.
[2019.06.12-21.38.17:643][674]LogTemp: GAME OVER! Players Died.
[2019.06.12-21.38.17:644][674]LogTemp: Health Changed: 60.0
[2019.06.12-21.38.17:652][675]LogTemp: GAME OVER! Players Died.
[2019.06.12-21.38.17:660][676]LogTemp: GAME OVER! Players Died.
[2019.06.12-21.38.17:668][677]LogTemp: GAME OVER! Players Died.
[2019.06.12-21.38.17:677][678]LogTemp: GAME OVER! Players Died.
[2019.06.12-21.38.17:685][679]LogTemp: GAME OVER! Players Died.
[2019.06.12-21.38.17:694][680]LogTemp: GAME OVER! Players Died.
[2019.06.12-21.38.17:702][681]LogTemp: GAME OVER! Players Died.
[2019.06.12-21.38.17:711][682]LogTemp: GAME OVER! Players Died.
[2019.06.12-21.38.17:719][683]LogTemp: GAME OVER! Players Died.
[2019.06.12-21.38.17:727][684]LogTemp: GAME OVER! Players Died.
[2019.06.12-21.38.17:735][685]LogTemp: GAME OVER! Players Died.
[2019.06.12-21.38.17:744][686]LogTemp: GAME OVER! Players Died.
[2019.06.12-21.38.17:752][687]LogTemp: GAME OVER! Players Died.
[2019.06.12-21.38.17:760][688]LogTemp: GAME OVER! Players Died.
[2019.06.12-21.38.17:769][689]LogTemp: GAME OVER! Players Died.
[2019.06.12-21.38.17:777][690]LogTemp: GAME OVER! Players Died.
[2019.06.12-21.38.17:785][691]LogTemp: GAME OVER! Players Died.
[2019.06.12-21.38.17:794][692]LogTemp: GAME OVER! Players Died.
[2019.06.12-21.38.17:802][693]LogTemp: GAME OVER! Players Died.
[2019.06.12-21.38.17:811][694]LogTemp: GAME OVER! Players Died.
[2019.06.12-21.38.17:819][695]LogTemp: GAME OVER! Players Died.
[2019.06.12-21.38.17:827][696]LogTemp: GAME OVER! Players Died.
[2019.06.12-21.38.17:836][697]LogTemp: GAME OVER! Players Died.
[2019.06.12-21.38.17:844][698]LogTemp: GAME OVER! Players Died.
[2019.06.12-21.38.17:852][699]LogTemp: GAME OVER! Players Died.
[2019.06.12-21.38.17:861][700]LogTemp: GAME OVER! Players Died.
[2019.06.12-21.38.17:869][701]LogTemp: GAME OVER! Players Died.
[2019.06.12-21.38.17:877][702]LogTemp: GAME OVER! Players Died.
[2019.06.12-21.38.17:886][703]LogTemp: GAME OVER! Players Died.
[2019.06.12-21.38.17:894][704]LogTemp: GAME OVER! Players Died.
[2019.06.12-21.38.17:903][705]LogTemp: GAME OVER! Players Died.
[2019.06.12-21.38.17:911][706]LogTemp: GAME OVER! Players Died.
[2019.06.12-21.38.17:919][707]LogTemp: GAME OVER! Players Died.
[2019.06.12-21.38.17:928][708]LogTemp: GAME OVER! Players Died.
[2019.06.12-21.38.17:936][709]LogTemp: GAME OVER! Players Died.
[2019.06.12-21.38.17:945][710]LogTemp: GAME OVER! Players Died.
[2019.06.12-21.38.17:953][711]LogTemp: GAME OVER! Players Died.
[2019.06.12-21.38.17:961][712]LogTemp: GAME OVER! Players Died.
[2019.06.12-21.38.17:969][713]LogTemp: GAME OVER! Players Died.
[2019.06.12-21.38.17:978][714]LogTemp: GAME OVER! Players Died.
[2019.06.12-21.38.17:986][715]LogTemp: GAME OVER! Players Died.
[2019.06.12-21.38.17:994][716]LogTemp: GAME OVER! Players Died.
[2019.06.12-21.38.18:002][717]LogTemp: GAME OVER! Players Died.
[2019.06.12-21.38.18:011][718]LogTemp: GAME OVER! Players Died.
[2019.06.12-21.38.18:018][719]LogTemp: GAME OVER! Players Died.
[2019.06.12-21.38.18:027][720]LogTemp: GAME OVER! Players Died.
[2019.06.12-21.38.18:036][721]LogTemp: GAME OVER! Players Died.
[2019.06.12-21.38.18:044][722]LogTemp: GAME OVER! Players Died.
[2019.06.12-21.38.18:052][723]LogTemp: GAME OVER! Players Died.
[2019.06.12-21.38.18:061][724]LogTemp: GAME OVER! Players Died.
[2019.06.12-21.38.18:069][725]LogTemp: GAME OVER! Players Died.
[2019.06.12-21.38.18:077][726]LogTemp: GAME OVER! Players Died.
[2019.06.12-21.38.18:086][727]LogTemp: GAME OVER! Players Died.
[2019.06.12-21.38.18:094][728]LogTemp: GAME OVER! Players Died.
[2019.06.12-21.38.18:102][729]LogTemp: GAME OVER! Players Died.
[2019.06.12-21.38.18:111][730]LogTemp: GAME OVER! Players Died.
[2019.06.12-21.38.18:119][731]LogTemp: GAME OVER! Players Died.
[2019.06.12-21.38.18:127][732]LogTemp: GAME OVER! Players Died.
[2019.06.12-21.38.18:136][733]LogTemp: GAME OVER! Players Died.
[2019.06.12-21.38.18:144][734]LogTemp: GAME OVER! Players Died.
[2019.06.12-21.38.18:152][735]LogTemp: GAME OVER! Players Died.
[2019.06.12-21.38.18:161][736]LogTemp: GAME OVER! Players Died.
[2019.06.12-21.38.18:169][737]LogTemp: GAME OVER! Players Died.
[2019.06.12-21.38.18:178][738]LogTemp: GAME OVER! Players Died.
[2019.06.12-21.38.18:186][739]LogTemp: GAME OVER! Players Died.
[2019.06.12-21.38.18:194][740]LogTemp: GAME OVER! Players Died.
[2019.06.12-21.38.18:202][741]LogTemp: GAME OVER! Players Died.
[2019.06.12-21.38.18:211][742]LogTemp: GAME OVER! Players Died.
[2019.06.12-21.38.18:219][743]LogTemp: GAME OVER! Players Died.
[2019.06.12-21.38.18:228][744]LogTemp: GAME OVER! Players Died.
[2019.06.12-21.38.18:235][745]LogTemp: GAME OVER! Players Died.
[2019.06.12-21.38.18:244][746]LogTemp: GAME OVER! Players Died.
[2019.06.12-21.38.18:252][747]LogTemp: GAME OVER! Players Died.
[2019.06.12-21.38.18:261][748]LogTemp: GAME OVER! Players Died.
[2019.06.12-21.38.18:269][749]LogTemp: GAME OVER! Players Died.
[2019.06.12-21.38.18:278][750]LogTemp: GAME OVER! Players Died.
[2019.06.12-21.38.18:286][751]LogTemp: GAME OVER! Players Died.
[2019.06.12-21.38.18:294][752]LogTemp: GAME OVER! Players Died.
[2019.06.12-21.38.18:302][753]LogTemp: GAME OVER! Players Died.
[2019.06.12-21.38.18:311][754]LogTemp: GAME OVER! Players Died.
[2019.06.12-21.38.18:319][755]LogTemp: GAME OVER! Players Died.
[2019.06.12-21.38.18:327][756]LogTemp: GAME OVER! Players Died.
[2019.06.12-21.38.18:335][757]LogTemp: GAME OVER! Players Died.
[2019.06.12-21.38.18:344][758]LogTemp: GAME OVER! Players Died.
[2019.06.12-21.38.18:352][759]LogTemp: GAME OVER! Players Died.
[2019.06.12-21.38.18:360][760]LogTemp: GAME OVER! Players Died.
[2019.06.12-21.38.18:369][761]LogTemp: GAME OVER! Players Died.
[2019.06.12-21.38.18:377][762]LogTemp: GAME OVER! Players Died.
[2019.06.12-21.38.18:385][763]LogTemp: GAME OVER! Players Died.
[2019.06.12-21.38.18:394][764]LogTemp: GAME OVER! Players Died.
[2019.06.12-21.38.18:402][765]LogTemp: GAME OVER! Players Died.
[2019.06.12-21.38.18:411][766]LogTemp: GAME OVER! Players Died.
[2019.06.12-21.38.18:419][767]LogTemp: GAME OVER! Players Died.
[2019.06.12-21.38.18:428][768]LogTemp: GAME OVER! Players Died.
[2019.06.12-21.38.18:435][769]LogTemp: GAME OVER! Players Died.
[2019.06.12-21.38.18:444][770]LogTemp: GAME OVER! Players Died.
[2019.06.12-21.38.18:452][771]LogTemp: GAME OVER! Players Died.
[2019.06.12-21.38.18:460][772]LogTemp: GAME OVER! Players Died.
[2019.06.12-21.38.18:469][773]LogTemp: GAME OVER! Players Died.
[2019.06.12-21.38.18:478][774]LogTemp: GAME OVER! Players Died.
[2019.06.12-21.38.18:485][775]LogTemp: GAME OVER! Players Died.
[2019.06.12-21.38.18:493][776]LogTemp: GAME OVER! Players Died.
[2019.06.12-21.38.18:502][777]LogTemp: GAME OVER! Players Died.
[2019.06.12-21.38.18:510][778]LogTemp: GAME OVER! Players Died.
[2019.06.12-21.38.18:518][779]LogTemp: GAME OVER! Players Died.
[2019.06.12-21.38.18:527][780]LogTemp: GAME OVER! Players Died.
[2019.06.12-21.38.18:535][781]LogTemp: GAME OVER! Players Died.
[2019.06.12-21.38.18:544][782]LogTemp: GAME OVER! Players Died.
[2019.06.12-21.38.18:552][783]LogTemp: GAME OVER! Players Died.
[2019.06.12-21.38.18:560][784]LogTemp: GAME OVER! Players Died.
[2019.06.12-21.38.18:569][785]LogTemp: GAME OVER! Players Died.
[2019.06.12-21.38.18:577][786]LogTemp: GAME OVER! Players Died.
[2019.06.12-21.38.18:585][787]LogTemp: GAME OVER! Players Died.
[2019.06.12-21.38.18:594][788]LogTemp: GAME OVER! Players Died.
[2019.06.12-21.38.18:602][789]LogTemp: GAME OVER! Players Died.
[2019.06.12-21.38.18:611][790]LogTemp: GAME OVER! Players Died.
[2019.06.12-21.38.18:619][791]LogTemp: GAME OVER! Players Died.
[2019.06.12-21.38.18:628][792]LogTemp: GAME OVER! Players Died.
[2019.06.12-21.38.18:636][793]LogTemp: GAME OVER! Players Died.
[2019.06.12-21.38.18:644][794]LogTemp: GAME OVER! Players Died.
[2019.06.12-21.38.27:015][770]LogSlate: Took 0.000119 seconds to synchronously load lazily loaded font '../../../Engine/Content/Slate/Fonts/Roboto-Light.ttf' (159K)
[2019.06.12-21.38.27:023][770]Running D:/Unreal Engine/UE_4.17/Engine/Binaries/DotNET/UnrealBuildTool.exe  -projectfiles -project="D:/GitHub/UE4/CoopGame/CoopGame.uproject" -game -rocket -progress
[2019.06.12-21.38.27:229][770]Discovering modules, targets and source code for project...
[2019.06.12-21.38.28:941][770]LogSlate: Took 0.000105 seconds to synchronously load lazily loaded font '../../../Engine/Content/Slate/Fonts/Roboto-Regular.ttf' (155K)
[2019.06.12-21.52.35:702][636]LogWindowsTextInputMethodSystem: Display: IME system now deactivated.
[2019.06.12-21.52.35:872][637]Cmd: QUIT_EDITOR
[2019.06.12-21.52.36:252][637]LogExit: Preparing to exit.
[2019.06.12-21.52.36:615][637]LogDirectoryWatcher: A directory notification for 'D:/GitHub/UE4/CoopGame/Content/' was aborted.
[2019.06.12-21.52.36:637][637]LogExit: Editor shut down
[2019.06.12-21.52.36:640][637]LogExit: Transaction tracking system shut down
[2019.06.12-21.52.36:756][637]LogDirectoryWatcher: A directory notification for '../../../Engine/Content/' was aborted.
[2019.06.12-21.52.36:756][637]LogDirectoryWatcher: A directory notification for '../../../../../GitHub/UE4/CoopGame/Content/' was aborted.
[2019.06.12-21.52.36:756][637]LogDirectoryWatcher: A directory notification for '../../../Engine/Plugins/2D/Paper2D/Content/' was aborted.
[2019.06.12-21.52.36:756][637]LogDirectoryWatcher: A directory notification for '../../../Engine/Plugins/Runtime/Oculus/OculusVR/Content/' was aborted.
[2019.06.12-21.52.36:756][637]LogDirectoryWatcher: A directory notification for '../../../Engine/Plugins/Runtime/Steam/SteamVR/Content/' was aborted.
[2019.06.12-21.52.36:798][637]LogExit: Object subsystem successfully closed.
[2019.06.12-21.52.36:814][637]LogD3D11RHI: Shutdown
[2019.06.12-21.52.36:814][637]LogD3D11RHI: CleanupD3DDevice
[2019.06.12-21.52.36:896][637]LogD3D11RHI: ~FD3D11DynamicRHI
[2019.06.12-21.52.36:909][637]LogModuleManager: Shutting down and abandoning module MovieSceneCapture (534)
[2019.06.12-21.52.36:909][637]LogModuleManager: Shutting down and abandoning module HierarchicalLODOutliner (532)
[2019.06.12-21.52.36:909][637]LogModuleManager: Shutting down and abandoning module SceneOutliner (530)
[2019.06.12-21.52.36:909][637]LogModuleManager: Shutting down and abandoning module AddContentDialog (528)
[2019.06.12-21.52.36:909][637]LogDirectoryWatcher: A directory notification for 'D:/Unreal Engine/UE_4.17/FeaturePacks/' was aborted.
[2019.06.12-21.52.36:910][637]LogModuleManager: Shutting down and abandoning module WidgetCarousel (527)
[2019.06.12-21.52.36:910][637]LogModuleManager: Shutting down and abandoning module EditorWidgets (524)
[2019.06.12-21.52.36:910][637]LogModuleManager: Shutting down and abandoning module CollectionManager (522)
[2019.06.12-21.52.36:910][637]LogDirectoryWatcher: A directory notification for 'D:/GitHub/UE4/CoopGame/Content/Collections/' was aborted.
[2019.06.12-21.52.36:910][637]LogDirectoryWatcher: A directory notification for 'D:/GitHub/UE4/CoopGame/Content/Developers/manue/Collections/' was aborted.
[2019.06.12-21.52.36:911][637]LogDirectoryWatcher: A directory notification for 'D:/GitHub/UE4/CoopGame/Saved/Collections/' was aborted.
[2019.06.12-21.52.36:911][637]LogModuleManager: Shutting down and abandoning module StatsViewer (520)
[2019.06.12-21.52.36:911][637]LogModuleManager: Shutting down and abandoning module FoliageEdit (518)
[2019.06.12-21.52.36:911][637]LogModuleManager: Shutting down and abandoning module LandscapeEditor (516)
[2019.06.12-21.52.36:911][637]LogModuleManager: Shutting down and abandoning module MeshPaintMode (514)
[2019.06.12-21.52.36:911][637]LogModuleManager: Shutting down and abandoning module SceneDepthPickerMode (512)
[2019.06.12-21.52.36:911][637]LogModuleManager: Shutting down and abandoning module ActorPickerMode (510)
[2019.06.12-21.52.36:911][637]LogModuleManager: Shutting down and abandoning module GeometryMode (508)
[2019.06.12-21.52.36:911][637]LogModuleManager: Shutting down and abandoning module TextureAlignMode (506)
[2019.06.12-21.52.36:911][637]LogModuleManager: Shutting down and abandoning module BspMode (504)
[2019.06.12-21.52.36:911][637]LogModuleManager: Shutting down and abandoning module PIEPreviewDeviceProfileSelector (502)
[2019.06.12-21.52.36:911][637]LogModuleManager: Shutting down and abandoning module HardwareSurvey (500)
[2019.06.12-21.52.36:911][637]LogModuleManager: Shutting down and abandoning module SequenceRecorderSections (498)
[2019.06.12-21.52.36:911][637]LogModuleManager: Shutting down and abandoning module AutomationWorker (496)
[2019.06.12-21.52.36:911][637]LogModuleManager: Shutting down and abandoning module MatineeToLevelSequence (494)
[2019.06.12-21.52.36:911][637]LogModuleManager: Shutting down and abandoning module LevelSequenceEditor (492)
[2019.06.12-21.52.36:911][637]LogModuleManager: Shutting down and abandoning module PlacementMode (491)
[2019.06.12-21.52.36:911][637]LogModuleManager: Shutting down and abandoning module WmfMediaFactory (488)
[2019.06.12-21.52.36:911][637]LogModuleManager: Shutting down and abandoning module WmfMediaEditor (486)
[2019.06.12-21.52.36:911][637]LogModuleManager: Shutting down and abandoning module AvfMediaFactory (484)
[2019.06.12-21.52.36:911][637]LogModuleManager: Shutting down and abandoning module AvfMediaEditor (482)
[2019.06.12-21.52.36:911][637]LogModuleManager: Shutting down and abandoning module AndroidMediaFactory (480)
[2019.06.12-21.52.36:911][637]LogModuleManager: Shutting down and abandoning module Media (479)
[2019.06.12-21.52.36:911][637]LogModuleManager: Shutting down and abandoning module AndroidMediaEditor (476)
[2019.06.12-21.52.36:911][637]LogModuleManager: Shutting down and abandoning module CharacterAI (474)
[2019.06.12-21.52.36:911][637]LogModuleManager: Shutting down and abandoning module AudioCapture (472)
[2019.06.12-21.52.36:911][637]LogModuleManager: Shutting down and abandoning module SequenceRecorder (471)
[2019.06.12-21.52.36:911][637]LogModuleManager: Shutting down and abandoning module SmartSnapping (468)
[2019.06.12-21.52.36:911][637]LogModuleManager: Shutting down and abandoning module SessionServices (466)
[2019.06.12-21.52.36:911][637]LogModuleManager: Shutting down and abandoning module ViewportSnapping (464)
[2019.06.12-21.52.36:911][637]LogModuleManager: Shutting down and abandoning module ViewportInteraction (462)
[2019.06.12-21.52.36:911][637]LogModuleManager: Shutting down and abandoning module ClothPainter (460)
[2019.06.12-21.52.36:911][637]LogModuleManager: Shutting down and abandoning module LogVisualizer (458)
[2019.06.12-21.52.36:911][637]LogModuleManager: Shutting down and abandoning module IntroTutorials (456)
[2019.06.12-21.52.36:911][637]LogModuleManager: Shutting down and abandoning module GameProjectGeneration (455)
[2019.06.12-21.52.36:911][637]LogModuleManager: Shutting down and abandoning module IOSPlatformEditor (452)
[2019.06.12-21.52.36:911][637]LogModuleManager: Shutting down and abandoning module HTML5PlatformEditor (450)
[2019.06.12-21.52.36:911][637]LogModuleManager: Shutting down and abandoning module AndroidPlatformEditor (448)
[2019.06.12-21.52.36:911][637]LogModuleManager: Shutting down and abandoning module AndroidDeviceDetection (447)
[2019.06.12-21.52.37:638][637]LogModuleManager: Shutting down and abandoning module WindowsPlatformEditor (444)
[2019.06.12-21.52.37:638][637]LogModuleManager: Shutting down and abandoning module IOSRuntimeSettings (442)
[2019.06.12-21.52.37:638][637]LogModuleManager: Shutting down and abandoning module AndroidRuntimeSettings (440)
[2019.06.12-21.52.37:638][637]LogModuleManager: Shutting down and abandoning module InputBindingEditor (438)
[2019.06.12-21.52.37:638][637]LogModuleManager: Shutting down and abandoning module MergeActors (436)
[2019.06.12-21.52.37:638][637]LogModuleManager: Shutting down and abandoning module SizeMap (434)
[2019.06.12-21.52.37:638][637]LogModuleManager: Shutting down and abandoning module TreeMap (432)
[2019.06.12-21.52.37:638][637]LogModuleManager: Shutting down and abandoning module ReferenceViewer (430)
[2019.06.12-21.52.37:638][637]LogModuleManager: Shutting down and abandoning module LocalizationDashboard (428)
[2019.06.12-21.52.37:638][637]LogModuleManager: Shutting down and abandoning module LocalizationService (427)
[2019.06.12-21.52.37:639][637]LogModuleManager: Shutting down and abandoning module HardwareTargeting (424)
[2019.06.12-21.52.37:639][637]LogModuleManager: Shutting down and abandoning module DeviceProfileEditor (422)
[2019.06.12-21.52.37:639][637]LogModuleManager: Shutting down and abandoning module UndoHistory (420)
[2019.06.12-21.52.37:639][637]LogModuleManager: Shutting down and abandoning module XmlParser (418)
[2019.06.12-21.52.37:639][637]LogModuleManager: Shutting down and abandoning module Blutility (416)
[2019.06.12-21.52.37:639][637]LogModuleManager: Shutting down and abandoning module ProjectSettingsViewer (414)
[2019.06.12-21.52.37:639][637]LogModuleManager: Shutting down and abandoning module ProjectTargetPlatformEditor (413)
[2019.06.12-21.52.37:639][637]LogModuleManager: Shutting down and abandoning module EditorSettingsViewer (410)
[2019.06.12-21.52.37:639][637]LogModuleManager: Shutting down and abandoning module SettingsEditor (408)
[2019.06.12-21.52.37:639][637]LogModuleManager: Shutting down and abandoning module ProjectLauncher (406)
[2019.06.12-21.52.37:639][637]LogModuleManager: Shutting down and abandoning module SessionFrontend (404)
[2019.06.12-21.52.37:639][637]LogModuleManager: Shutting down and abandoning module ProfilerClient (402)
[2019.06.12-21.52.37:639][637]LogModuleManager: Shutting down and abandoning module DeviceManager (400)
[2019.06.12-21.52.37:639][637]LogModuleManager: Shutting down and abandoning module TargetDeviceServices (399)
[2019.06.12-21.52.37:705][637]LogModuleManager: Shutting down and abandoning module AutomationController (396)
[2019.06.12-21.52.37:705][637]LogModuleManager: Shutting down and abandoning module AutomationWindow (394)
[2019.06.12-21.52.37:705][637]LogModuleManager: Shutting down and abandoning module Layers (392)
[2019.06.12-21.52.37:705][637]LogModuleManager: Shutting down and abandoning module ComponentVisualizers (390)
[2019.06.12-21.52.37:705][637]LogModuleManager: Shutting down and abandoning module DetailCustomizations (388)
[2019.06.12-21.52.37:705][637]LogModuleManager: Shutting down and abandoning module PackagesDialog (386)
[2019.06.12-21.52.37:705][637]LogModuleManager: Shutting down and abandoning module Persona (384)
[2019.06.12-21.52.37:705][637]LogModuleManager: Shutting down and abandoning module AdvancedPreviewScene (383)
[2019.06.12-21.52.37:705][637]LogModuleManager: Shutting down and abandoning module AnimGraph (381)
[2019.06.12-21.52.37:705][637]LogModuleManager: Shutting down and abandoning module Kismet (378)
[2019.06.12-21.52.37:705][637]LogModuleManager: Shutting down and abandoning module ClassViewer (376)
[2019.06.12-21.52.37:705][637]LogModuleManager: Shutting down and abandoning module Toolbox (374)
[2019.06.12-21.52.37:705][637]LogModuleManager: Shutting down and abandoning module ModuleUI (372)
[2019.06.12-21.52.37:706][637]LogModuleManager: Shutting down and abandoning module MovieSceneTools (370)
[2019.06.12-21.52.37:706][637]LogModuleManager: Shutting down and abandoning module OutputLog (368)
[2019.06.12-21.52.37:706][637]LogModuleManager: Shutting down and abandoning module GammaUI (366)
[2019.06.12-21.52.37:706][637]LogModuleManager: Shutting down and abandoning module Documentation (364)
[2019.06.12-21.52.37:706][637]LogModuleManager: Shutting down and abandoning module MovieSceneTracks (362)
[2019.06.12-21.52.37:706][637]LogModuleManager: Shutting down and abandoning module MovieScene (360)
[2019.06.12-21.52.37:706][637]LogModuleManager: Shutting down and abandoning module Niagara (358)
[2019.06.12-21.52.37:706][637]LogModuleManager: Shutting down and abandoning module NiagaraEditor (357)
[2019.06.12-21.52.37:706][637]LogModuleManager: Shutting down and abandoning module StreamingPauseRendering (354)
[2019.06.12-21.52.37:706][637]LogModuleManager: Shutting down and abandoning module LauncherPlatform (352)
[2019.06.12-21.52.37:706][637]LogModuleManager: Shutting down and abandoning module AnalyticsET (350)
[2019.06.12-21.52.37:706][637]LogModuleManager: Shutting down and abandoning module PortalServices (348)
[2019.06.12-21.52.37:706][637]LogModuleManager: Shutting down and abandoning module PortalRpc (346)
[2019.06.12-21.52.37:706][637]LogModuleManager: Shutting down and abandoning module MessagingRpc (344)
[2019.06.12-21.52.37:706][637]LogModuleManager: Shutting down and abandoning module AIModule (342)
[2019.06.12-21.52.37:706][637]LogModuleManager: Shutting down and abandoning module GameplayDebugger (341)
[2019.06.12-21.52.37:706][637]LogModuleManager: Shutting down and abandoning module AITestSuite (339)
[2019.06.12-21.52.37:706][637]LogModuleManager: Shutting down and abandoning module ProfilerService (336)
[2019.06.12-21.52.37:918][637]LogModuleManager: Shutting down and abandoning module TaskGraph (334)
[2019.06.12-21.52.37:918][637]LogModuleManager: Shutting down and abandoning module SteamVRController (332)
[2019.06.12-21.52.37:918][637]LogModuleManager: Shutting down and abandoning module ProceduralMeshComponentEditor (330)
[2019.06.12-21.52.37:918][637]LogModuleManager: Shutting down and abandoning module ProceduralMeshComponent (328)
[2019.06.12-21.52.37:918][637]LogModuleManager: Shutting down and abandoning module OculusInput (326)
[2019.06.12-21.52.37:918][637]LogModuleManager: Shutting down and abandoning module MobilePatchingUtils (324)
[2019.06.12-21.52.37:918][637]LogModuleManager: Shutting down and abandoning module CustomMeshComponent (322)
[2019.06.12-21.52.37:918][637]LogModuleManager: Shutting down and abandoning module CableComponent (320)
[2019.06.12-21.52.37:918][637]LogModuleManager: Shutting down and abandoning module ArchVisCharacter (318)
[2019.06.12-21.52.37:918][637]LogModuleManager: Shutting down and abandoning module AndroidPermission (316)
[2019.06.12-21.52.37:918][637]LogModuleManager: Shutting down and abandoning module MediaPlayerEditor (312)
[2019.06.12-21.52.37:918][637]LogModuleManager: Shutting down and abandoning module HTML5Networking (310)
[2019.06.12-21.52.37:918][637]LogModuleManager: Shutting down and abandoning module AlembicImporter (308)
[2019.06.12-21.52.37:918][637]LogModuleManager: Shutting down and abandoning module AlembicLibrary (307)
[2019.06.12-21.52.37:918][637]LogModuleManager: Shutting down and abandoning module GeometryCache (306)
[2019.06.12-21.52.37:918][637]LogModuleManager: Shutting down and abandoning module GeometryCacheEd (305)
[2019.06.12-21.52.37:918][637]LogModuleManager: Shutting down and abandoning module SpeedTreeImporter (300)
[2019.06.12-21.52.37:918][637]LogModuleManager: Shutting down and abandoning module PluginBrowser (298)
[2019.06.12-21.52.37:918][637]LogModuleManager: Shutting down and abandoning module MobileLauncherProfileWizard (296)
[2019.06.12-21.52.37:918][637]LogModuleManager: Shutting down and abandoning module VisualStudioSourceCodeAccess (294)
[2019.06.12-21.52.37:918][637]LogModuleManager: Shutting down and abandoning module UObjectPlugin (292)
[2019.06.12-21.52.37:918][637]LogModuleManager: Shutting down and abandoning module SubversionSourceControl (290)
[2019.06.12-21.52.37:918][637]LogModuleManager: Shutting down and abandoning module PerforceSourceControl (288)
[2019.06.12-21.52.37:918][637]LogModuleManager: Shutting down and abandoning module GitSourceControl (286)
[2019.06.12-21.52.37:919][637]LogModuleManager: Shutting down and abandoning module SourceControl (285)
[2019.06.12-21.52.37:919][637]LogModuleManager: Shutting down and abandoning module LightPropagationVolumeEditor (282)
[2019.06.12-21.52.37:919][637]LogModuleManager: Shutting down and abandoning module PaperTiledImporter (280)
[2019.06.12-21.52.37:919][637]LogModuleManager: Shutting down and abandoning module PaperSpriteSheetImporter (278)
[2019.06.12-21.52.37:919][637]LogModuleManager: Shutting down and abandoning module Paper2DEditor (276)
[2019.06.12-21.52.37:919][637]LogModuleManager: Shutting down and abandoning module MeshPaint (275)
[2019.06.12-21.52.37:919][637]LogModuleManager: Shutting down and abandoning module LevelEditor (273)
[2019.06.12-21.52.37:919][637]LogModuleManager: Shutting down and abandoning module PixelInspectorModule (272)
[2019.06.12-21.52.37:919][637]LogModuleManager: Shutting down and abandoning module MainFrame (270)
[2019.06.12-21.52.37:919][637]LogModuleManager: Shutting down and abandoning module HotReload (269)
[2019.06.12-21.52.37:919][637]LogDirectoryWatcher: A directory notification for 'D:/GitHub/UE4/CoopGame/Binaries/Win64' was aborted.
[2019.06.12-21.52.37:919][637]LogModuleManager: Shutting down and abandoning module CoopGame (264)
[2019.06.12-21.52.37:919][637]LogModuleManager: Shutting down and abandoning module RuntimePhysXCooking (262)
[2019.06.12-21.52.37:920][637]LogModuleManager: Shutting down and abandoning module PhysXVehiclesEditor (260)
[2019.06.12-21.52.37:920][637]LogModuleManager: Shutting down and abandoning module PhysXVehicles (258)
[2019.06.12-21.52.37:920][637]LogModuleManager: Shutting down and abandoning module OculusEditor (256)
[2019.06.12-21.52.37:920][637]LogModuleManager: Shutting down and abandoning module LocationServicesBPLibrary (254)
[2019.06.12-21.52.37:920][637]LogModuleManager: Shutting down and abandoning module ImmediatePhysicsEditor (252)
[2019.06.12-21.52.37:920][637]LogModuleManager: Shutting down and abandoning module ImmediatePhysics (250)
[2019.06.12-21.52.37:920][637]LogModuleManager: Shutting down and abandoning module UdpMessaging (248)
[2019.06.12-21.52.38:021][637]LogModuleManager: Shutting down and abandoning module TcpMessaging (246)
[2019.06.12-21.52.38:122][637]LogModuleManager: Shutting down and abandoning module GameplayTagsEditor (244)
[2019.06.12-21.52.38:122][637]LogModuleManager: Shutting down and abandoning module FacialAnimationEditor (242)
[2019.06.12-21.52.38:122][637]LogModuleManager: Shutting down and abandoning module FacialAnimation (240)
[2019.06.12-21.52.38:122][637]LogModuleManager: Shutting down and abandoning module AssetManagerEditor (238)
[2019.06.12-21.52.38:122][637]LogModuleManager: Shutting down and abandoning module GraphEditor (237)
[2019.06.12-21.52.38:122][637]LogModuleManager: Shutting down and abandoning module ContentBrowser (235)
[2019.06.12-21.52.38:122][637]LogModuleManager: Shutting down and abandoning module LightPropagationVolumeRuntime (232)
[2019.06.12-21.52.38:122][637]LogModuleManager: Shutting down and abandoning module Paper2D (230)
[2019.06.12-21.52.38:122][637]LogModuleManager: Shutting down and abandoning module WindowsMoviePlayer (228)
[2019.06.12-21.52.38:122][637]LogModuleManager: Shutting down and abandoning module WmfMedia (226)
[2019.06.12-21.52.38:125][637]LogModuleManager: Shutting down and abandoning module PacketHandler (224)
[2019.06.12-21.52.38:125][637]LogModuleManager: Shutting down and abandoning module ClothingSystemEditor (222)
[2019.06.12-21.52.38:125][637]LogModuleManager: Shutting down and abandoning module ClothingSystemRuntime (220)
[2019.06.12-21.52.38:125][637]LogModuleManager: Shutting down and abandoning module Overlay (218)
[2019.06.12-21.52.38:125][637]LogModuleManager: Shutting down and abandoning module OverlayEditor (217)
[2019.06.12-21.52.38:125][637]LogModuleManager: Shutting down and abandoning module MediaAssets (214)
[2019.06.12-21.52.38:125][637]LogModuleManager: Shutting down and abandoning module VREditor (212)
[2019.06.12-21.52.38:125][637]LogModuleManager: Shutting down and abandoning module StringTableEditor (210)
[2019.06.12-21.52.38:125][637]LogModuleManager: Shutting down and abandoning module GameplayTasksEditor (208)
[2019.06.12-21.52.38:125][637]LogModuleManager: Shutting down and abandoning module BehaviorTreeEditor (206)
[2019.06.12-21.52.38:125][637]LogModuleManager: Shutting down and abandoning module FunctionalTesting (204)
[2019.06.12-21.52.38:125][637]LogModuleManager: Shutting down and abandoning module CollisionAnalyzer (202)
[2019.06.12-21.52.38:125][637]LogModuleManager: Shutting down and abandoning module WorkspaceMenuStructure (201)
[2019.06.12-21.52.38:125][637]LogModuleManager: Shutting down and abandoning module UMG (198)
[2019.06.12-21.52.38:125][637]LogModuleManager: Shutting down and abandoning module UMGEditor (197)
[2019.06.12-21.52.38:126][637]LogModuleManager: Shutting down and abandoning module Sequencer (196)
[2019.06.12-21.52.38:126][637]LogModuleManager: Shutting down and abandoning module MessageLog (193)
[2019.06.12-21.52.38:126][637]LogModuleManager: Shutting down and abandoning module SlateReflector (188)
[2019.06.12-21.52.38:126][637]LogModuleManager: Shutting down and abandoning module Slate (186)
[2019.06.12-21.52.38:126][637]LogModuleManager: Shutting down and abandoning module EditorStyle (184)
[2019.06.12-21.52.38:128][637]LogModuleManager: Shutting down and abandoning module MRMesh (182)
[2019.06.12-21.52.38:128][637]LogModuleManager: Shutting down and abandoning module SourceCodeAccess (180)
[2019.06.12-21.52.38:128][637]LogModuleManager: Shutting down and abandoning module HeadMountedDisplay (178)
[2019.06.12-21.52.38:128][637]LogModuleManager: Shutting down and abandoning module XAudio2 (176)
[2019.06.12-21.52.38:128][637]LogModuleManager: Shutting down and abandoning module Networking (174)
[2019.06.12-21.52.38:128][637]LogModuleManager: Shutting down and abandoning module Core (170)
[2019.06.12-21.52.38:128][637]LogModuleManager: Shutting down and abandoning module KismetCompiler (166)
[2019.06.12-21.52.38:128][637]LogModuleManager: Shutting down and abandoning module LevelSequence (164)
[2019.06.12-21.52.38:128][637]LogModuleManager: Shutting down and abandoning module MeshUtilities (162)
[2019.06.12-21.52.38:128][637]LogModuleManager: Shutting down and abandoning module MeshMergeUtilities (161)
[2019.06.12-21.52.38:128][637]LogModuleManager: Shutting down and abandoning module MeshReductionInterface (160)
[2019.06.12-21.52.38:128][637]LogModuleManager: Shutting down and abandoning module SimplygonSwarm (159)
[2019.06.12-21.52.38:128][637]LogModuleManager: Shutting down and abandoning module SimplygonMeshReduction (157)
[2019.06.12-21.52.38:128][637]LogModuleManager: Shutting down and abandoning module QuadricMeshReduction (155)
[2019.06.12-21.52.38:128][637]LogModuleManager: Shutting down and abandoning module MaterialBaking (151)
[2019.06.12-21.52.38:128][637]LogModuleManager: Shutting down and abandoning module DirectoryWatcher (148)
[2019.06.12-21.52.38:128][637]LogModuleManager: Shutting down and abandoning module DerivedDataCache (146)
[2019.06.12-21.52.38:190][637]LogDerivedDataCache: Shutdown
[2019.06.12-21.52.38:190][637]LogModuleManager: Shutting down and abandoning module TargetPlatform (144)
[2019.06.12-21.52.38:190][637]LogModuleManager: Shutting down and abandoning module VulkanShaderFormat (143)
[2019.06.12-21.52.38:190][637]LogModuleManager: Shutting down and abandoning module ShaderFormatVectorVM (141)
[2019.06.12-21.52.38:190][637]LogModuleManager: Shutting down and abandoning module ShaderFormatOpenGL (139)
[2019.06.12-21.52.38:190][637]LogModuleManager: Shutting down and abandoning module ShaderFormatD3D (137)
[2019.06.12-21.52.38:190][637]LogModuleManager: Shutting down and abandoning module MetalShaderFormat (135)
[2019.06.12-21.52.38:190][637]LogModuleManager: Shutting down and abandoning module TextureFormatUncompressed (133)
[2019.06.12-21.52.38:190][637]LogModuleManager: Shutting down and abandoning module TextureFormatPVR (131)
[2019.06.12-21.52.38:190][637]LogModuleManager: Shutting down and abandoning module TextureFormatDXT (129)
[2019.06.12-21.52.38:190][637]LogModuleManager: Shutting down and abandoning module TextureFormatIntelISPCTexComp (127)
[2019.06.12-21.52.38:190][637]LogModuleManager: Shutting down and abandoning module TextureFormatASTC (125)
[2019.06.12-21.52.38:190][637]LogModuleManager: Shutting down and abandoning module ImageWrapper (124)
[2019.06.12-21.52.38:190][637]LogModuleManager: Shutting down and abandoning module TextureFormatAndroid (121)
[2019.06.12-21.52.38:190][637]LogModuleManager: Shutting down and abandoning module AudioFormatOpus (119)
[2019.06.12-21.52.38:190][637]LogModuleManager: Shutting down and abandoning module AudioFormatOgg (117)
[2019.06.12-21.52.38:190][637]LogModuleManager: Shutting down and abandoning module AudioFormatADPCM (115)
[2019.06.12-21.52.38:190][637]LogModuleManager: Shutting down and abandoning module LinuxTargetPlatform (113)
[2019.06.12-21.52.38:190][637]LogModuleManager: Shutting down and abandoning module LinuxServerTargetPlatform (111)
[2019.06.12-21.52.38:190][637]LogModuleManager: Shutting down and abandoning module LinuxNoEditorTargetPlatform (109)
[2019.06.12-21.52.38:190][637]LogModuleManager: Shutting down and abandoning module LinuxClientTargetPlatform (107)
[2019.06.12-21.52.38:190][637]LogModuleManager: Shutting down and abandoning module TVOSTargetPlatform (105)
[2019.06.12-21.52.38:190][637]LogModuleManager: Shutting down and abandoning module Messaging (103)
[2019.06.12-21.52.38:190][637]LogModuleManager: Shutting down and abandoning module IOSTargetPlatform (101)
[2019.06.12-21.52.38:190][637]LogModuleManager: Shutting down and abandoning module HTML5TargetPlatform (99)
[2019.06.12-21.52.38:191][637]LogModuleManager: Shutting down and abandoning module Android_PVRTCTargetPlatform (97)
[2019.06.12-21.52.38:191][637]LogModuleManager: Shutting down and abandoning module Android_MultiTargetPlatform (95)
[2019.06.12-21.52.38:191][637]LogModuleManager: Shutting down and abandoning module Android_ETC2TargetPlatform (93)
[2019.06.12-21.52.38:191][637]LogModuleManager: Shutting down and abandoning module Android_ETC1TargetPlatform (91)
[2019.06.12-21.52.38:191][637]LogModuleManager: Shutting down and abandoning module Android_DXTTargetPlatform (89)
[2019.06.12-21.52.38:191][637]LogModuleManager: Shutting down and abandoning module Android_ATCTargetPlatform (87)
[2019.06.12-21.52.38:191][637]LogModuleManager: Shutting down and abandoning module Android_ASTCTargetPlatform (85)
[2019.06.12-21.52.38:191][637]LogModuleManager: Shutting down and abandoning module AndroidTargetPlatform (83)
[2019.06.12-21.52.38:191][637]LogModuleManager: Shutting down and abandoning module WindowsTargetPlatform (81)
[2019.06.12-21.52.38:191][637]LogModuleManager: Shutting down and abandoning module WindowsServerTargetPlatform (79)
[2019.06.12-21.52.38:191][637]LogModuleManager: Shutting down and abandoning module WindowsNoEditorTargetPlatform (77)
[2019.06.12-21.52.38:191][637]LogModuleManager: Shutting down and abandoning module WindowsClientTargetPlatform (75)
[2019.06.12-21.52.38:191][637]LogModuleManager: Shutting down and abandoning module MacTargetPlatform (73)
[2019.06.12-21.52.38:191][637]LogModuleManager: Shutting down and abandoning module MacServerTargetPlatform (71)
[2019.06.12-21.52.38:191][637]LogModuleManager: Shutting down and abandoning module MacNoEditorTargetPlatform (69)
[2019.06.12-21.52.38:191][637]LogModuleManager: Shutting down and abandoning module MacClientTargetPlatform (67)
[2019.06.12-21.52.38:191][637]LogModuleManager: Shutting down and abandoning module AllDesktopTargetPlatform (65)
[2019.06.12-21.52.38:191][637]LogModuleManager: Shutting down and abandoning module InputCore (62)
[2019.06.12-21.52.38:191][637]LogModuleManager: Shutting down and abandoning module Settings (60)
[2019.06.12-21.52.38:191][637]LogModuleManager: Shutting down and abandoning module PhysXCooking (58)
[2019.06.12-21.52.38:191][637]LogModuleManager: Shutting down and abandoning module SteamVR (56)
[2019.06.12-21.52.38:191][637]LogModuleManager: Shutting down and abandoning module OculusHMD (54)
[2019.06.12-21.52.38:191][637]LogModuleManager: Shutting down and abandoning module ExampleDeviceProfileSelector (52)
[2019.06.12-21.52.38:191][637]LogModuleManager: Shutting down and abandoning module OnlineBlueprintSupport (50)
[2019.06.12-21.52.38:191][637]LogModuleManager: Shutting down and abandoning module OnlineSubsystem (46)
[2019.06.12-21.52.38:191][637]LogOnline: Display: Unloading online subsystem: NULL
[2019.06.12-21.52.38:191][637]LogModuleManager: Shutting down and abandoning module XMPP (45)
[2019.06.12-21.52.38:191][637]LogModuleManager: Shutting down and abandoning module HTTP (43)
[2019.06.12-21.52.38:191][637]LogHttp: Display: Http module shutting down, but needs to wait on 1 outstanding Http requests:
[2019.06.12-21.52.38:191][637]LogHttp: Display: 	verb=[POST] url=[https://datarouter.ol.epicgames.com/datarouter/api/v1/public/data?SessionID=%7B24895188-4451-EB14-3F55-DF8572035644%7D&AppID=UEEditor.Rocket.Release&AppVersion=4.17.2-3658906%2B%2B%2BUE4%2BRelease-4.17&UserID=799037224dbd338c21f5579e4635e58d%7C80014870ffd24abd9568300cf322012d%7C8058d487-702a-4d4d-b9ef-ee6b628ab022&AppEnvironment=datacollector-binary&UploadType=eteventstream] status=Processing
[2019.06.12-21.52.38:214][637]LogModuleManager: Shutting down and abandoning module SSL (42)
[2019.06.12-21.52.38:215][637]LogModuleManager: Shutting down and abandoning module DesktopPlatform (38)
[2019.06.12-21.52.38:215][637]LogModuleManager: Shutting down and abandoning module AnimationModifiers (36)
[2019.06.12-21.52.38:215][637]LogModuleManager: Shutting down and abandoning module PropertyEditor (35)
[2019.06.12-21.52.38:215][637]LogModuleManager: Shutting down and abandoning module AudioEditor (32)
[2019.06.12-21.52.38:215][637]LogModuleManager: Shutting down and abandoning module TextureCompressor (30)
[2019.06.12-21.52.38:215][637]LogModuleManager: Shutting down and abandoning module ShaderCore (28)
[2019.06.12-21.52.38:215][637]LogModuleManager: Shutting down and abandoning module Landscape (26)
[2019.06.12-21.52.38:215][637]LogModuleManager: Shutting down and abandoning module SlateRHIRenderer (24)
[2019.06.12-21.52.38:215][637]LogModuleManager: Shutting down and abandoning module OpenGLDrv (22)
[2019.06.12-21.52.38:215][637]LogModuleManager: Shutting down and abandoning module D3D11RHI (20)
[2019.06.12-21.52.38:215][637]LogModuleManager: Shutting down and abandoning module AnimGraphRuntime (18)
[2019.06.12-21.52.38:215][637]LogModuleManager: Shutting down and abandoning module Renderer (16)
[2019.06.12-21.52.38:215][637]LogModuleManager: Shutting down and abandoning module Engine (14)
[2019.06.12-21.52.38:215][637]LogModuleManager: Shutting down and abandoning module CoreUObject (12)
[2019.06.12-21.52.38:215][637]LogModuleManager: Shutting down and abandoning module NetworkFile (10)
[2019.06.12-21.52.38:215][637]LogModuleManager: Shutting down and abandoning module CookedIterativeFile (8)
[2019.06.12-21.52.38:215][637]LogModuleManager: Shutting down and abandoning module StreamingFile (6)
[2019.06.12-21.52.38:215][637]LogModuleManager: Shutting down and abandoning module SandboxFile (4)
[2019.06.12-21.52.38:215][637]LogModuleManager: Shutting down and abandoning module PakFile (2)
[2019.06.12-21.52.38:218][637]LogExit: Exiting.
[2019.06.12-21.52.38:225][637]Log file closed, 06/12/19 23:52:38
