Log file open, 06/10/19 22:14:56
LogWindows: Failed to load 'aqProf.dll' (GetLastError=126)
LogWindows: File 'aqProf.dll' does not exist
LogWindows: Failed to load 'VSPerf140.dll' (GetLastError=126)
LogWindows: File 'VSPerf140.dll' does not exist
LogWindows: Failed to load 'VtuneApi.dll' (GetLastError=126)
LogWindows: File 'VtuneApi.dll' does not exist
LogWindows: Failed to load 'VtuneApi32e.dll' (GetLastError=126)
LogWindows: File 'VtuneApi32e.dll' does not exist
LogInit: Display: Running engine for game: CoopGame
LogPlatformFile: Not using cached read wrapper
LogInit: Display: RandInit(531663591) SRandInit(531663591).
LogTaskGraph: Started task graph with 5 named threads and 14 total threads with 3 sets of task threads.
LogStats: Stats thread started at 0.634043
LogD3D11RHI: Aftermath initialized
LogPluginManager: Mounting plugin Paper2D
LogPluginManager: Mounting plugin LightPropagationVolume
LogPluginManager: Mounting plugin CodeLiteSourceCodeAccess
LogPluginManager: Mounting plugin GitSourceControl
LogPluginManager: Mounting plugin KDevelopSourceCodeAccess
LogPluginManager: Mounting plugin NullSourceCodeAccess
LogPluginManager: Mounting plugin PerforceSourceControl
LogPluginManager: Mounting plugin SubversionSourceControl
LogPluginManager: Mounting plugin UObjectPlugin
LogPluginManager: Mounting plugin VisualStudioSourceCodeAccess
LogPluginManager: Mounting plugin XCodeSourceCodeAccess
LogPluginManager: Mounting plugin AssetManagerEditor
LogPluginManager: Mounting plugin AudioCapture
LogPluginManager: Mounting plugin FacialAnimation
LogPluginManager: Mounting plugin GameplayTagsEditor
LogPluginManager: Mounting plugin MobileLauncherProfileWizard
LogPluginManager: Mounting plugin PluginBrowser
LogPluginManager: Mounting plugin SpeedTreeImporter
LogPluginManager: Mounting plugin AlembicImporter
LogPluginManager: Mounting plugin CharacterAI
LogPluginManager: Mounting plugin HTML5Networking
LogPluginManager: Mounting plugin AndroidMedia
LogPluginManager: Mounting plugin AvfMedia
LogPluginManager: Mounting plugin MediaPlayerEditor
LogPluginManager: Mounting plugin WmfMedia
LogPluginManager: Mounting plugin TcpMessaging
LogPluginManager: Mounting plugin UdpMessaging
LogPluginManager: Mounting plugin LevelSequenceEditor
LogPluginManager: Mounting plugin MatineeToLevelSequence
LogPluginManager: Mounting plugin OnlineSubsystemGooglePlay
LogPluginManager: Mounting plugin OnlineSubsystemIOS
LogPluginManager: Mounting plugin OnlineSubsystem
LogPluginManager: Mounting plugin OnlineSubsystemNull
LogPluginManager: Mounting plugin OnlineSubsystemUtils
LogPluginManager: Mounting plugin AndroidDeviceProfileSelector
LogPluginManager: Mounting plugin AndroidMoviePlayer
LogPluginManager: Mounting plugin AndroidPermission
LogPluginManager: Mounting plugin AppleMoviePlayer
LogPluginManager: Mounting plugin ArchVisCharacter
LogPluginManager: Mounting plugin CableComponent
LogPluginManager: Mounting plugin CustomMeshComponent
LogPluginManager: Mounting plugin ExampleDeviceProfileSelector
LogPluginManager: Mounting plugin GoogleCloudMessaging
LogPluginManager: Mounting plugin ImmediatePhysics
LogPluginManager: Mounting plugin IOSDeviceProfileSelector
LogPluginManager: Mounting plugin LinuxDeviceProfileSelector
LogPluginManager: Mounting plugin LocationServicesBPLibrary
LogPluginManager: Mounting plugin MobilePatchingUtils
LogPluginManager: Mounting plugin OculusVR
LogPluginManager: Mounting plugin PhysXVehicles
LogPluginManager: Mounting plugin ProceduralMeshComponent
LogPluginManager: Mounting plugin RuntimePhysXCooking
LogPluginManager: Mounting plugin SteamVR
LogPluginManager: Mounting plugin WindowsMoviePlayer
LogInit: Using libcurl 7.47.1
LogInit:  - built for x86_64-pc-win32
LogInit:  - supports SSL with OpenSSL/1.0.2g
LogInit:  - supports HTTP deflate (compression) using libz 1.2.8
LogInit:  - other features:
LogInit:      CURL_VERSION_SSL
LogInit:      CURL_VERSION_LIBZ
LogInit:      CURL_VERSION_IPV6
LogInit:      CURL_VERSION_ASYNCHDNS
LogInit:      CURL_VERSION_LARGEFILE
LogInit:      CURL_VERSION_IDN
LogInit:  CurlRequestOptions (configurable via config and command line):
LogInit:  - bVerifyPeer = false  - Libcurl will NOT verify peer certificate
LogInit:  - bUseHttpProxy = false  - Libcurl will NOT use HTTP proxy
LogInit:  - bDontReuseConnections = false  - Libcurl will reuse connections
LogInit:  - CertBundlePath = nullptr  - Libcurl will use whatever was configured at build time.
LogInit: Build: ++UE4+Release-4.17-CL-3658906
LogInit: Engine Version: 4.17.2-3658906+++UE4+Release-4.17
LogInit: Compatible Engine Version: 4.17.0-3573198+++UE4+Release-4.17
LogInit: Net CL: 3573198
LogDevObjectVersion: Number of dev versions registered: 16
LogDevObjectVersion:   Dev-Blueprints (B0D832E4-1F89-4F0D-ACCF-7EB736FD4AA2): 10
LogDevObjectVersion:   Dev-Build (E1C64328-A22C-4D53-A36C-8E866417BD8C): 0
LogDevObjectVersion:   Dev-Core (375EC13C-06E4-48FB-B500-84F0262A717E): 2
LogDevObjectVersion:   Dev-Editor (E4B068ED-F494-42E9-A231-DA0B2E46BB41): 20
LogDevObjectVersion:   Dev-Framework (CFFC743F-43B0-4480-9391-14DF171D2073): 28
LogDevObjectVersion:   Dev-Mobile (B02B49B5-BB20-44E9-A304-32B752E40360): 0
LogDevObjectVersion:   Dev-Networking (A4E4105C-59A1-49B5-A7C5-40C4547EDFEE): 0
LogDevObjectVersion:   Dev-Online (39C831C9-5AE6-47DC-9A44-9C173E1C8E7C): 0
LogDevObjectVersion:   Dev-Physics (78F01B33-EBEA-4F98-B9B4-84EACCB95AA2): 0
LogDevObjectVersion:   Dev-Platform (6631380F-2D4D-43E0-8009-CF276956A95A): 0
LogDevObjectVersion:   Dev-Rendering (12F88B9F-8875-4AFC-A67C-D90C383ABD29): 19
LogDevObjectVersion:   Dev-Sequencer (7B5AE74C-D270-4C10-A958-57980B212A5A): 4
LogDevObjectVersion:   Dev-VR (D7296918-1DD6-4BDD-9DE2-64A83CC13884): 0
LogDevObjectVersion:   Dev-LoadTimes (C2A15278-BFE7-4AFE-6C17-90FF531DF755): 1
LogDevObjectVersion:   Private-Geometry (6EACA3D4-40EC-4CC1-B786-8BED09428FC5): 1
LogDevObjectVersion:   Dev-AnimPhys (29E575DD-E0A3-4627-9D10-D276232CDCEA): 7
LogInit: Compiled (64-bit): Sep 22 2017 13:47:16
LogInit: Compiled with Visual C++: 19.00.24215.01
LogInit: Build Configuration: Development
LogInit: Branch Name: ++UE4+Release-4.17
LogInit: Command line:  -skipcompile
LogInit: Base directory: D:/Unreal Engine/UE_4.17/Engine/Binaries/Win64/
LogInit: Installed Engine Build: 1
LogInit: Presizing for max 8388607 objects, including 0 objects not considered by GC, pre-allocating 0 bytes for permanent pool.
LogInit: Object subsystem initialized
[2019.06.10-20.14.57:454][  0]LogInit: Selected Device Profile: [Windows]
[2019.06.10-20.14.57:454][  0]LogInit: Applying CVar settings loaded from the selected device profile: [Windows]
[2019.06.10-20.14.57:507][  0]LogInit: Computer: DESKTOP-BM310M7
[2019.06.10-20.14.57:507][  0]LogInit: User: manue
[2019.06.10-20.14.57:507][  0]LogInit: CPU Page size=4096, Cores=4
[2019.06.10-20.14.57:507][  0]LogInit: High frequency timer resolution =10.000000 MHz
[2019.06.10-20.14.57:508][  0]LogMemory: Memory total: Physical=31.9GB (32GB approx)
[2019.06.10-20.14.57:508][  0]LogMemory: Platform Memory Stats for Windows
[2019.06.10-20.14.57:508][  0]LogMemory: Process Physical Memory: 280.27 MB used, 280.27 MB peak
[2019.06.10-20.14.57:508][  0]LogMemory: Process Virtual Memory: 290.41 MB used, 290.41 MB peak
[2019.06.10-20.14.57:508][  0]LogMemory: Physical Memory: 15436.62 MB used,  17268.70 MB free, 32705.32 MB total
[2019.06.10-20.14.57:508][  0]LogMemory: Virtual Memory: 4818.82 MB used,  17268.70 MB free, 134217728.00 MB total
[2019.06.10-20.14.58:140][  0]LogInit: Using OS detected language (de-DE).
[2019.06.10-20.14.58:141][  0]LogInit: Using OS detected locale (de-CH).
[2019.06.10-20.14.58:332][  0]LogTextLocalizationManager: No localization for 'de-DE' exists, so 'en' will be used for the language.
[2019.06.10-20.14.58:332][  0]LogTextLocalizationManager: No localization for 'de-CH' exists, so 'en' will be used for the locale.
[2019.06.10-20.15.01:781][  0]LogD3D11RHI: D3D11 adapters:
[2019.06.10-20.15.01:856][  0]LogD3D11RHI:    0. 'NVIDIA GeForce GTX 1080 Ti' (Feature Level 11_0)
[2019.06.10-20.15.01:856][  0]LogD3D11RHI:       11127/0/16352 MB DedicatedVideo/DedicatedSystem/SharedSystem, Outputs:2, VendorId:0x10de
[2019.06.10-20.15.01:862][  0]LogD3D11RHI:    1. 'Microsoft Basic Render Driver' (Feature Level 11_0)
[2019.06.10-20.15.01:862][  0]LogD3D11RHI:       0/0/16352 MB DedicatedVideo/DedicatedSystem/SharedSystem, Outputs:0, VendorId:0x1414
[2019.06.10-20.15.01:862][  0]LogD3D11RHI: Chosen D3D11 Adapter: 0
[2019.06.10-20.15.01:870][  0]LogD3D11RHI: Creating new Direct3DDevice
[2019.06.10-20.15.01:884][  0]LogD3D11RHI:     GPU DeviceId: 0x1b06 (for the marketing name, search the web for "GPU Device Id")
[2019.06.10-20.15.01:884][  0]LogWindows: EnumDisplayDevices:
[2019.06.10-20.15.01:885][  0]LogWindows:    0. 'NVIDIA GeForce GTX 1080 Ti' (P:1 D:1)
[2019.06.10-20.15.01:885][  0]LogWindows:    1. 'NVIDIA GeForce GTX 1080 Ti' (P:0 D:1)
[2019.06.10-20.15.01:885][  0]LogWindows:    2. 'NVIDIA GeForce GTX 1080 Ti' (P:0 D:0)
[2019.06.10-20.15.01:885][  0]LogWindows:    3. 'NVIDIA GeForce GTX 1080 Ti' (P:0 D:0)
[2019.06.10-20.15.01:886][  0]LogWindows: DebugString: GetVideoDriverDetailsInvalid PrimaryIsNotTheChoosenAdapter GetVideoDriverDetailsInvalid PrimaryIsNotTheChoosenAdapter GetVideoDriverDetailsInvalid PrimaryIsNotTheChoosenAdapter GetVideoDriverDetailsInvalid PrimaryIsNotTheChoosenAdapter FoundDriverCount:0 
[2019.06.10-20.15.01:886][  0]LogD3D11RHI:     Adapter Name: NVIDIA GeForce GTX 1080 Ti
[2019.06.10-20.15.01:886][  0]LogD3D11RHI:   Driver Version: Unknown (internal:Unknown, unified:Unknown)
[2019.06.10-20.15.01:886][  0]LogD3D11RHI:      Driver Date: Unknown
[2019.06.10-20.15.01:886][  0]LogRHI: Texture pool is 1361 MB (70% of 1945 MB)
[2019.06.10-20.15.01:933][  0]LogD3D11RHI: Async texture creation enabled
[2019.06.10-20.15.02:026][  0]LogD3D11RHI: GPU Timing Frequency: 1000.000000 (Debug: 2 2)
[2019.06.10-20.15.02:123][  0]LogShaderCompilers: Guid format shader working directory is 11 characters bigger than the processId version (../../../../../GitHub/UE4/CoopGame/Intermediate/Shaders/WorkingDirectory/13060/).
[2019.06.10-20.15.02:123][  0]LogShaderCompilers: Cleaned the shader compiler working directory 'C:/Users/manue/AppData/Local/Temp/UnrealShaderWorkingDir/3A3B9528493757EC324D659219EBA163/'.
[2019.06.10-20.15.02:123][  0]LogShaderCompilers: Display: Using Local Shader Compiler.
[2019.06.10-20.15.03:427][  0]LogTemp: Display: Loaded TP AllDesktopTargetPlatform
[2019.06.10-20.15.03:462][  0]LogTemp: Display: Loaded TP MacClientTargetPlatform
[2019.06.10-20.15.03:559][  0]LogTemp: Display: Loaded TP MacNoEditorTargetPlatform
[2019.06.10-20.15.03:595][  0]LogTemp: Display: Loaded TP MacServerTargetPlatform
[2019.06.10-20.15.03:700][  0]LogTemp: Display: Loaded TP MacTargetPlatform
[2019.06.10-20.15.03:741][  0]LogTemp: Display: Loaded TP WindowsClientTargetPlatform
[2019.06.10-20.15.03:775][  0]LogTemp: Display: Loaded TP WindowsNoEditorTargetPlatform
[2019.06.10-20.15.03:810][  0]LogTemp: Display: Loaded TP WindowsServerTargetPlatform
[2019.06.10-20.15.03:844][  0]LogTemp: Display: Loaded TP WindowsTargetPlatform
[2019.06.10-20.15.03:958][  0]LogTemp: Display: Loaded TP AndroidTargetPlatform
[2019.06.10-20.15.03:993][  0]LogTemp: Display: Loaded TP Android_ASTCTargetPlatform
[2019.06.10-20.15.04:029][  0]LogTemp: Display: Loaded TP Android_ATCTargetPlatform
[2019.06.10-20.15.04:064][  0]LogTemp: Display: Loaded TP Android_DXTTargetPlatform
[2019.06.10-20.15.04:145][  0]LogTemp: Display: Loaded TP Android_ETC1TargetPlatform
[2019.06.10-20.15.04:180][  0]LogTemp: Display: Loaded TP Android_ETC2TargetPlatform
[2019.06.10-20.15.04:256][  0]LogTemp: Display: Loaded TP Android_MultiTargetPlatform
[2019.06.10-20.15.04:256][  0]LogTemp: Display: Loaded TP Android_PVRTCTargetPlatform
[2019.06.10-20.15.04:282][  0]LogTemp: Display: Loaded TP HTML5TargetPlatform
[2019.06.10-20.15.04:474][  0]LogTemp: Display: Loaded TP IOSTargetPlatform
[2019.06.10-20.15.04:513][  0]LogTemp: Display: Loaded TP TVOSTargetPlatform
[2019.06.10-20.15.04:568][  0]LogTemp: Display: Loaded TP LinuxClientTargetPlatform
[2019.06.10-20.15.04:625][  0]LogTemp: Display: Loaded TP LinuxNoEditorTargetPlatform
[2019.06.10-20.15.04:678][  0]LogTemp: Display: Loaded TP LinuxServerTargetPlatform
[2019.06.10-20.15.04:737][  0]LogTemp: Display: Loaded TP LinuxTargetPlatform
[2019.06.10-20.15.04:737][  0]LogTargetPlatformManager: Display: Building Assets For Windows
[2019.06.10-20.15.05:893][  0]LogDerivedDataCache: Display: Max Cache Size: 512 MB
[2019.06.10-20.15.06:679][  0]LogDerivedDataCache: Loaded boot cache 0.78s 93MB C:/Users/manue/AppData/Local/UnrealEngine/4.17/DerivedDataCache/Boot.ddc.
[2019.06.10-20.15.06:679][  0]LogDerivedDataCache: Display: Loaded Boot cache: C:/Users/manue/AppData/Local/UnrealEngine/4.17/DerivedDataCache/Boot.ddc
[2019.06.10-20.15.06:680][  0]LogDerivedDataCache: FDerivedDataBackendGraph:  Pak pak cache file ../../../../../GitHub/UE4/CoopGame/DerivedDataCache/DDC.ddp not found, will not use a pak cache.
[2019.06.10-20.15.06:680][  0]LogDerivedDataCache: Unable to find inner node Pak for hierarchical cache Hierarchy.
[2019.06.10-20.15.06:680][  0]LogDerivedDataCache: FDerivedDataBackendGraph:  CompressedPak pak cache file ../../../../../GitHub/UE4/CoopGame/DerivedDataCache/Compressed.ddp not found, will not use a pak cache.
[2019.06.10-20.15.06:680][  0]LogDerivedDataCache: Unable to find inner node CompressedPak for hierarchical cache Hierarchy.
[2019.06.10-20.15.06:725][  0]LogDerivedDataCache: Display: Pak cache opened for reading ../../../Engine/DerivedDataCache/Compressed.ddp.
[2019.06.10-20.15.06:738][  0]LogDerivedDataCache: Using Local data cache path C:/Users/manue/AppData/Local/UnrealEngine/Common/DerivedDataCache: Writable
[2019.06.10-20.15.06:746][  0]LogMaterial: Verifying Global Shaders for PCD3D_SM5
[2019.06.10-20.15.06:746][  0]LogSlate: Using Freetype 2.6.0
[2019.06.10-20.15.06:831][  0]LogSlate: SlateFontCache - WITH_FREETYPE: 1, WITH_HARFBUZZ: 1
[2019.06.10-20.15.06:831][  0]LogSlate: SlateFontCache - WITH_FREETYPE: 1, WITH_HARFBUZZ: 1
[2019.06.10-20.15.12:285][  0]LogAssetRegistry: FAssetRegistry took 0.0270 seconds to start up
[2019.06.10-20.15.12:744][  0]LogInit: Selected Device Profile: [Windows]
[2019.06.10-20.15.15:407][  0]LogContentStreaming: Texture pool size is 0.00 MB
[2019.06.10-20.15.16:364][  0]LogSimplygon: Simplygon DLL not present - disabling.
[2019.06.10-20.15.16:393][  0]LogMeshReduction: Using SimplygonSwarm for distributed automatic mesh merging
[2019.06.10-20.15.16:393][  0]LogMeshReduction: Using QuadricMeshReduction for automatic static mesh reduction
[2019.06.10-20.15.16:393][  0]LogMeshReduction: No automatic skeletal mesh reduction module available
[2019.06.10-20.15.16:393][  0]LogMeshReduction: No automatic mesh merging module available
[2019.06.10-20.15.16:393][  0]LogMeshMerging: No automatic mesh merging module available
[2019.06.10-20.15.17:427][  0]LogNetVersion: CoopGame , NetCL: 3573198, EngineNetVer: 2, GameNetVer: 0 (Checksum: 471078940)
[2019.06.10-20.15.17:966][  0]LogPackageLocalizationCache: Processed 5 localized package path(s) for 1 prioritized culture(s) in 0.037546 seconds
[2019.06.10-20.15.17:971][  0]LogUObjectArray: 35825 objects as part of root set at end of initial load.
[2019.06.10-20.15.17:971][  0]LogUObjectAllocator: 7529112 out of 0 bytes used by permanent object pool.
[2019.06.10-20.15.17:971][  0]LogUObjectArray: CloseDisregardForGC: 0/0 objects in disregard for GC pool
[2019.06.10-20.15.18:030][  0]LogInit: WinSock: version 1.1 (2.2), MaxSocks=32767, MaxUdp=65467
[2019.06.10-20.15.32:854][  0]LogTcpMessaging: Initializing TcpMessaging bridge
[2019.06.10-20.15.32:897][  0]LogUdpMessaging: Initializing bridge on interface 0.0.0.0:0 to multicast group 230.0.0.1:6666.
[2019.06.10-20.15.33:868][  0]LogMaterial: Uniform references updated for custom material expression Custom.
[2019.06.10-20.15.34:335][  0]SourceControl: Source control is disabled
[2019.06.10-20.15.34:335][  0]SourceControl: Source control is disabled
[2019.06.10-20.15.34:383][  0]SourceControl: Source control is disabled
[2019.06.10-20.15.34:446][  0]SourceControl: Source control is disabled
[2019.06.10-20.15.35:389][  0]LogAndroidPermission: UAndroidPermissionCallbackProxy::GetInstance
[2019.06.10-20.15.35:667][  0]LogOcInput: OculusInput pre-init called
[2019.06.10-20.15.36:252][  0]LogEngine: Initializing Engine...
[2019.06.10-20.15.36:272][  0]LogHMD: Failed to initialize OpenVR with code 110
[2019.06.10-20.15.36:701][  0]LogStats: UGameplayTagsManager::ConstructGameplayTagTree: Construct from data asset -  0.000 s
[2019.06.10-20.15.36:701][  0]LogStats: UGameplayTagsManager::ConstructGameplayTagTree: GameplayTagTreeChangedEvent.Broadcast -  0.000 s
[2019.06.10-20.15.36:830][  0]LogAIModule: Creating AISystem for world Untitled
[2019.06.10-20.15.36:883][  0]LogInit: XAudio2 using 'Speakers (KAVE XTD Headset)' : 6 channels at 48 kHz using 16 bits per sample (channel mask 0x3f)
[2019.06.10-20.15.36:911][  0]LogInit: FAudioDevice initialized.
[2019.06.10-20.15.37:021][  0]LogDerivedDataCache: Saved boot cache 0.11s 93MB C:/Users/manue/AppData/Local/UnrealEngine/4.17/DerivedDataCache/Boot.ddc.
[2019.06.10-20.15.37:037][  0]LogInit: Texture streaming: Enabled
[2019.06.10-20.15.37:193][  0]LogEngineSessionManager: EngineSessionManager initialized
[2019.06.10-20.15.37:611][  0]LogInit: Transaction tracking system initialized
[2019.06.10-20.15.37:936][  0]BlueprintLog: New page: Editor Load
[2019.06.10-20.15.38:963][  0]LocalizationService: Localization service is disabled
[2019.06.10-20.15.39:893][  0]LogConsoleResponse: Display: 
[2019.06.10-20.15.40:685][  0]LogCook: Display: Max memory allowance for cook 16384mb min free memory 0mb
[2019.06.10-20.15.40:685][  0]LogCook: Display: Mobile HDR setting 1
[2019.06.10-20.15.40:702][  0]LogGameplayTags: Display: UGameplayTagsManager::DoneAddingNativeTags. DelegateIsBound: 0
[2019.06.10-20.15.40:973][  0]LogFileCache: Scanning file cache for directory 'D:/GitHub/UE4/CoopGame/Content/' took 0.10s
[2019.06.10-20.15.42:261][  0]SourceControl: Source control is disabled
[2019.06.10-20.15.42:261][  0]Cmd: MAP LOAD FILE="../../../../../GitHub/UE4/CoopGame/Content/Maps/TestMap.umap" TEMPLATE=0 SHOWPROGRESS=1 FEATURELEVEL=3
[2019.06.10-20.15.42:273][  0]LightingResults: New page: Lighting Build
[2019.06.10-20.15.42:301][  0]MapCheck: New page: Map Check
[2019.06.10-20.15.42:302][  0]LightingResults: New page: Lighting Build
[2019.06.10-20.15.45:777][  0]LogAIModule: Creating AISystem for world TestMap
[2019.06.10-20.15.45:875][  0]LogEditorServer: Finished looking for orphan Actors (0.000 secs)
[2019.06.10-20.15.45:918][  0]Cmd: MAP CHECKDEP NOCLEARLOG
[2019.06.10-20.15.45:959][  0]MapCheck: Map check complete: 0 Error(s), 0 Warning(s), took 41.015ms to complete.
[2019.06.10-20.15.45:959][  0]LogFileHelpers: Loading map 'TestMap' took 3.699
[2019.06.10-20.15.46:297][  0]LogCollectionManager: Loaded 0 collections in 0.000707 seconds
[2019.06.10-20.15.46:386][  0]LogFileCache: Scanning file cache for directory 'D:/GitHub/UE4/CoopGame/Saved/Collections/' took 0.01s
[2019.06.10-20.15.46:386][  0]LogFileCache: Scanning file cache for directory 'D:/GitHub/UE4/CoopGame/Content/Developers/manue/Collections/' took 0.01s
[2019.06.10-20.15.46:386][  0]LogFileCache: Scanning file cache for directory 'D:/GitHub/UE4/CoopGame/Content/Collections/' took 0.01s
[2019.06.10-20.15.46:387][  0]LogCollectionManager: Rebuilt the GUID cache for 0 collections in 0.000001 seconds
[2019.06.10-20.15.46:395][  0]LogContentBrowser: Native class hierarchy populated in 0.0085 seconds. Added 2393 classes and 505 folders.
[2019.06.10-20.15.46:438][  0]LogContentBrowser: Native class hierarchy updated for 'WidgetCarousel' in 0.0029 seconds. Added 0 classes and 0 folders.
[2019.06.10-20.15.47:319][  0]LogContentBrowser: Native class hierarchy updated for 'AddContentDialog' in 0.0024 seconds. Added 0 classes and 0 folders.
[2019.06.10-20.15.47:371][  0]LogContentBrowser: Native class hierarchy updated for 'SceneOutliner' in 0.0025 seconds. Added 1 classes and 2 folders.
[2019.06.10-20.15.47:548][  0]LogSlate: Took 0.022338 seconds to synchronously load lazily loaded font '../../../Engine/Content/Slate/Fonts/Roboto-Regular.ttf' (155K)
[2019.06.10-20.15.47:595][  0]LogSlate: Took 0.046351 seconds to synchronously load lazily loaded font '../../../Engine/Content/Slate/Fonts/Roboto-Bold.ttf' (160K)
[2019.06.10-20.15.47:640][  0]LogSlate: Took 0.042182 seconds to synchronously load lazily loaded font '../../../Engine/Content/Editor/Slate/Fonts/FontAwesome.ttf' (139K)
[2019.06.10-20.15.48:323][  0]LogRenderer: Reallocating scene render targets to support 1208x576 Format 10 NumSamples 1 (Frame:1).
[2019.06.10-20.15.48:596][  0]LogContentBrowser: Native class hierarchy updated for 'HierarchicalLODOutliner' in 0.0024 seconds. Added 1 classes and 2 folders.
[2019.06.10-20.15.48:596][  0]LogLoad: (Engine Initialization) Total time: 55.82 seconds
[2019.06.10-20.15.48:596][  0]LogLoad: (Engine Initialization) Total Blueprint compile time: 0.00 seconds
[2019.06.10-20.15.48:596][  0]LogExternalProfiler: No external profilers were discovered.  External profiling features will not be available.
[2019.06.10-20.15.48:954][  0]LogAssetRegistry: Asset discovery search completed in 36.6929 seconds
[2019.06.10-20.15.48:956][  0]LogCollectionManager: Rebuilt the object cache for 0 collections in 0.000001 seconds (found 0 objects)
[2019.06.10-20.15.48:956][  0]LogCollectionManager: Fixed up redirectors for 0 collections in 0.000095 seconds (updated 0 objects)
[2019.06.10-20.15.48:959][  0]LogContentStreaming: Texture pool size now 1000 MB
[2019.06.10-20.15.49:964][  3]LogSlate: Took 0.025849 seconds to synchronously load lazily loaded font '../../../Engine/Content/Slate/Fonts/Roboto-Light.ttf' (159K)
[2019.06.10-20.15.56:275][252]LogTemp: Repeating last play command: Selected Viewport
[2019.06.10-20.15.56:329][252]LogPlayLevel: PlayLevel: No blueprints needed recompiling
[2019.06.10-20.15.56:330][252]PIE: New page: PIE session: TestMap (Jun 11, 2019, 12:15:56 AM)
[2019.06.10-20.15.56:330][252]LogPlayLevel: Creating play world package: /Game/Maps/UEDPIE_0_TestMap
[2019.06.10-20.15.56:332][252]LogPlayLevel: PIE: StaticDuplicateObject took: (0.002010s)
[2019.06.10-20.15.56:332][252]LogAIModule: Creating AISystem for world TestMap
[2019.06.10-20.15.56:333][252]LogPlayLevel: PIE: World Init took: (0.000706s)
[2019.06.10-20.15.56:333][252]LogPlayLevel: PIE: Created PIE world by copying editor world from /Game/Maps/TestMap.TestMap to /Game/Maps/UEDPIE_0_TestMap.TestMap (0.003071s)
[2019.06.10-20.15.56:361][252]LogInit: XAudio2 using 'Speakers (KAVE XTD Headset)' : 6 channels at 48 kHz using 16 bits per sample (channel mask 0x3f)
[2019.06.10-20.15.56:371][252]LogInit: FAudioDevice initialized.
[2019.06.10-20.15.56:415][252]LogLoad: Game class is 'BP_TestGameMode_C'
[2019.06.10-20.15.56:418][252]LogWorld: Bringing World /Game/Maps/UEDPIE_0_TestMap.TestMap up for play (max tick rate 0) at 2019.06.10-22.15.56
[2019.06.10-20.15.56:418][252]LogWorld: Bringing up level for play took: 0.001903
[2019.06.10-20.15.56:445][252]LogContentBrowser: Native class hierarchy updated for 'MovieSceneCapture' in 0.0024 seconds. Added 11 classes and 0 folders.
[2019.06.10-20.15.56:448][252]PIE: Play in editor start time for /Game/Maps/UEDPIE_0_TestMap -0.744
[2019.06.10-20.16.06:978][490]LogEditorViewport: Clicking on Actor (LMB): StaticMeshActor (Floor)
[2019.06.10-20.16.15:737][474]Cmd: DELETE
[2019.06.10-20.16.15:737][474]Cmd: ACTOR DELETE
[2019.06.10-20.16.15:776][474]LogEditorActor: Deleted Actor: Powerup_HealthRegen_C
[2019.06.10-20.16.15:784][474]LogEditorActor: Deleted 1 Actors (0.009 secs)
[2019.06.10-20.16.22:992][326]LogSlate: Took 0.000106 seconds to synchronously load lazily loaded font '../../../Engine/Content/Slate/Fonts/Roboto-Light.ttf' (159K)
[2019.06.10-20.16.25:457][605]Cmd: OBJ SAVEPACKAGE PACKAGE="/Game/Maps/TestMap" FILE="../../../../../GitHub/UE4/CoopGame/Content/Maps/TestMap.umap" SILENT=true AUTOSAVING=false KEEPDIRTY=false
[2019.06.10-20.16.25:554][605]LogSavePackage: Save=81.02ms
[2019.06.10-20.16.25:554][605]LogSavePackage: Moving '../../../../../GitHub/UE4/CoopGame/Saved/TestMap5D90026A4D25D7D97F41C2B4BDB9BC00.tmp' to '../../../../../GitHub/UE4/CoopGame/Content/Maps/TestMap.umap'
[2019.06.10-20.16.25:558][605]LogSavePackage: Display: Finished SavePackage ../../../../../GitHub/UE4/CoopGame/Content/Maps/TestMap.umap
[2019.06.10-20.16.25:596][605]Cmd: OBJ SAVEPACKAGE PACKAGE="/Game/Maps/TestMap_BuiltData" FILE="../../../../../GitHub/UE4/CoopGame/Content/Maps/TestMap_BuiltData.uasset" SILENT=true
[2019.06.10-20.16.25:634][605]LogSavePackage: Save=30.25ms
[2019.06.10-20.16.25:635][605]LogSavePackage: Moving '../../../../../GitHub/UE4/CoopGame/Saved/TestMap_BuiltDataC313F9FB478E80E478A4F898943A9B26.tmp' to '../../../../../GitHub/UE4/CoopGame/Content/Maps/TestMap_BuiltData.uasset'
[2019.06.10-20.16.25:635][605]LogFileManager: Warning: DeleteFile was unable to delete '../../../../../GitHub/UE4/CoopGame/Content/Maps/TestMap_BuiltData.uasset', retrying in .5s...
[2019.06.10-20.16.26:135][605]LogFileManager: Error: Error deleting file '../../../../../GitHub/UE4/CoopGame/Content/Maps/TestMap_BuiltData.uasset'.
[2019.06.10-20.16.26:135][605]LogSavePackage: Error: Error saving '../../../../../GitHub/UE4/CoopGame/Content/Maps/TestMap_BuiltData.uasset'
[2019.06.10-20.16.26:136][605]LogSavePackage: Display: Finished SavePackage ../../../../../GitHub/UE4/CoopGame/Content/Maps/TestMap_BuiltData.uasset
[2019.06.10-20.16.29:423][605]EditorErrors: New page: Save Output
[2019.06.10-20.16.29:423][605]EditorErrors: Warning: Error saving '../../../../../GitHub/UE4/CoopGame/Content/Maps/TestMap_BuiltData.uasset'
[2019.06.10-20.16.31:411][838]LogTemp: Repeating last play command: Selected Viewport
[2019.06.10-20.16.31:428][838]LogPlayLevel: PlayLevel: No blueprints needed recompiling
[2019.06.10-20.16.31:428][838]PIE: New page: PIE session: TestMap (Jun 11, 2019, 12:16:31 AM)
[2019.06.10-20.16.31:428][838]LogPlayLevel: Creating play world package: /Game/Maps/UEDPIE_0_TestMap
[2019.06.10-20.16.31:430][838]LogPlayLevel: PIE: StaticDuplicateObject took: (0.002250s)
[2019.06.10-20.16.31:431][838]LogAIModule: Creating AISystem for world TestMap
[2019.06.10-20.16.31:431][838]LogPlayLevel: PIE: World Init took: (0.000775s)
[2019.06.10-20.16.31:431][838]LogPlayLevel: PIE: Created PIE world by copying editor world from /Game/Maps/TestMap.TestMap to /Game/Maps/UEDPIE_0_TestMap.TestMap (0.003406s)
[2019.06.10-20.16.31:462][838]LogInit: XAudio2 using 'Speakers (KAVE XTD Headset)' : 6 channels at 48 kHz using 16 bits per sample (channel mask 0x3f)
[2019.06.10-20.16.31:471][838]LogInit: FAudioDevice initialized.
[2019.06.10-20.16.31:504][838]LogLoad: Game class is 'BP_TestGameMode_C'
[2019.06.10-20.16.31:506][838]LogWorld: Bringing World /Game/Maps/UEDPIE_0_TestMap.TestMap up for play (max tick rate 0) at 2019.06.10-22.16.31
[2019.06.10-20.16.31:507][838]LogWorld: Bringing up level for play took: 0.001663
[2019.06.10-20.16.31:509][838]PIE: Play in editor start time for /Game/Maps/UEDPIE_0_TestMap 0.318
[2019.06.10-20.16.34:745][221]LogTemp: Health Changed: 100.0 (+20.0)
[2019.06.10-20.16.35:244][279]LogTemp: Health Changed: 100.0 (+20.0)
[2019.06.10-20.16.35:744][339]LogTemp: Health Changed: 100.0 (+20.0)
[2019.06.10-20.16.37:417][510]LogWindowsTextInputMethodSystem: Display: IME system now deactivated.
[2019.06.10-20.16.37:728][511]Cmd: QUIT_EDITOR
[2019.06.10-20.16.38:197][511]LogExit: Preparing to exit.
[2019.06.10-20.16.38:726][511]LogDirectoryWatcher: A directory notification for 'D:/GitHub/UE4/CoopGame/Content/' was aborted.
[2019.06.10-20.16.38:849][511]LogExit: Editor shut down
[2019.06.10-20.16.38:851][511]LogExit: Transaction tracking system shut down
[2019.06.10-20.16.39:119][511]LogDirectoryWatcher: A directory notification for '../../../Engine/Content/' was aborted.
[2019.06.10-20.16.39:119][511]LogDirectoryWatcher: A directory notification for '../../../../../GitHub/UE4/CoopGame/Content/' was aborted.
[2019.06.10-20.16.39:119][511]LogDirectoryWatcher: A directory notification for '../../../Engine/Plugins/2D/Paper2D/Content/' was aborted.
[2019.06.10-20.16.39:119][511]LogDirectoryWatcher: A directory notification for '../../../Engine/Plugins/Runtime/Oculus/OculusVR/Content/' was aborted.
[2019.06.10-20.16.39:119][511]LogDirectoryWatcher: A directory notification for '../../../Engine/Plugins/Runtime/Steam/SteamVR/Content/' was aborted.
